#
# A fatal error has been detected by the Java Runtime Environment:
#
#  EXCEPTION_ACCESS_VIOLATION (0xc0000005) at pc=0x0000000010014ed4, pid=15436, tid=12664
#
# JRE version: Java(TM) SE Runtime Environment (10.0.2+13) (build 10.0.2+13)
# Java VM: Java HotSpot(TM) 64-Bit Server VM (10.0.2+13, mixed mode, tiered, compressed oops, g1 gc, windows-amd64)
# Problematic frame:
# C  [sigar-amd64-winnt.dll+0x14ed4]
#
# No core dump will be written. Minidumps are not enabled by default on client versions of Windows
#
# If you would like to submit a bug report, please visit:
#   http://bugreport.java.com/bugreport/crash.jsp
# The crash happened outside the Java Virtual Machine in native code.
# See problematic frame for where to report the bug.
#

---------------  S U M M A R Y ------------

Command Line: -ea -Didea.test.cyclic.buffer.size=1048576 -javaagent:D:\idea2019\IntelliJ idea 2019.3\lib\idea_rt.jar=59131:D:\idea2019\IntelliJ idea 2019.3\bin -Dfile.encoding=UTF-8 com.intellij.rt.junit.JUnitStarter -ideVersion5 -junit5 com.boot.RuntimeTest,test1

Host: Intel(R) Core(TM) i5-9300H CPU @ 2.40GHz, 8 cores, 7G,  Windows 10 , 64 bit Build 18362 (10.0.18362.1500)
Time: Sun Jun 13 14:19:57 2021 ?D1¨²¡À¨º¡Á?¨º¡À?? elapsed time: 10 seconds (0d 0h 0m 10s)

---------------  T H R E A D  ---------------

Current thread (0x000001f8eba91800):  JavaThread "main" [_thread_in_native, id=12664, stack(0x000000d601400000,0x000000d601500000)]

Stack: [0x000000d601400000,0x000000d601500000],  sp=0x000000d6014fc3a0,  free space=1008k
Native frames: (J=compiled Java code, j=interpreted, Vv=VM code, C=native code)
C  [sigar-amd64-winnt.dll+0x14ed4]

Java frames: (J=compiled Java code, j=interpreted, Vv=VM code)
j  org.hyperic.sigar.Sigar.getCpuInfoList()[Lorg/hyperic/sigar/CpuInfo;+0
j  com.boot.RuntimeTest.cpu()V+17
j  com.boot.RuntimeTest.test1()V+0
v  ~StubRoutines::call_stub
J 2928  jdk.internal.reflect.NativeMethodAccessorImpl.invoke0(Ljava/lang/reflect/Method;Ljava/lang/Object;[Ljava/lang/Object;)Ljava/lang/Object; java.base@10.0.2 (0 bytes) @ 0x000001f887c2683f [0x000001f887c267c0+0x000000000000007f]
J 2927 c1 jdk.internal.reflect.NativeMethodAccessorImpl.invoke(Ljava/lang/Object;[Ljava/lang/Object;)Ljava/lang/Object; java.base@10.0.2 (104 bytes) @ 0x000001f880b7ee44 [0x000001f880b7e240+0x0000000000000c04]
J 2720 c1 jdk.internal.reflect.DelegatingMethodAccessorImpl.invoke(Ljava/lang/Object;[Ljava/lang/Object;)Ljava/lang/Object; java.base@10.0.2 (10 bytes) @ 0x000001f880b4b45c [0x000001f880b4b360+0x00000000000000fc]
J 2709 c1 java.lang.reflect.Method.invoke(Ljava/lang/Object;[Ljava/lang/Object;)Ljava/lang/Object; java.base@10.0.2 (65 bytes) @ 0x000001f880b451cc [0x000001f880b44ea0+0x000000000000032c]
j  org.junit.platform.commons.util.ReflectionUtils.invokeMethod(Ljava/lang/reflect/Method;Ljava/lang/Object;[Ljava/lang/Object;)Ljava/lang/Object;+41
j  org.junit.jupiter.engine.execution.MethodInvocation.proceed()Ljava/lang/Object;+16
j  org.junit.jupiter.engine.execution.InvocationInterceptorChain$ValidatingInvocation.proceed()Ljava/lang/Object;+8
j  org.junit.jupiter.engine.extension.TimeoutExtension.intercept(Lorg/junit/jupiter/api/extension/InvocationInterceptor$Invocation;Lorg/junit/jupiter/api/extension/ReflectiveInvocationContext;Lorg/junit/jupiter/api/extension/ExtensionContext;Lorg/junit/jupiter/engine/extension/TimeoutDuration;Lorg/junit/jupiter/engine/extension/TimeoutExtension$TimeoutProvider;)Ljava/lang/Object;+28
j  org.junit.jupiter.engine.extension.TimeoutExtension.interceptTestableMethod(Lorg/junit/jupiter/api/extension/InvocationInterceptor$Invocation;Lorg/junit/jupiter/api/extension/ReflectiveInvocationContext;Lorg/junit/jupiter/api/extension/ExtensionContext;Lorg/junit/jupiter/engine/extension/TimeoutExtension$TimeoutProvider;)Ljava/lang/Object;+31
j  org.junit.jupiter.engine.extension.TimeoutExtension.interceptTestMethod(Lorg/junit/jupiter/api/extension/InvocationInterceptor$Invocation;Lorg/junit/jupiter/api/extension/ReflectiveInvocationContext;Lorg/junit/jupiter/api/extension/ExtensionContext;)V+9
j  org.junit.jupiter.engine.descriptor.TestMethodTestDescriptor$$Lambda$136.apply(Lorg/junit/jupiter/api/extension/InvocationInterceptor;Lorg/junit/jupiter/api/extension/InvocationInterceptor$Invocation;Lorg/junit/jupiter/api/extension/ReflectiveInvocationContext;Lorg/junit/jupiter/api/extension/ExtensionContext;)V+5
j  org.junit.jupiter.engine.execution.ExecutableInvoker$ReflectiveInterceptorCall.lambda$ofVoidMethod$0(Lorg/junit/jupiter/engine/execution/ExecutableInvoker$ReflectiveInterceptorCall$VoidMethodInterceptorCall;Lorg/junit/jupiter/api/extension/InvocationInterceptor;Lorg/junit/jupiter/api/extension/InvocationInterceptor$Invocation;Lorg/junit/jupiter/api/extension/ReflectiveInvocationContext;Lorg/junit/jupiter/api/extension/ExtensionContext;)Ljava/lang/Void;+6
j  org.junit.jupiter.engine.execution.ExecutableInvoker$ReflectiveInterceptorCall$$Lambda$137.apply(Lorg/junit/jupiter/api/extension/InvocationInterceptor;Lorg/junit/jupiter/api/extension/InvocationInterceptor$Invocation;Lorg/junit/jupiter/api/extension/ReflectiveInvocationContext;Lorg/junit/jupiter/api/extension/ExtensionContext;)Ljava/lang/Object;+9
j  org.junit.jupiter.engine.execution.ExecutableInvoker.lambda$invoke$0(Lorg/junit/jupiter/engine/execution/ExecutableInvoker$ReflectiveInterceptorCall;Lorg/junit/jupiter/api/extension/ReflectiveInvocationContext;Lorg/junit/jupiter/api/extension/ExtensionContext;Lorg/junit/jupiter/api/extension/InvocationInterceptor;Lorg/junit/jupiter/api/extension/InvocationInterceptor$Invocation;)Ljava/lang/Object;+6
j  org.junit.jupiter.engine.execution.ExecutableInvoker$$Lambda$370.apply(Lorg/junit/jupiter/api/extension/InvocationInterceptor;Lorg/junit/jupiter/api/extension/InvocationInterceptor$Invocation;)Ljava/lang/Object;+14
j  org.junit.jupiter.engine.execution.InvocationInterceptorChain$InterceptedInvocation.proceed()Ljava/lang/Object;+12
j  org.junit.jupiter.engine.execution.InvocationInterceptorChain.proceed(Lorg/junit/jupiter/api/extension/InvocationInterceptor$Invocation;)Ljava/lang/Object;+1
j  org.junit.jupiter.engine.execution.InvocationInterceptorChain.chainAndInvoke(Lorg/junit/jupiter/api/extension/InvocationInterceptor$Invocation;Lorg/junit/jupiter/engine/execution/InvocationInterceptorChain$InterceptorCall;Ljava/util/List;)Ljava/lang/Object;+24
j  org.junit.jupiter.engine.execution.InvocationInterceptorChain.invoke(Lorg/junit/jupiter/api/extension/InvocationInterceptor$Invocation;Lorg/junit/jupiter/engine/extension/ExtensionRegistry;Lorg/junit/jupiter/engine/execution/InvocationInterceptorChain$InterceptorCall;)Ljava/lang/Object;+31
j  org.junit.jupiter.engine.execution.ExecutableInvoker.invoke(Lorg/junit/jupiter/api/extension/InvocationInterceptor$Invocation;Lorg/junit/jupiter/api/extension/ReflectiveInvocationContext;Lorg/junit/jupiter/api/extension/ExtensionContext;Lorg/junit/jupiter/engine/extension/ExtensionRegistry;Lorg/junit/jupiter/engine/execution/ExecutableInvoker$ReflectiveInterceptorCall;)Ljava/lang/Object;+15
j  org.junit.jupiter.engine.execution.ExecutableInvoker.invoke(Ljava/lang/reflect/Method;Ljava/lang/Object;Lorg/junit/jupiter/api/extension/ExtensionContext;Lorg/junit/jupiter/engine/extension/ExtensionRegistry;Lorg/junit/jupiter/engine/execution/ExecutableInvoker$ReflectiveInterceptorCall;)Ljava/lang/Object;+56
j  org.junit.jupiter.engine.descriptor.TestMethodTestDescriptor.lambda$invokeTestMethod$6(Lorg/junit/jupiter/api/extension/ExtensionContext;Lorg/junit/jupiter/engine/execution/JupiterEngineExecutionContext;)V+28
j  org.junit.jupiter.engine.descriptor.TestMethodTestDescriptor$$Lambda$1510.execute()V+12
j  org.junit.platform.engine.support.hierarchical.ThrowableCollector.execute(Lorg/junit/platform/engine/support/hierarchical/ThrowableCollector$Executable;)V+1
j  org.junit.jupiter.engine.descriptor.TestMethodTestDescriptor.invokeTestMethod(Lorg/junit/jupiter/engine/execution/JupiterEngineExecutionContext;Lorg/junit/platform/engine/support/hierarchical/Node$DynamicTestExecutor;)V+21
j  org.junit.jupiter.engine.descriptor.TestMethodTestDescriptor.execute(Lorg/junit/jupiter/engine/execution/JupiterEngineExecutionContext;Lorg/junit/platform/engine/support/hierarchical/Node$DynamicTestExecutor;)Lorg/junit/jupiter/engine/execution/JupiterEngineExecutionContext;+44
j  org.junit.jupiter.engine.descriptor.TestMethodTestDescriptor.execute(Lorg/junit/platform/engine/support/hierarchical/EngineExecutionContext;Lorg/junit/platform/engine/support/hierarchical/Node$DynamicTestExecutor;)Lorg/junit/platform/engine/support/hierarchical/EngineExecutionContext;+6
j  org.junit.platform.engine.support.hierarchical.NodeTestTask.lambda$executeRecursively$5()V+79
j  org.junit.platform.engine.support.hierarchical.NodeTestTask$$Lambda$221.execute()V+4
j  org.junit.platform.engine.support.hierarchical.ThrowableCollector.execute(Lorg/junit/platform/engine/support/hierarchical/ThrowableCollector$Executable;)V+1
j  org.junit.platform.engine.support.hierarchical.NodeTestTask.lambda$executeRecursively$7(Lorg/junit/platform/engine/support/hierarchical/EngineExecutionContext;)V+15
j  org.junit.platform.engine.support.hierarchical.NodeTestTask$$Lambda$220.invoke(Lorg/junit/platform/engine/support/hierarchical/EngineExecutionContext;)V+5
j  org.junit.platform.engine.support.hierarchical.Node.around(Lorg/junit/platform/engine/support/hierarchical/EngineExecutionContext;Lorg/junit/platform/engine/support/hierarchical/Node$Invocation;)V+2
j  org.junit.platform.engine.support.hierarchical.NodeTestTask.lambda$executeRecursively$8()V+14
j  org.junit.platform.engine.support.hierarchical.NodeTestTask$$Lambda$219.execute()V+4
j  org.junit.platform.engine.support.hierarchical.ThrowableCollector.execute(Lorg/junit/platform/engine/support/hierarchical/ThrowableCollector$Executable;)V+1
j  org.junit.platform.engine.support.hierarchical.NodeTestTask.executeRecursively()V+31
j  org.junit.platform.engine.support.hierarchical.NodeTestTask.execute()V+55
j  org.junit.platform.engine.support.hierarchical.SameThreadHierarchicalTestExecutorService$$Lambda$225.accept(Ljava/lang/Object;)V+4
j  java.util.ArrayList.forEach(Ljava/util/function/Consumer;)V+46 java.base@10.0.2
j  org.junit.platform.engine.support.hierarchical.SameThreadHierarchicalTestExecutorService.invokeAll(Ljava/util/List;)V+6
j  org.junit.platform.engine.support.hierarchical.NodeTestTask.lambda$executeRecursively$5()V+116
j  org.junit.platform.engine.support.hierarchical.NodeTestTask$$Lambda$221.execute()V+4
j  org.junit.platform.engine.support.hierarchical.ThrowableCollector.execute(Lorg/junit/platform/engine/support/hierarchical/ThrowableCollector$Executable;)V+1
j  org.junit.platform.engine.support.hierarchical.NodeTestTask.lambda$executeRecursively$7(Lorg/junit/platform/engine/support/hierarchical/EngineExecutionContext;)V+15
j  org.junit.platform.engine.support.hierarchical.NodeTestTask$$Lambda$220.invoke(Lorg/junit/platform/engine/support/hierarchical/EngineExecutionContext;)V+5
j  org.junit.platform.engine.support.hierarchical.Node.around(Lorg/junit/platform/engine/support/hierarchical/EngineExecutionContext;Lorg/junit/platform/engine/support/hierarchical/Node$Invocation;)V+2
j  org.junit.platform.engine.support.hierarchical.NodeTestTask.lambda$executeRecursively$8()V+14
j  org.junit.platform.engine.support.hierarchical.NodeTestTask$$Lambda$219.execute()V+4
j  org.junit.platform.engine.support.hierarchical.ThrowableCollector.execute(Lorg/junit/platform/engine/support/hierarchical/ThrowableCollector$Executable;)V+1
j  org.junit.platform.engine.support.hierarchical.NodeTestTask.executeRecursively()V+31
j  org.junit.platform.engine.support.hierarchical.NodeTestTask.execute()V+55
j  org.junit.platform.engine.support.hierarchical.SameThreadHierarchicalTestExecutorService$$Lambda$225.accept(Ljava/lang/Object;)V+4
j  java.util.ArrayList.forEach(Ljava/util/function/Consumer;)V+46 java.base@10.0.2
j  org.junit.platform.engine.support.hierarchical.SameThreadHierarchicalTestExecutorService.invokeAll(Ljava/util/List;)V+6
j  org.junit.platform.engine.support.hierarchical.NodeTestTask.lambda$executeRecursively$5()V+116
j  org.junit.platform.engine.support.hierarchical.NodeTestTask$$Lambda$221.execute()V+4
j  org.junit.platform.engine.support.hierarchical.ThrowableCollector.execute(Lorg/junit/platform/engine/support/hierarchical/ThrowableCollector$Executable;)V+1
j  org.junit.platform.engine.support.hierarchical.NodeTestTask.lambda$executeRecursively$7(Lorg/junit/platform/engine/support/hierarchical/EngineExecutionContext;)V+15
j  org.junit.platform.engine.support.hierarchical.NodeTestTask$$Lambda$220.invoke(Lorg/junit/platform/engine/support/hierarchical/EngineExecutionContext;)V+5
j  org.junit.platform.engine.support.hierarchical.Node.around(Lorg/junit/platform/engine/support/hierarchical/EngineExecutionContext;Lorg/junit/platform/engine/support/hierarchical/Node$Invocation;)V+2
j  org.junit.platform.engine.support.hierarchical.NodeTestTask.lambda$executeRecursively$8()V+14
j  org.junit.platform.engine.support.hierarchical.NodeTestTask$$Lambda$219.execute()V+4
j  org.junit.platform.engine.support.hierarchical.ThrowableCollector.execute(Lorg/junit/platform/engine/support/hierarchical/ThrowableCollector$Executable;)V+1
j  org.junit.platform.engine.support.hierarchical.NodeTestTask.executeRecursively()V+31
j  org.junit.platform.engine.support.hierarchical.NodeTestTask.execute()V+55
j  org.junit.platform.engine.support.hierarchical.SameThreadHierarchicalTestExecutorService.submit(Lorg/junit/platform/engine/support/hierarchical/HierarchicalTestExecutorService$TestTask;)Ljava/util/concurrent/Future;+1
j  org.junit.platform.engine.support.hierarchical.HierarchicalTestExecutor.execute()Ljava/util/concurrent/Future;+74
j  org.junit.platform.engine.support.hierarchical.HierarchicalTestEngine.execute(Lorg/junit/platform/engine/ExecutionRequest;)V+31
j  org.junit.platform.launcher.core.EngineExecutionOrchestrator.execute(Lorg/junit/platform/engine/TestDescriptor;Lorg/junit/platform/engine/EngineExecutionListener;Lorg/junit/platform/engine/ConfigurationParameters;Lorg/junit/platform/engine/TestEngine;)V+24
j  org.junit.platform.launcher.core.EngineExecutionOrchestrator.execute(Lorg/junit/platform/launcher/core/LauncherDiscoveryResult;Lorg/junit/platform/engine/EngineExecutionListener;)V+86
j  org.junit.platform.launcher.core.EngineExecutionOrchestrator.lambda$execute$0(Lorg/junit/platform/launcher/core/InternalTestPlan;Lorg/junit/platform/launcher/core/LauncherDiscoveryResult;Lorg/junit/platform/launcher/TestExecutionListener;)V+18
j  org.junit.platform.launcher.core.EngineExecutionOrchestrator$$Lambda$174.accept(Ljava/lang/Object;)V+16
j  org.junit.platform.launcher.core.EngineExecutionOrchestrator.withInterceptedStreams(Lorg/junit/platform/engine/ConfigurationParameters;Lorg/junit/platform/launcher/core/TestExecutionListenerRegistry;Ljava/util/function/Consumer;)V+43
j  org.junit.platform.launcher.core.EngineExecutionOrchestrator.execute(Lorg/junit/platform/launcher/core/InternalTestPlan;[Lorg/junit/platform/launcher/TestExecutionListener;)V+35
j  org.junit.platform.launcher.core.DefaultLauncher.execute(Lorg/junit/platform/launcher/core/InternalTestPlan;[Lorg/junit/platform/launcher/TestExecutionListener;)V+6
j  org.junit.platform.launcher.core.DefaultLauncher.execute(Lorg/junit/platform/launcher/LauncherDiscoveryRequest;[Lorg/junit/platform/launcher/TestExecutionListener;)V+33
j  com.intellij.junit5.JUnit5IdeaTestRunner.startRunnerWithArgs([Ljava/lang/String;Ljava/lang/String;IZ)I+202
j  com.intellij.rt.junit.IdeaTestRunner$Repeater.startRunnerWithArgs(Lcom/intellij/rt/junit/IdeaTestRunner;[Ljava/lang/String;Ljava/util/ArrayList;Ljava/lang/String;IZ)I+22
j  com.intellij.rt.junit.JUnitStarter.prepareStreamsAndStart([Ljava/lang/String;Ljava/lang/String;Ljava/util/ArrayList;Ljava/lang/String;)I+116
j  com.intellij.rt.junit.JUnitStarter.main([Ljava/lang/String;)V+116
v  ~StubRoutines::call_stub

siginfo: EXCEPTION_ACCESS_VIOLATION (0xc0000005), reading address 0xffffffff9e2d0d88


Register to memory mapping:

RIP=0x0000000010014ed4 sigar-amd64-winnt.dll
RAX=0xffffffff9e2d0c50 is an unknown value
RBX={method} {0x000001f89b92e158} 'getCpuInfoList' '()[Lorg/hyperic/sigar/CpuInfo;' in 'org/hyperic/sigar/Sigar'
RCX=0x000001f8eba91a70 is an unknown value
RDX=0x000000d6014fc530 is pointing into the stack for thread: 0x000001f8eba91800
RSP=0x000000d6014fc3a0 is pointing into the stack for thread: 0x000001f8eba91800
RBP=0x000000d6014fc510 is pointing into the stack for thread: 0x000001f8eba91800
RSI=0x0000000040200021 is an unknown value
RDI=0x000001f88000a103 is at code_begin+2307 in an Interpreter codelet
invoke return entry points  [0x000001f880009800, 0x000001f88000a1e0]  2528 bytes
R8 =0x0000000000000032 is an unknown value
R9 =0x0000000089644c30 is an oop
org.hyperic.sigar.Sigar 
{0x0000000089644c30} - klass: 'org/hyperic/sigar/Sigar'
R10=0x0000000000000394 is an unknown value
R11=0x000000006cf96da0 jvm.dll
R12=0x0000000000000000 is an unknown value
R13=0x000001f89b92e148 is pointing into metadata
R14=0x000000d6014fc530 is pointing into the stack for thread: 0x000001f8eba91800
R15=0x000001f8eba91800 is a thread


Registers:
RAX=0xffffffff9e2d0c50, RBX=0x000001f89b92e150, RCX=0x000001f8eba91a70, RDX=0x000000d6014fc530
RSP=0x000000d6014fc3a0, RBP=0x000000d6014fc510, RSI=0x0000000040200021, RDI=0x000001f88000a103
R8 =0x0000000000000032, R9 =0x0000000089644c30, R10=0x0000000000000394, R11=0x000000006cf96da0
R12=0x0000000000000000, R13=0x000001f89b92e148, R14=0x000000d6014fc530, R15=0x000001f8eba91800
RIP=0x0000000010014ed4, EFLAGS=0x0000000000010286

Top of Stack: (sp=0x000000d6014fc3a0)
0x000000d6014fc3a0:   000001f8eba91a70 000000d6014fc530
0x000000d6014fc3b0:   000001f8eba91800 000000d6014fc530
0x000000d6014fc3c0:   ffffffff9e2d0c50 000000d6014fc510
0x000000d6014fc3d0:   000001f89b92e150 0000000010022078
0x000000d6014fc3e0:   000001f8eba91a70 000000d6014fc530
0x000000d6014fc3f0:   0000000000000000 000001f89b92e148
0x000000d6014fc400:   000001f8eba769c0 000001f89b92e150
0x000000d6014fc410:   000001f8fee533a8 000001f8eba769c0
0x000000d6014fc420:   000000d6014fc898 000000006c9446e3
0x000000d6014fc430:   000001f8eba91800 000000006c754787
0x000000d6014fc440:   000001f8eba91800 0000000000000000
0x000000d6014fc450:   000001f89b92e150 000001f8eba91800
0x000000d6014fc460:   000001f88000a103 000001f88000f160
0x000000d6014fc470:   000001f8eba91800 000001f89b92e150
0x000000d6014fc480:   0000000040200021 0000000040200021
0x000000d6014fc490:   000001f88000a103 000001f88000f317 

Instructions: (pc=0x0000000010014ed4)
0x0000000010014eb4:   7c 24 20 00 75 15 48 8d 15 df 58 04 00 48 8b 4c
0x0000000010014ec4:   24 40 e8 45 00 00 00 33 c0 eb 32 48 8b 44 24 20
0x0000000010014ed4:   83 b8 38 01 00 00 00 74 1f 48 8b 44 24 20 44 8b
0x0000000010014ee4:   80 38 01 00 00 48 8b 54 24 20 48 8b 4c 24 40 e8 



---------------  P R O C E S S  ---------------

Threads class SMR info:
_java_thread_list=0x000001f895f4fba0, length=39, elements={
0x000001f8eba91800, 0x000001f8fee58800, 0x000001f8fee61800, 0x000001f8feec4800,
0x000001f8feec5000, 0x000001f8feece000, 0x000001f8feed1000, 0x000001f8feed4000,
0x000001f8feed5800, 0x000001f8fef00000, 0x000001f8ff24c000, 0x000001f8ff22b000,
0x000001f8ff22b800, 0x000001f893a79800, 0x000001f892442800, 0x000001f8955ec800,
0x000001f893139800, 0x000001f893305800, 0x000001f892d80000, 0x000001f895698800,
0x000001f890090000, 0x000001f89735d000, 0x000001f89735b800, 0x000001f89735c000,
0x000001f89735a800, 0x000001f89735d800, 0x000001f895dac800, 0x000001f895dab000,
0x000001f895dac000, 0x000001f895dae800, 0x000001f895da9000, 0x000001f895daa800,
0x000001f895da8000, 0x000001f895dad800, 0x000001f895daf000, 0x000001f895db0800,
0x000001f895db0000, 0x000001f895da9800, 0x000001f895db1800
}

Java Threads: ( => current thread )
=>0x000001f8eba91800 JavaThread "main" [_thread_in_native, id=12664, stack(0x000000d601400000,0x000000d601500000)]
  0x000001f8fee58800 JavaThread "Reference Handler" daemon [_thread_blocked, id=1456, stack(0x000000d602a00000,0x000000d602b00000)]
  0x000001f8fee61800 JavaThread "Finalizer" daemon [_thread_blocked, id=20700, stack(0x000000d602b00000,0x000000d602c00000)]
  0x000001f8feec4800 JavaThread "Signal Dispatcher" daemon [_thread_blocked, id=17432, stack(0x000000d602c00000,0x000000d602d00000)]
  0x000001f8feec5000 JavaThread "Attach Listener" daemon [_thread_blocked, id=4352, stack(0x000000d602d00000,0x000000d602e00000)]
  0x000001f8feece000 JavaThread "C2 CompilerThread0" daemon [_thread_in_native, id=8664, stack(0x000000d602e00000,0x000000d602f00000)]
  0x000001f8feed1000 JavaThread "C2 CompilerThread1" daemon [_thread_blocked, id=22408, stack(0x000000d602f00000,0x000000d603000000)]
  0x000001f8feed4000 JavaThread "C2 CompilerThread2" daemon [_thread_in_native, id=22504, stack(0x000000d603000000,0x000000d603100000)]
  0x000001f8feed5800 JavaThread "C1 CompilerThread3" daemon [_thread_blocked, id=548, stack(0x000000d603100000,0x000000d603200000)]
  0x000001f8fef00000 JavaThread "Sweeper thread" daemon [_thread_blocked, id=11228, stack(0x000000d603200000,0x000000d603300000)]
  0x000001f8ff24c000 JavaThread "Common-Cleaner" daemon [_thread_blocked, id=7076, stack(0x000000d603300000,0x000000d603400000)]
  0x000001f8ff22b000 JavaThread "Monitor Ctrl-Break" daemon [_thread_in_native, id=23840, stack(0x000000d603400000,0x000000d603500000)]
  0x000001f8ff22b800 JavaThread "Service Thread" daemon [_thread_blocked, id=5196, stack(0x000000d603500000,0x000000d603600000)]
  0x000001f893a79800 JavaThread "lettuce-timer-3-1" daemon [_thread_blocked, id=4232, stack(0x000000d603700000,0x000000d603800000)]
  0x000001f892442800 JavaThread "mysql-cj-abandoned-connection-cleanup" daemon [_thread_blocked, id=11840, stack(0x000000d603800000,0x000000d603900000)]
  0x000001f8955ec800 JavaThread "Druid-ConnectionPool-Create-445174164" daemon [_thread_blocked, id=17984, stack(0x000000d603900000,0x000000d603a00000)]
  0x000001f893139800 JavaThread "Druid-ConnectionPool-Destroy-445174164" daemon [_thread_blocked, id=15208, stack(0x000000d603a00000,0x000000d603b00000)]
  0x000001f893305800 JavaThread "lettuce-nioEventLoop-4-1" daemon [_thread_in_native, id=17596, stack(0x000000d603b00000,0x000000d603c00000)]
  0x000001f892d80000 JavaThread "lettuce-eventExecutorLoop-1-1" daemon [_thread_blocked, id=19736, stack(0x000000d603d00000,0x000000d603e00000)]
  0x000001f895698800 JavaThread "lettuce-eventExecutorLoop-1-2" daemon [_thread_blocked, id=9052, stack(0x000000d603e00000,0x000000d603f00000)]
  0x000001f890090000 JavaThread "lettuce-eventExecutorLoop-1-3" daemon [_thread_blocked, id=22100, stack(0x000000d603f00000,0x000000d604000000)]
  0x000001f89735d000 JavaThread "lettuce-eventExecutorLoop-1-4" daemon [_thread_blocked, id=8200, stack(0x000000d604000000,0x000000d604100000)]
  0x000001f89735b800 JavaThread "lettuce-eventExecutorLoop-1-5" daemon [_thread_blocked, id=15496, stack(0x000000d604100000,0x000000d604200000)]
  0x000001f89735c000 JavaThread "lettuce-eventExecutorLoop-1-6" daemon [_thread_blocked, id=10256, stack(0x000000d604200000,0x000000d604300000)]
  0x000001f89735a800 JavaThread "lettuce-eventExecutorLoop-1-7" daemon [_thread_blocked, id=21424, stack(0x000000d604300000,0x000000d604400000)]
  0x000001f89735d800 JavaThread "lettuce-eventExecutorLoop-1-8" daemon [_thread_blocked, id=7868, stack(0x000000d604400000,0x000000d604500000)]
  0x000001f895dac800 JavaThread "pool-2-thread-1" [_thread_in_native, id=12900, stack(0x000000d604500000,0x000000d604600000)]
  0x000001f895dab000 JavaThread "I/O dispatcher 1" [_thread_in_native, id=22352, stack(0x000000d604600000,0x000000d604700000)]
  0x000001f895dac000 JavaThread "I/O dispatcher 2" [_thread_in_native, id=17740, stack(0x000000d604700000,0x000000d604800000)]
  0x000001f895dae800 JavaThread "I/O dispatcher 3" [_thread_in_native, id=22392, stack(0x000000d604800000,0x000000d604900000)]
  0x000001f895da9000 JavaThread "I/O dispatcher 4" [_thread_in_native, id=10788, stack(0x000000d604900000,0x000000d604a00000)]
  0x000001f895daa800 JavaThread "I/O dispatcher 5" [_thread_in_native, id=12668, stack(0x000000d604a00000,0x000000d604b00000)]
  0x000001f895da8000 JavaThread "I/O dispatcher 6" [_thread_in_native, id=19168, stack(0x000000d604b00000,0x000000d604c00000)]
  0x000001f895dad800 JavaThread "I/O dispatcher 7" [_thread_in_native, id=21000, stack(0x000000d604c00000,0x000000d604d00000)]
  0x000001f895daf000 JavaThread "I/O dispatcher 8" [_thread_in_native, id=21044, stack(0x000000d604d00000,0x000000d604e00000)]
  0x000001f895db0800 JavaThread "AMQP Connection 127.0.0.1:5672" [_thread_in_native, id=17180, stack(0x000000d604e00000,0x000000d604f00000)]
  0x000001f895db0000 JavaThread "pool-1-thread-2" [_thread_blocked, id=17744, stack(0x000000d604f00000,0x000000d605000000)]
  0x000001f895da9800 JavaThread "org.springframework.amqp.rabbit.RabbitListenerEndpointContainer#0-1" [_thread_blocked, id=1524, stack(0x000000d605000000,0x000000d605100000)]
  0x000001f895db1800 JavaThread "pool-1-thread-3" [_thread_blocked, id=2240, stack(0x000000d605100000,0x000000d605200000)]

Other Threads:
  0x000001f8fbdce000 VMThread "VM Thread" [stack: 0x000000d602900000,0x000000d602a00000] [id=15668]
  0x000001f8ff4e2800 WatcherThread [stack: 0x000000d603600000,0x000000d603700000] [id=4644]
  0x000001f8ebaab800 GCTaskThread "GC Thread#0" [stack: 0x000000d601500000,0x000000d601600000] [id=7672]
  0x000001f8ebaac800 GCTaskThread "GC Thread#1" [stack: 0x000000d601600000,0x000000d601700000] [id=22664]
  0x000001f8ebaae000 GCTaskThread "GC Thread#2" [stack: 0x000000d601700000,0x000000d601800000] [id=24432]
  0x000001f8ebab1800 GCTaskThread "GC Thread#3" [stack: 0x000000d601800000,0x000000d601900000] [id=20216]
  0x000001f8ebab3800 GCTaskThread "GC Thread#4" [stack: 0x000000d601900000,0x000000d601a00000] [id=12376]
  0x000001f8ebab7800 GCTaskThread "GC Thread#5" [stack: 0x000000d601a00000,0x000000d601b00000] [id=21276]
  0x000001f8ebab9800 GCTaskThread "GC Thread#6" [stack: 0x000000d601b00000,0x000000d601c00000] [id=24284]
  0x000001f8ebac0800 GCTaskThread "GC Thread#7" [stack: 0x000000d601c00000,0x000000d601d00000] [id=22672]
  0x000001f8ebb32000 ConcurrentGCThread "G1 Main Marker" [stack: 0x000000d601d00000,0x000000d601e00000] [id=9048]
  0x000001f8ebb34800 ConcurrentGCThread "G1 Conc#0" [stack: 0x000000d601e00000,0x000000d601f00000] [id=7408]
  0x000001f8ebb35800 ConcurrentGCThread "G1 Conc#1" [stack: 0x000000d601f00000,0x000000d602000000] [id=5080]
  0x000001f8fbc51800 ConcurrentGCThread "G1 Refine#0" [stack: 0x000000d602000000,0x000000d602100000] [id=15384]
  0x000001f8fbc52000 ConcurrentGCThread "G1 Refine#1" [stack: 0x000000d602100000,0x000000d602200000] [id=23108]
  0x000001f8fbc53000 ConcurrentGCThread "G1 Refine#2" [stack: 0x000000d602200000,0x000000d602300000] [id=16672]
  0x000001f8fbc53800 ConcurrentGCThread "G1 Refine#3" [stack: 0x000000d602300000,0x000000d602400000] [id=6232]
  0x000001f8fbc56800 ConcurrentGCThread "G1 Refine#4" [stack: 0x000000d602400000,0x000000d602500000] [id=13152]
  0x000001f8fbc61000 ConcurrentGCThread "G1 Refine#5" [stack: 0x000000d602500000,0x000000d602600000] [id=8624]
  0x000001f8fbc65800 ConcurrentGCThread "G1 Refine#6" [stack: 0x000000d602600000,0x000000d602700000] [id=22732]
  0x000001f8fbc66800 ConcurrentGCThread "G1 Refine#7" [stack: 0x000000d602700000,0x000000d602800000] [id=20472]
  0x000001f8fbc67000 ConcurrentGCThread "G1 Young RemSet Sampling" [stack: 0x000000d602800000,0x000000d602900000] [id=13720]

Threads with active compile tasks:
C2 CompilerThread07967   !   4       jdk.internal.loader.BuiltinClassLoader::defineOrCheckPackage (93 bytes)
C2 CompilerThread27968       4       jdk.internal.loader.ClassLoaders$AppClassLoader::defineOrCheckPackage (8 bytes)

VM state:not at safepoint (normal execution)

VM Mutex/Monitor currently owned by a thread: None

Heap address: 0x0000000082600000, size: 2010 MB, Compressed Oops mode: 32-bit
Narrow klass base: 0x0000000000000000, Narrow klass shift: 3
Compressed class space size: 1073741824 Address: 0x0000000100000000

Heap:
 garbage-first heap   total 187392K, used 127179K [0x0000000082600000, 0x0000000100000000)
  region size 1024K, 80 young (81920K), 9 survivors (9216K)
 Metaspace       used 85467K, capacity 87569K, committed 88012K, reserved 1126400K
  class space    used 10325K, capacity 11191K, committed 11212K, reserved 1048576K
Heap Regions: E=young(eden), S=young(survivor), O=old, HS=humongous(starts), HC=humongous(continues), CS=collection set, F=free, A=archive, TS=gc time stamp, AC=allocation context, TAMS=top-at-mark-start (previous, next)
|   0|0x0000000082600000, 0x0000000082700000, 0x0000000082700000|100%|HS|  |TS  0|AC  0|TAMS 0x0000000082700000, 0x0000000082700000|
|   1|0x0000000082700000, 0x0000000082800000, 0x0000000082800000|100%| O|  |TS  0|AC  0|TAMS 0x0000000082800000, 0x0000000082800000|
|   2|0x0000000082800000, 0x0000000082900000, 0x0000000082900000|100%| O|  |TS  0|AC  0|TAMS 0x0000000082900000, 0x0000000082900000|
|   3|0x0000000082900000, 0x0000000082a00000, 0x0000000082a00000|100%| O|  |TS  0|AC  0|TAMS 0x0000000082a00000, 0x0000000082a00000|
|   4|0x0000000082a00000, 0x0000000082b00000, 0x0000000082b00000|100%| O|  |TS  0|AC  0|TAMS 0x0000000082b00000, 0x0000000082b00000|
|   5|0x0000000082b00000, 0x0000000082c00000, 0x0000000082c00000|100%| O|  |TS  0|AC  0|TAMS 0x0000000082c00000, 0x0000000082c00000|
|   6|0x0000000082c00000, 0x0000000082d00000, 0x0000000082d00000|100%| O|  |TS  0|AC  0|TAMS 0x0000000082d00000, 0x0000000082d00000|
|   7|0x0000000082d00000, 0x0000000082e00000, 0x0000000082e00000|100%| O|  |TS  0|AC  0|TAMS 0x0000000082e00000, 0x0000000082e00000|
|   8|0x0000000082e00000, 0x0000000082f00000, 0x0000000082f00000|100%| O|  |TS  0|AC  0|TAMS 0x0000000082f00000, 0x0000000082f00000|
|   9|0x0000000082f00000, 0x0000000083000000, 0x0000000083000000|100%| O|  |TS  0|AC  0|TAMS 0x0000000083000000, 0x0000000083000000|
|  10|0x0000000083000000, 0x0000000083100000, 0x0000000083100000|100%| O|  |TS  0|AC  0|TAMS 0x0000000083100000, 0x0000000083100000|
|  11|0x0000000083100000, 0x0000000083200000, 0x0000000083200000|100%| O|  |TS  0|AC  0|TAMS 0x0000000083200000, 0x0000000083200000|
|  12|0x0000000083200000, 0x0000000083300000, 0x0000000083300000|100%| O|  |TS  0|AC  0|TAMS 0x0000000083300000, 0x0000000083300000|
|  13|0x0000000083300000, 0x0000000083400000, 0x0000000083400000|100%| O|  |TS  0|AC  0|TAMS 0x0000000083400000, 0x0000000083400000|
|  14|0x0000000083400000, 0x0000000083500000, 0x0000000083500000|100%| O|  |TS  0|AC  0|TAMS 0x0000000083500000, 0x0000000083500000|
|  15|0x0000000083500000, 0x0000000083600000, 0x0000000083600000|100%| O|  |TS  0|AC  0|TAMS 0x0000000083600000, 0x0000000083600000|
|  16|0x0000000083600000, 0x0000000083700000, 0x0000000083700000|100%| O|  |TS  0|AC  0|TAMS 0x0000000083700000, 0x0000000083700000|
|  17|0x0000000083700000, 0x0000000083800000, 0x0000000083800000|100%| O|  |TS  0|AC  0|TAMS 0x0000000083800000, 0x0000000083800000|
|  18|0x0000000083800000, 0x0000000083900000, 0x0000000083900000|100%| O|  |TS  0|AC  0|TAMS 0x0000000083900000, 0x0000000083900000|
|  19|0x0000000083900000, 0x0000000083a00000, 0x0000000083a00000|100%| O|  |TS  0|AC  0|TAMS 0x0000000083a00000, 0x0000000083a00000|
|  20|0x0000000083a00000, 0x0000000083b00000, 0x0000000083b00000|100%| O|  |TS  0|AC  0|TAMS 0x0000000083b00000, 0x0000000083b00000|
|  21|0x0000000083b00000, 0x0000000083c00000, 0x0000000083c00000|100%| O|  |TS  1|AC  0|TAMS 0x0000000083b8c800, 0x0000000083b8c800|
|  22|0x0000000083c00000, 0x0000000083d00000, 0x0000000083d00000|100%| O|  |TS  1|AC  0|TAMS 0x0000000083c00000, 0x0000000083c00000|
|  23|0x0000000083d00000, 0x0000000083e00000, 0x0000000083e00000|100%| O|  |TS  1|AC  0|TAMS 0x0000000083d00000, 0x0000000083d00000|
|  24|0x0000000083e00000, 0x0000000083f00000, 0x0000000083f00000|100%| O|  |TS  1|AC  0|TAMS 0x0000000083e00000, 0x0000000083e00000|
|  25|0x0000000083f00000, 0x0000000084000000, 0x0000000084000000|100%| O|  |TS  2|AC  0|TAMS 0x0000000083f00000, 0x0000000083f00000|
|  26|0x0000000084000000, 0x0000000084100000, 0x0000000084100000|100%| O|  |TS  2|AC  0|TAMS 0x0000000084000000, 0x0000000084000000|
|  27|0x0000000084100000, 0x0000000084200000, 0x0000000084200000|100%| O|  |TS  2|AC  0|TAMS 0x0000000084100000, 0x0000000084100000|
|  28|0x0000000084200000, 0x0000000084300000, 0x0000000084300000|100%| O|  |TS  2|AC  0|TAMS 0x0000000084200000, 0x0000000084200000|
|  29|0x0000000084300000, 0x0000000084400000, 0x0000000084400000|100%| O|  |TS  3|AC  0|TAMS 0x0000000084300000, 0x0000000084300000|
|  30|0x0000000084400000, 0x0000000084500000, 0x0000000084500000|100%| O|  |TS  3|AC  0|TAMS 0x0000000084400000, 0x0000000084400000|
|  31|0x0000000084500000, 0x0000000084600000, 0x0000000084600000|100%| O|  |TS  3|AC  0|TAMS 0x0000000084500000, 0x0000000084500000|
|  32|0x0000000084600000, 0x0000000084700000, 0x0000000084700000|100%| O|  |TS  3|AC  0|TAMS 0x0000000084600000, 0x0000000084600000|
|  33|0x0000000084700000, 0x0000000084800000, 0x0000000084800000|100%| O|  |TS  3|AC  0|TAMS 0x0000000084700000, 0x0000000084700000|
|  34|0x0000000084800000, 0x0000000084900000, 0x0000000084900000|100%| O|  |TS  3|AC  0|TAMS 0x0000000084800000, 0x0000000084800000|
|  35|0x0000000084900000, 0x0000000084a00000, 0x0000000084a00000|100%| O|  |TS  4|AC  0|TAMS 0x0000000084900000, 0x0000000084900000|
|  36|0x0000000084a00000, 0x0000000084b00000, 0x0000000084b00000|100%| O|  |TS  4|AC  0|TAMS 0x0000000084a00000, 0x0000000084a00000|
|  37|0x0000000084b00000, 0x0000000084c00000, 0x0000000084c00000|100%| O|  |TS  4|AC  0|TAMS 0x0000000084b00000, 0x0000000084b00000|
|  38|0x0000000084c00000, 0x0000000084d00000, 0x0000000084d00000|100%| O|  |TS  4|AC  0|TAMS 0x0000000084c00000, 0x0000000084c00000|
|  39|0x0000000084d00000, 0x0000000084e00000, 0x0000000084e00000|100%| O|  |TS  4|AC  0|TAMS 0x0000000084d00000, 0x0000000084d00000|
|  40|0x0000000084e00000, 0x0000000084f00000, 0x0000000084f00000|100%| O|  |TS  5|AC  0|TAMS 0x0000000084e00000, 0x0000000084e00000|
|  41|0x0000000084f00000, 0x0000000085000000, 0x0000000085000000|100%| O|  |TS  5|AC  0|TAMS 0x0000000084f00000, 0x0000000084f00000|
|  42|0x0000000085000000, 0x0000000085100000, 0x0000000085100000|100%| O|  |TS  5|AC  0|TAMS 0x0000000085000000, 0x0000000085000000|
|  43|0x0000000085100000, 0x0000000085200000, 0x0000000085200000|100%| O|  |TS  5|AC  0|TAMS 0x0000000085100000, 0x0000000085100000|
|  44|0x0000000085200000, 0x0000000085300000, 0x0000000085300000|100%| O|  |TS  5|AC  0|TAMS 0x0000000085200000, 0x0000000085200000|
|  45|0x0000000085300000, 0x00000000853f3600, 0x0000000085400000| 95%| O|  |TS  5|AC  0|TAMS 0x0000000085300000, 0x0000000085300000|
|  46|0x0000000085400000, 0x0000000085400000, 0x0000000085500000|  0%| F|  |TS  0|AC  0|TAMS 0x0000000085400000, 0x0000000085400000|
|  47|0x0000000085500000, 0x0000000085500000, 0x0000000085600000|  0%| F|  |TS  0|AC  0|TAMS 0x0000000085500000, 0x0000000085500000|
|  48|0x0000000085600000, 0x0000000085600000, 0x0000000085700000|  0%| F|  |TS  0|AC  0|TAMS 0x0000000085600000, 0x0000000085600000|
|  49|0x0000000085700000, 0x0000000085700000, 0x0000000085800000|  0%| F|  |TS  0|AC  0|TAMS 0x0000000085700000, 0x0000000085700000|
|  50|0x0000000085800000, 0x0000000085800000, 0x0000000085900000|  0%| F|  |TS  3|AC  0|TAMS 0x0000000085800000, 0x0000000085800000|
|  51|0x0000000085900000, 0x0000000085900000, 0x0000000085a00000|  0%| F|  |TS  2|AC  0|TAMS 0x0000000085900000, 0x0000000085900000|
|  52|0x0000000085a00000, 0x0000000085a00000, 0x0000000085b00000|  0%| F|  |TS  2|AC  0|TAMS 0x0000000085a00000, 0x0000000085a00000|
|  53|0x0000000085b00000, 0x0000000085b00000, 0x0000000085c00000|  0%| F|  |TS  2|AC  0|TAMS 0x0000000085b00000, 0x0000000085b00000|
|  54|0x0000000085c00000, 0x0000000085c00000, 0x0000000085d00000|  0%| F|  |TS  2|AC  0|TAMS 0x0000000085c00000, 0x0000000085c00000|
|  55|0x0000000085d00000, 0x0000000085d00000, 0x0000000085e00000|  0%| F|  |TS  2|AC  0|TAMS 0x0000000085d00000, 0x0000000085d00000|
|  56|0x0000000085e00000, 0x0000000085e00000, 0x0000000085f00000|  0%| F|  |TS  2|AC  0|TAMS 0x0000000085e00000, 0x0000000085e00000|
|  57|0x0000000085f00000, 0x0000000085f00000, 0x0000000086000000|  0%| F|  |TS  2|AC  0|TAMS 0x0000000085f00000, 0x0000000085f00000|
|  58|0x0000000086000000, 0x0000000086000000, 0x0000000086100000|  0%| F|  |TS  2|AC  0|TAMS 0x0000000086000000, 0x0000000086000000|
|  59|0x0000000086100000, 0x0000000086100000, 0x0000000086200000|  0%| F|  |TS  2|AC  0|TAMS 0x0000000086100000, 0x0000000086100000|
|  60|0x0000000086200000, 0x0000000086200000, 0x0000000086300000|  0%| F|  |TS  2|AC  0|TAMS 0x0000000086200000, 0x0000000086200000|
|  61|0x0000000086300000, 0x0000000086300000, 0x0000000086400000|  0%| F|  |TS  3|AC  0|TAMS 0x0000000086300000, 0x0000000086300000|
|  62|0x0000000086400000, 0x0000000086400000, 0x0000000086500000|  0%| F|  |TS  3|AC  0|TAMS 0x0000000086400000, 0x0000000086400000|
|  63|0x0000000086500000, 0x0000000086500000, 0x0000000086600000|  0%| F|  |TS  3|AC  0|TAMS 0x0000000086500000, 0x0000000086500000|
|  64|0x0000000086600000, 0x0000000086600000, 0x0000000086700000|  0%| F|  |TS  5|AC  0|TAMS 0x0000000086600000, 0x0000000086600000|
|  65|0x0000000086700000, 0x0000000086700000, 0x0000000086800000|  0%| F|  |TS  5|AC  0|TAMS 0x0000000086700000, 0x0000000086700000|
|  66|0x0000000086800000, 0x0000000086800000, 0x0000000086900000|  0%| F|  |TS  5|AC  0|TAMS 0x0000000086800000, 0x0000000086800000|
|  67|0x0000000086900000, 0x0000000086900000, 0x0000000086a00000|  0%| F|  |TS  5|AC  0|TAMS 0x0000000086900000, 0x0000000086900000|
|  68|0x0000000086a00000, 0x0000000086a00000, 0x0000000086b00000|  0%| F|  |TS  5|AC  0|TAMS 0x0000000086a00000, 0x0000000086a00000|
|  69|0x0000000086b00000, 0x0000000086b00000, 0x0000000086c00000|  0%| F|  |TS  5|AC  0|TAMS 0x0000000086b00000, 0x0000000086b00000|
|  70|0x0000000086c00000, 0x0000000086c00000, 0x0000000086d00000|  0%| F|  |TS  5|AC  0|TAMS 0x0000000086c00000, 0x0000000086c00000|
|  71|0x0000000086d00000, 0x0000000086d00000, 0x0000000086e00000|  0%| F|  |TS  5|AC  0|TAMS 0x0000000086d00000, 0x0000000086d00000|
|  72|0x0000000086e00000, 0x0000000086e00000, 0x0000000086f00000|  0%| F|  |TS  5|AC  0|TAMS 0x0000000086e00000, 0x0000000086e00000|
|  73|0x0000000086f00000, 0x0000000086f00000, 0x0000000087000000|  0%| F|  |TS  5|AC  0|TAMS 0x0000000086f00000, 0x0000000086f00000|
|  74|0x0000000087000000, 0x0000000087000000, 0x0000000087100000|  0%| F|  |TS  4|AC  0|TAMS 0x0000000087000000, 0x0000000087000000|
|  75|0x0000000087100000, 0x0000000087100000, 0x0000000087200000|  0%| F|  |TS  4|AC  0|TAMS 0x0000000087100000, 0x0000000087100000|
|  76|0x0000000087200000, 0x0000000087200000, 0x0000000087300000|  0%| F|  |TS  4|AC  0|TAMS 0x0000000087200000, 0x0000000087200000|
|  77|0x0000000087300000, 0x0000000087300000, 0x0000000087400000|  0%| F|  |TS  4|AC  0|TAMS 0x0000000087300000, 0x0000000087300000|
|  78|0x0000000087400000, 0x000000008743f730, 0x0000000087500000| 24%| S|CS|TS  5|AC  0|TAMS 0x0000000087400000, 0x0000000087400000|
|  79|0x0000000087500000, 0x0000000087600000, 0x0000000087600000|100%| S|CS|TS  5|AC  0|TAMS 0x0000000087500000, 0x0000000087500000|
|  80|0x0000000087600000, 0x0000000087700000, 0x0000000087700000|100%| S|CS|TS  5|AC  0|TAMS 0x0000000087600000, 0x0000000087600000|
|  81|0x0000000087700000, 0x0000000087800000, 0x0000000087800000|100%| S|CS|TS  5|AC  0|TAMS 0x0000000087700000, 0x0000000087700000|
|  82|0x0000000087800000, 0x0000000087900000, 0x0000000087900000|100%| S|CS|TS  5|AC  0|TAMS 0x0000000087800000, 0x0000000087800000|
|  83|0x0000000087900000, 0x0000000087a00000, 0x0000000087a00000|100%| S|CS|TS  5|AC  0|TAMS 0x0000000087900000, 0x0000000087900000|
|  84|0x0000000087a00000, 0x0000000087b00000, 0x0000000087b00000|100%| S|CS|TS  5|AC  0|TAMS 0x0000000087a00000, 0x0000000087a00000|
|  85|0x0000000087b00000, 0x0000000087b00000, 0x0000000087c00000|  0%| F|  |TS  5|AC  0|TAMS 0x0000000087b00000, 0x0000000087b00000|
|  86|0x0000000087c00000, 0x0000000087d00000, 0x0000000087d00000|100%| S|CS|TS  5|AC  0|TAMS 0x0000000087c00000, 0x0000000087c00000|
|  87|0x0000000087d00000, 0x0000000087e00000, 0x0000000087e00000|100%| S|CS|TS  5|AC  0|TAMS 0x0000000087d00000, 0x0000000087d00000|
|  88|0x0000000087e00000, 0x0000000087e00000, 0x0000000087f00000|  0%| F|  |TS  5|AC  0|TAMS 0x0000000087e00000, 0x0000000087e00000|
|  89|0x0000000087f00000, 0x0000000087f00000, 0x0000000088000000|  0%| F|  |TS  5|AC  0|TAMS 0x0000000087f00000, 0x0000000087f00000|
|  90|0x0000000088000000, 0x0000000088000000, 0x0000000088100000|  0%| F|  |TS  5|AC  0|TAMS 0x0000000088000000, 0x0000000088000000|
|  91|0x0000000088100000, 0x0000000088100000, 0x0000000088200000|  0%| F|  |TS  5|AC  0|TAMS 0x0000000088100000, 0x0000000088100000|
|  92|0x0000000088200000, 0x0000000088200000, 0x0000000088300000|  0%| F|  |TS  5|AC  0|TAMS 0x0000000088200000, 0x0000000088200000|
|  93|0x0000000088300000, 0x0000000088300000, 0x0000000088400000|  0%| F|  |TS  5|AC  0|TAMS 0x0000000088300000, 0x0000000088300000|
|  94|0x0000000088400000, 0x0000000088400000, 0x0000000088500000|  0%| F|  |TS  5|AC  0|TAMS 0x0000000088400000, 0x0000000088400000|
|  95|0x0000000088500000, 0x0000000088500000, 0x0000000088600000|  0%| F|  |TS  5|AC  0|TAMS 0x0000000088500000, 0x0000000088500000|
|  96|0x0000000088600000, 0x0000000088600000, 0x0000000088700000|  0%| F|  |TS  5|AC  0|TAMS 0x0000000088600000, 0x0000000088600000|
|  97|0x0000000088700000, 0x0000000088700000, 0x0000000088800000|  0%| F|  |TS  5|AC  0|TAMS 0x0000000088700000, 0x0000000088700000|
|  98|0x0000000088800000, 0x0000000088800000, 0x0000000088900000|  0%| F|  |TS  5|AC  0|TAMS 0x0000000088800000, 0x0000000088800000|
|  99|0x0000000088900000, 0x0000000088900000, 0x0000000088a00000|  0%| F|  |TS  5|AC  0|TAMS 0x0000000088900000, 0x0000000088900000|
| 100|0x0000000088a00000, 0x0000000088a00000, 0x0000000088b00000|  0%| F|  |TS  5|AC  0|TAMS 0x0000000088a00000, 0x0000000088a00000|
| 101|0x0000000088b00000, 0x0000000088b00000, 0x0000000088c00000|  0%| F|  |TS  5|AC  0|TAMS 0x0000000088b00000, 0x0000000088b00000|
| 102|0x0000000088c00000, 0x0000000088c00000, 0x0000000088d00000|  0%| F|  |TS  5|AC  0|TAMS 0x0000000088c00000, 0x0000000088c00000|
| 103|0x0000000088d00000, 0x0000000088d00000, 0x0000000088e00000|  0%| F|  |TS  5|AC  0|TAMS 0x0000000088d00000, 0x0000000088d00000|
| 104|0x0000000088e00000, 0x0000000088e00000, 0x0000000088f00000|  0%| F|  |TS  5|AC  0|TAMS 0x0000000088e00000, 0x0000000088e00000|
| 105|0x0000000088f00000, 0x0000000088f00000, 0x0000000089000000|  0%| F|  |TS  5|AC  0|TAMS 0x0000000088f00000, 0x0000000088f00000|
| 106|0x0000000089000000, 0x0000000089000000, 0x0000000089100000|  0%| F|  |TS  5|AC  0|TAMS 0x0000000089000000, 0x0000000089000000|
| 107|0x0000000089100000, 0x0000000089100000, 0x0000000089200000|  0%| F|  |TS  5|AC  0|TAMS 0x0000000089100000, 0x0000000089100000|
| 108|0x0000000089200000, 0x0000000089200000, 0x0000000089300000|  0%| F|  |TS  5|AC  0|TAMS 0x0000000089200000, 0x0000000089200000|
| 109|0x0000000089300000, 0x0000000089300000, 0x0000000089400000|  0%| F|  |TS  5|AC  0|TAMS 0x0000000089300000, 0x0000000089300000|
| 110|0x0000000089400000, 0x0000000089400000, 0x0000000089500000|  0%| F|  |TS  5|AC  0|TAMS 0x0000000089400000, 0x0000000089400000|
| 111|0x0000000089500000, 0x0000000089500000, 0x0000000089600000|  0%| F|  |TS  5|AC  0|TAMS 0x0000000089500000, 0x0000000089500000|
| 112|0x0000000089600000, 0x0000000089680800, 0x0000000089700000| 50%| E|  |TS  5|AC  0|TAMS 0x0000000089600000, 0x0000000089600000|
| 113|0x0000000089700000, 0x0000000089800000, 0x0000000089800000|100%| E|CS|TS  5|AC  0|TAMS 0x0000000089700000, 0x0000000089700000|
| 114|0x0000000089800000, 0x0000000089900000, 0x0000000089900000|100%| E|CS|TS  5|AC  0|TAMS 0x0000000089800000, 0x0000000089800000|
| 115|0x0000000089900000, 0x0000000089a00000, 0x0000000089a00000|100%| E|CS|TS  5|AC  0|TAMS 0x0000000089900000, 0x0000000089900000|
| 116|0x0000000089a00000, 0x0000000089b00000, 0x0000000089b00000|100%| E|CS|TS  5|AC  0|TAMS 0x0000000089a00000, 0x0000000089a00000|
| 117|0x0000000089b00000, 0x0000000089c00000, 0x0000000089c00000|100%| E|CS|TS  5|AC  0|TAMS 0x0000000089b00000, 0x0000000089b00000|
| 118|0x0000000089c00000, 0x0000000089d00000, 0x0000000089d00000|100%| E|CS|TS  5|AC  0|TAMS 0x0000000089c00000, 0x0000000089c00000|
| 119|0x0000000089d00000, 0x0000000089e00000, 0x0000000089e00000|100%| E|CS|TS  5|AC  0|TAMS 0x0000000089d00000, 0x0000000089d00000|
| 120|0x0000000089e00000, 0x0000000089f00000, 0x0000000089f00000|100%| E|CS|TS  5|AC  0|TAMS 0x0000000089e00000, 0x0000000089e00000|
| 121|0x0000000089f00000, 0x000000008a000000, 0x000000008a000000|100%| E|CS|TS  5|AC  0|TAMS 0x0000000089f00000, 0x0000000089f00000|
| 122|0x000000008a000000, 0x000000008a100000, 0x000000008a100000|100%| E|CS|TS  5|AC  0|TAMS 0x000000008a000000, 0x000000008a000000|
| 123|0x000000008a100000, 0x000000008a200000, 0x000000008a200000|100%| E|CS|TS  5|AC  0|TAMS 0x000000008a100000, 0x000000008a100000|
| 124|0x000000008a200000, 0x000000008a300000, 0x000000008a300000|100%| E|CS|TS  5|AC  0|TAMS 0x000000008a200000, 0x000000008a200000|
| 125|0x000000008a300000, 0x000000008a400000, 0x000000008a400000|100%| E|CS|TS  5|AC  0|TAMS 0x000000008a300000, 0x000000008a300000|
| 126|0x000000008a400000, 0x000000008a500000, 0x000000008a500000|100%| E|CS|TS  5|AC  0|TAMS 0x000000008a400000, 0x000000008a400000|
| 127|0x000000008a500000, 0x000000008a600000, 0x000000008a600000|100%| E|CS|TS  5|AC  0|TAMS 0x000000008a500000, 0x000000008a500000|
| 128|0x000000008a600000, 0x000000008a700000, 0x000000008a700000|100%| E|CS|TS  5|AC  0|TAMS 0x000000008a600000, 0x000000008a600000|
| 129|0x000000008a700000, 0x000000008a800000, 0x000000008a800000|100%| E|CS|TS  5|AC  0|TAMS 0x000000008a700000, 0x000000008a700000|
| 130|0x000000008a800000, 0x000000008a900000, 0x000000008a900000|100%| E|CS|TS  5|AC  0|TAMS 0x000000008a800000, 0x000000008a800000|
| 131|0x000000008a900000, 0x000000008aa00000, 0x000000008aa00000|100%| E|CS|TS  5|AC  0|TAMS 0x000000008a900000, 0x000000008a900000|
| 132|0x000000008aa00000, 0x000000008ab00000, 0x000000008ab00000|100%| E|CS|TS  5|AC  0|TAMS 0x000000008aa00000, 0x000000008aa00000|
| 133|0x000000008ab00000, 0x000000008ac00000, 0x000000008ac00000|100%| E|CS|TS  5|AC  0|TAMS 0x000000008ab00000, 0x000000008ab00000|
| 134|0x000000008ac00000, 0x000000008ad00000, 0x000000008ad00000|100%| E|CS|TS  5|AC  0|TAMS 0x000000008ac00000, 0x000000008ac00000|
| 135|0x000000008ad00000, 0x000000008ae00000, 0x000000008ae00000|100%| E|CS|TS  5|AC  0|TAMS 0x000000008ad00000, 0x000000008ad00000|
| 136|0x000000008ae00000, 0x000000008af00000, 0x000000008af00000|100%| E|CS|TS  5|AC  0|TAMS 0x000000008ae00000, 0x000000008ae00000|
| 137|0x000000008af00000, 0x000000008b000000, 0x000000008b000000|100%| E|CS|TS  5|AC  0|TAMS 0x000000008af00000, 0x000000008af00000|
| 138|0x000000008b000000, 0x000000008b100000, 0x000000008b100000|100%| E|CS|TS  5|AC  0|TAMS 0x000000008b000000, 0x000000008b000000|
| 139|0x000000008b100000, 0x000000008b200000, 0x000000008b200000|100%| E|CS|TS  5|AC  0|TAMS 0x000000008b100000, 0x000000008b100000|
| 140|0x000000008b200000, 0x000000008b300000, 0x000000008b300000|100%| E|CS|TS  5|AC  0|TAMS 0x000000008b200000, 0x000000008b200000|
| 141|0x000000008b300000, 0x000000008b400000, 0x000000008b400000|100%| E|CS|TS  5|AC  0|TAMS 0x000000008b300000, 0x000000008b300000|
| 142|0x000000008b400000, 0x000000008b500000, 0x000000008b500000|100%| E|CS|TS  5|AC  0|TAMS 0x000000008b400000, 0x000000008b400000|
| 143|0x000000008b500000, 0x000000008b600000, 0x000000008b600000|100%| E|CS|TS  5|AC  0|TAMS 0x000000008b500000, 0x000000008b500000|
| 144|0x000000008b600000, 0x000000008b700000, 0x000000008b700000|100%| E|CS|TS  5|AC  0|TAMS 0x000000008b600000, 0x000000008b600000|
| 145|0x000000008b700000, 0x000000008b800000, 0x000000008b800000|100%| E|CS|TS  5|AC  0|TAMS 0x000000008b700000, 0x000000008b700000|
| 146|0x000000008b800000, 0x000000008b900000, 0x000000008b900000|100%| E|CS|TS  5|AC  0|TAMS 0x000000008b800000, 0x000000008b800000|
| 147|0x000000008b900000, 0x000000008ba00000, 0x000000008ba00000|100%| E|CS|TS  5|AC  0|TAMS 0x000000008b900000, 0x000000008b900000|
| 148|0x000000008ba00000, 0x000000008bb00000, 0x000000008bb00000|100%| E|CS|TS  5|AC  0|TAMS 0x000000008ba00000, 0x000000008ba00000|
| 149|0x000000008bb00000, 0x000000008bc00000, 0x000000008bc00000|100%| E|CS|TS  5|AC  0|TAMS 0x000000008bb00000, 0x000000008bb00000|
| 150|0x000000008bc00000, 0x000000008bd00000, 0x000000008bd00000|100%| E|CS|TS  5|AC  0|TAMS 0x000000008bc00000, 0x000000008bc00000|
| 151|0x000000008bd00000, 0x000000008be00000, 0x000000008be00000|100%| E|CS|TS  5|AC  0|TAMS 0x000000008bd00000, 0x000000008bd00000|
| 152|0x000000008be00000, 0x000000008bf00000, 0x000000008bf00000|100%| E|CS|TS  5|AC  0|TAMS 0x000000008be00000, 0x000000008be00000|
| 153|0x000000008bf00000, 0x000000008c000000, 0x000000008c000000|100%| E|CS|TS  5|AC  0|TAMS 0x000000008bf00000, 0x000000008bf00000|
| 154|0x000000008c000000, 0x000000008c100000, 0x000000008c100000|100%| E|CS|TS  5|AC  0|TAMS 0x000000008c000000, 0x000000008c000000|
| 155|0x000000008c100000, 0x000000008c200000, 0x000000008c200000|100%| E|CS|TS  5|AC  0|TAMS 0x000000008c100000, 0x000000008c100000|
| 156|0x000000008c200000, 0x000000008c300000, 0x000000008c300000|100%| E|CS|TS  5|AC  0|TAMS 0x000000008c200000, 0x000000008c200000|
| 157|0x000000008c300000, 0x000000008c400000, 0x000000008c400000|100%| E|CS|TS  5|AC  0|TAMS 0x000000008c300000, 0x000000008c300000|
| 158|0x000000008c400000, 0x000000008c500000, 0x000000008c500000|100%| E|CS|TS  5|AC  0|TAMS 0x000000008c400000, 0x000000008c400000|
| 159|0x000000008c500000, 0x000000008c600000, 0x000000008c600000|100%| E|CS|TS  5|AC  0|TAMS 0x000000008c500000, 0x000000008c500000|
| 160|0x000000008c600000, 0x000000008c700000, 0x000000008c700000|100%| E|CS|TS  5|AC  0|TAMS 0x000000008c600000, 0x000000008c600000|
| 161|0x000000008c700000, 0x000000008c800000, 0x000000008c800000|100%| E|CS|TS  5|AC  0|TAMS 0x000000008c700000, 0x000000008c700000|
| 162|0x000000008c800000, 0x000000008c900000, 0x000000008c900000|100%| E|CS|TS  5|AC  0|TAMS 0x000000008c800000, 0x000000008c800000|
| 163|0x000000008c900000, 0x000000008ca00000, 0x000000008ca00000|100%| E|CS|TS  5|AC  0|TAMS 0x000000008c900000, 0x000000008c900000|
| 164|0x000000008ca00000, 0x000000008cb00000, 0x000000008cb00000|100%| E|CS|TS  5|AC  0|TAMS 0x000000008ca00000, 0x000000008ca00000|
| 165|0x000000008cb00000, 0x000000008cc00000, 0x000000008cc00000|100%| E|CS|TS  5|AC  0|TAMS 0x000000008cb00000, 0x000000008cb00000|
| 166|0x000000008cc00000, 0x000000008cd00000, 0x000000008cd00000|100%| E|CS|TS  5|AC  0|TAMS 0x000000008cc00000, 0x000000008cc00000|
| 167|0x000000008cd00000, 0x000000008ce00000, 0x000000008ce00000|100%| E|CS|TS  5|AC  0|TAMS 0x000000008cd00000, 0x000000008cd00000|
| 168|0x000000008ce00000, 0x000000008cf00000, 0x000000008cf00000|100%| E|CS|TS  5|AC  0|TAMS 0x000000008ce00000, 0x000000008ce00000|
| 169|0x000000008cf00000, 0x000000008d000000, 0x000000008d000000|100%| E|CS|TS  5|AC  0|TAMS 0x000000008cf00000, 0x000000008cf00000|
| 170|0x000000008d000000, 0x000000008d100000, 0x000000008d100000|100%| E|CS|TS  5|AC  0|TAMS 0x000000008d000000, 0x000000008d000000|
| 171|0x000000008d100000, 0x000000008d200000, 0x000000008d200000|100%| E|CS|TS  5|AC  0|TAMS 0x000000008d100000, 0x000000008d100000|
| 172|0x000000008d200000, 0x000000008d300000, 0x000000008d300000|100%| E|CS|TS  5|AC  0|TAMS 0x000000008d200000, 0x000000008d200000|
| 173|0x000000008d300000, 0x000000008d400000, 0x000000008d400000|100%| E|CS|TS  5|AC  0|TAMS 0x000000008d300000, 0x000000008d300000|
| 174|0x000000008d400000, 0x000000008d500000, 0x000000008d500000|100%| E|CS|TS  5|AC  0|TAMS 0x000000008d400000, 0x000000008d400000|
| 175|0x000000008d500000, 0x000000008d600000, 0x000000008d600000|100%| E|CS|TS  5|AC  0|TAMS 0x000000008d500000, 0x000000008d500000|
| 176|0x000000008d600000, 0x000000008d700000, 0x000000008d700000|100%| E|CS|TS  5|AC  0|TAMS 0x000000008d600000, 0x000000008d600000|
| 177|0x000000008d700000, 0x000000008d800000, 0x000000008d800000|100%| E|CS|TS  5|AC  0|TAMS 0x000000008d700000, 0x000000008d700000|
| 178|0x000000008d800000, 0x000000008d900000, 0x000000008d900000|100%| E|CS|TS  5|AC  0|TAMS 0x000000008d800000, 0x000000008d800000|
| 179|0x000000008d900000, 0x000000008da00000, 0x000000008da00000|100%| E|CS|TS  5|AC  0|TAMS 0x000000008d900000, 0x000000008d900000|
| 180|0x000000008da00000, 0x000000008db00000, 0x000000008db00000|100%| E|CS|TS  5|AC  0|TAMS 0x000000008da00000, 0x000000008da00000|
| 181|0x000000008db00000, 0x000000008dc00000, 0x000000008dc00000|100%| E|CS|TS  5|AC  0|TAMS 0x000000008db00000, 0x000000008db00000|
| 182|0x000000008dc00000, 0x000000008dd00000, 0x000000008dd00000|100%| E|CS|TS  5|AC  0|TAMS 0x000000008dc00000, 0x000000008dc00000|

Card table byte_map: [0x000001f8f7510000,0x000001f8f7900000] byte_map_base: 0x000001f8f70fd000

Marking Bits (Prev, Next): (CMBitMap*) 0x000001f8ebb31268, (CMBitMap*) 0x000001f8ebb31230
 Prev Bits: [0x000001f8f9c60000, 0x000001f8fbbc8000)
 Next Bits: [0x000001f8f7cf0000, 0x000001f8f9c58000)

Polling page: 0x000001f8e9590000

CodeHeap 'non-profiled nmethods': size=120000Kb used=5624Kb max_used=5624Kb free=114375Kb
 bounds [0x000001f887ad0000, 0x000001f888050000, 0x000001f88f000000]
CodeHeap 'profiled nmethods': size=120000Kb used=18357Kb max_used=18357Kb free=101642Kb
 bounds [0x000001f8805a0000, 0x000001f8817a0000, 0x000001f887ad0000]
CodeHeap 'non-nmethods': size=5760Kb used=1274Kb max_used=1357Kb free=4485Kb
 bounds [0x000001f880000000, 0x000001f880270000, 0x000001f8805a0000]
 total_blobs=10571 nmethods=7618 adapters=576
 compilation: enabled

Compilation events (10 events):
Event: 10.414 Thread 0x000001f8feed1000 nmethod 8054 0x000001f88804ce90 code [0x000001f88804d060, 0x000001f88804d598]
Event: 10.414 Thread 0x000001f8feed1000 8058       4       org.springframework.beans.factory.support.AbstractBeanDefinition::isSingleton (30 bytes)
Event: 10.415 Thread 0x000001f8feed5800 nmethod 8061 0x000001f881793010 code [0x000001f8817931e0, 0x000001f8817934f8]
Event: 10.415 Thread 0x000001f8feed5800 8062       3       org.mockito.internal.MockitoCore::mockingDetails (9 bytes)
Event: 10.415 Thread 0x000001f8feed5800 nmethod 8062 0x000001f881793610 code [0x000001f8817937e0, 0x000001f881793ab8]
Event: 10.416 Thread 0x000001f8feed1000 nmethod 8058 0x000001f88804d990 code [0x000001f88804db20, 0x000001f88804ddb8]
Event: 10.416 Thread 0x000001f8feed1000 8055       4       java.lang.String::access$200 (5 bytes)
Event: 10.416 Thread 0x000001f8feed1000 nmethod 8055 0x000001f88804de10 code [0x000001f88804dfa0, 0x000001f88804dff8]
Event: 10.418 Thread 0x000001f8feed5800 8064       3       java.nio.CharBuffer::array (35 bytes)
Event: 10.418 Thread 0x000001f8feed5800 nmethod 8064 0x000001f881793b90 code [0x000001f881793d80, 0x000001f8817940e0]

GC Heap History (10 events):
Event: 7.102 GC heap before
{Heap before GC invocations=11 (full 0):
 garbage-first heap   total 155648K, used 114834K [0x0000000082600000, 0x0000000100000000)
  region size 1024K, 91 young (93184K), 9 survivors (9216K)
 Metaspace       used 69441K, capacity 71079K, committed 71628K, reserved 1112064K
  class space    used 8086K, capacity 8803K, committed 8908K, reserved 1048576K
}
Event: 7.111 GC heap after
{Heap after GC invocations=12 (full 0):
 garbage-first heap   total 155648K, used 36707K [0x0000000082600000, 0x0000000100000000)
  region size 1024K, 10 young (10240K), 10 survivors (10240K)
 Metaspace       used 69441K, capacity 71079K, committed 71628K, reserved 1112064K
  class space    used 8086K, capacity 8803K, committed 8908K, reserved 1048576K
}
Event: 7.806 GC heap before
{Heap before GC invocations=12 (full 0):
 garbage-first heap   total 155648K, used 119651K [0x0000000082600000, 0x0000000100000000)
  region size 1024K, 91 young (93184K), 10 survivors (10240K)
 Metaspace       used 72755K, capacity 74556K, committed 75084K, reserved 1116160K
  class space    used 8470K, capacity 9207K, committed 9292K, reserved 1048576K
}
Event: 7.817 GC heap after
{Heap after GC invocations=13 (full 0):
 garbage-first heap   total 187392K, used 41274K [0x0000000082600000, 0x0000000100000000)
  region size 1024K, 11 young (11264K), 11 survivors (11264K)
 Metaspace       used 72755K, capacity 74556K, committed 75084K, reserved 1116160K
  class space    used 8470K, capacity 9207K, committed 9292K, reserved 1048576K
}
Event: 8.446 GC heap before
{Heap before GC invocations=13 (full 0):
 garbage-first heap   total 187392K, used 141626K [0x0000000082600000, 0x0000000100000000)
  region size 1024K, 109 young (111616K), 11 survivors (11264K)
 Metaspace       used 75334K, capacity 77310K, committed 77772K, reserved 1118208K
  class space    used 8849K, capacity 9651K, committed 9676K, reserved 1048576K
}
Event: 8.461 GC heap after
{Heap after GC invocations=14 (full 0):
 garbage-first heap   total 187392K, used 47052K [0x0000000082600000, 0x0000000100000000)
  region size 1024K, 11 young (11264K), 11 survivors (11264K)
 Metaspace       used 75334K, capacity 77310K, committed 77772K, reserved 1118208K
  class space    used 8849K, capacity 9651K, committed 9676K, reserved 1048576K
}
Event: 9.291 GC heap before
{Heap before GC invocations=14 (full 0):
 garbage-first heap   total 187392K, used 146380K [0x0000000082600000, 0x0000000100000000)
  region size 1024K, 108 young (110592K), 11 survivors (11264K)
 Metaspace       used 80162K, capacity 82184K, committed 82636K, reserved 1122304K
  class space    used 9492K, capacity 10340K, committed 10444K, reserved 1048576K
}
Event: 9.303 GC heap after
{Heap after GC invocations=15 (full 0):
 garbage-first heap   total 187392K, used 52295K [0x0000000082600000, 0x0000000100000000)
  region size 1024K, 11 young (11264K), 11 survivors (11264K)
 Metaspace       used 80162K, capacity 82184K, committed 82636K, reserved 1122304K
  class space    used 9492K, capacity 10340K, committed 10444K, reserved 1048576K
}
Event: 9.780 GC heap before
{Heap before GC invocations=15 (full 0):
 garbage-first heap   total 187392K, used 149575K [0x0000000082600000, 0x0000000100000000)
  region size 1024K, 106 young (108544K), 11 survivors (11264K)
 Metaspace       used 80482K, capacity 82460K, committed 83148K, reserved 1122304K
  class space    used 9503K, capacity 10343K, committed 10444K, reserved 1048576K
}
Event: 9.789 GC heap after
{Heap after GC invocations=16 (full 0):
 garbage-first heap   total 187392K, used 55499K [0x0000000082600000, 0x0000000100000000)
  region size 1024K, 9 young (9216K), 9 survivors (9216K)
 Metaspace       used 80482K, capacity 82460K, committed 83148K, reserved 1122304K
  class space    used 9503K, capacity 10343K, committed 10444K, reserved 1048576K
}

Deoptimization events (10 events):
Event: 9.941 Thread 0x000001f8eba91800 Uncommon trap: reason=class_check action=maybe_recompile pc=0x000001f887ecd680 method=java.io.DataOutputStream.writeInt(I)V @ 12 c2
Event: 9.942 Thread 0x000001f8eba91800 Uncommon trap: reason=bimorphic_or_optimized_type_check action=maybe_recompile pc=0x000001f887b7c674 method=java.io.DataOutputStream.writeByte(I)V @ 5 c2
Event: 9.942 Thread 0x000001f8eba91800 Uncommon trap: reason=bimorphic_or_optimized_type_check action=maybe_recompile pc=0x000001f887b7dee8 method=java.io.DataOutputStream.writeShort(I)V @ 12 c2
Event: 9.942 Thread 0x000001f8eba91800 Uncommon trap: reason=class_check action=maybe_recompile pc=0x000001f887ecd680 method=java.io.DataOutputStream.writeInt(I)V @ 12 c2
Event: 9.970 Thread 0x000001f8eba91800 Uncommon trap: reason=bimorphic_or_optimized_type_check action=maybe_recompile pc=0x000001f887b7c674 method=java.io.DataOutputStream.writeByte(I)V @ 5 c2
Event: 9.970 Thread 0x000001f8eba91800 Uncommon trap: reason=bimorphic_or_optimized_type_check action=maybe_recompile pc=0x000001f887b7dee8 method=java.io.DataOutputStream.writeShort(I)V @ 12 c2
Event: 9.970 Thread 0x000001f8eba91800 Uncommon trap: reason=class_check action=maybe_recompile pc=0x000001f887ecd680 method=java.io.DataOutputStream.writeInt(I)V @ 12 c2
Event: 10.067 Thread 0x000001f8eba91800 Uncommon trap: reason=unstable_if action=reinterpret pc=0x000001f887fd9cf4 method=java.util.LinkedHashMap.get(Ljava/lang/Object;)Ljava/lang/Object; @ 20 c2
Event: 10.076 Thread 0x000001f8eba91800 Uncommon trap: reason=unstable_if action=reinterpret pc=0x000001f887f3dc1c method=org.springframework.transaction.interceptor.AbstractFallbackTransactionAttributeSource.computeTransactionAttribute(Ljava/lang/reflect/Method;Ljava/lang/Class;)Lorg/springfra
Event: 10.098 Thread 0x000001f8eba91800 Uncommon trap: reason=unstable_if action=reinterpret pc=0x000001f887ecb174 method=jdk.internal.reflect.Reflection.verifyMemberAccess(Ljava/lang/Class;Ljava/lang/Class;Ljava/lang/Class;I)Z @ 33 c2

Classes redefined (0 events):
No events

Internal exceptions (10 events):
Event: 9.721 Thread 0x000001f8eba91800 Exception <a 'java/lang/ClassNotFoundException'{0x0000000088cfd138}: com/boot/pojo/userBeanInfo> (0x0000000088cfd138) thrown at [t:/workspace/open/src/hotspot/share/classfile/systemDictionary.cpp, line 233]
Event: 9.721 Thread 0x000001f8eba91800 Exception <a 'java/lang/ClassNotFoundException'{0x0000000088b0fb88}: com/boot/pojo/userCustomizer> (0x0000000088b0fb88) thrown at [t:/workspace/open/src/hotspot/share/classfile/systemDictionary.cpp, line 233]
Event: 9.722 Thread 0x000001f8eba91800 Exception <a 'java/lang/ClassNotFoundException'{0x0000000088b35f20}: com/boot/pojo/user_authorityBeanInfo> (0x0000000088b35f20) thrown at [t:/workspace/open/src/hotspot/share/classfile/systemDictionary.cpp, line 233]
Event: 9.723 Thread 0x000001f8eba91800 Exception <a 'java/lang/ClassNotFoundException'{0x0000000088b4a6c8}: com/boot/pojo/user_authorityCustomizer> (0x0000000088b4a6c8) thrown at [t:/workspace/open/src/hotspot/share/classfile/systemDictionary.cpp, line 233]
Event: 9.723 Thread 0x000001f8eba91800 Exception <a 'java/lang/ClassNotFoundException'{0x0000000088b65a98}: com/boot/pojo/userDetailBeanInfo> (0x0000000088b65a98) thrown at [t:/workspace/open/src/hotspot/share/classfile/systemDictionary.cpp, line 233]
Event: 9.724 Thread 0x000001f8eba91800 Exception <a 'java/lang/ClassNotFoundException'{0x0000000088b79250}: com/boot/pojo/userDetailCustomizer> (0x0000000088b79250) thrown at [t:/workspace/open/src/hotspot/share/classfile/systemDictionary.cpp, line 233]
Event: 10.068 Thread 0x000001f8eba91800 Exception <a 'java/lang/ClassNotFoundException'{0x000000008c35ede0}: java/lang/ObjectCustomizer> (0x000000008c35ede0) thrown at [t:/workspace/open/src/hotspot/share/classfile/systemDictionary.cpp, line 233]
Event: 10.068 Thread 0x000001f8eba91800 Exception <a 'java/lang/ClassNotFoundException'{0x000000008c3743d0}: com/boot/RuntimeTestCustomizer> (0x000000008c3743d0) thrown at [t:/workspace/open/src/hotspot/share/classfile/systemDictionary.cpp, line 233]
Event: 10.078 Thread 0x000001f8eba91800 Exception <a 'java/lang/NoSuchMethodError'{0x000000008c201478}: method resolution failed> (0x000000008c201478) thrown at [t:/workspace/open/src/hotspot/share/prims/methodHandles.cpp, line 1226]
Event: 10.350 Thread 0x000001f8eba91800 Exception <a 'java/lang/ClassNotFoundException'{0x000000008a0ac508}: java/lang/ClassLoader$ByteBuddyAccessor$LCgafkae> (0x000000008a0ac508) thrown at [t:/workspace/open/src/hotspot/share/classfile/systemDictionary.cpp, line 233]

Events (10 events):
Event: 10.420 loading class org/hyperic/sigar/NfsUnreachableException
Event: 10.420 loading class org/hyperic/sigar/NfsUnreachableException done
Event: 10.420 loading class org/hyperic/sigar/SigarLoader
Event: 10.420 loading class org/hyperic/sigar/SigarLoader done
Event: 10.420 loading class org/hyperic/jni/ArchLoader
Event: 10.420 loading class org/hyperic/jni/ArchLoader done
Event: 10.421 loading class org/hyperic/jni/ArchName
Event: 10.421 loading class org/hyperic/jni/ArchName done
Event: 10.425 loading class org/hyperic/sigar/CpuInfo
Event: 10.425 loading class org/hyperic/sigar/CpuInfo done


Dynamic libraries:
0x00007ff6b4550000 - 0x00007ff6b458e000 	C:\Program Files\Java\jdk-10.0.2\bin\java.exe
0x00007ffdfd880000 - 0x00007ffdfda70000 	C:\Windows\SYSTEM32\ntdll.dll
0x00007ffdfbfe0000 - 0x00007ffdfc092000 	C:\Windows\System32\KERNEL32.DLL
0x00007ffdfa9c0000 - 0x00007ffdfac65000 	C:\Windows\System32\KERNELBASE.dll
0x00007ffdfccc0000 - 0x00007ffdfcd63000 	C:\Windows\System32\ADVAPI32.dll
0x00007ffdfcc20000 - 0x00007ffdfccbe000 	C:\Windows\System32\msvcrt.dll
0x00007ffdfd440000 - 0x00007ffdfd4d7000 	C:\Windows\System32\sechost.dll
0x00007ffdfcd70000 - 0x00007ffdfce8f000 	C:\Windows\System32\RPCRT4.dll
0x00007ffdfb930000 - 0x00007ffdfbac4000 	C:\Windows\System32\USER32.dll
0x00007ffdfa890000 - 0x00007ffdfa8b1000 	C:\Windows\System32\win32u.dll
0x00007ffdfbed0000 - 0x00007ffdfbef6000 	C:\Windows\System32\GDI32.dll
0x00007ffdfaf80000 - 0x00007ffdfb118000 	C:\Windows\System32\gdi32full.dll
0x00007ffdfa7f0000 - 0x00007ffdfa88e000 	C:\Windows\System32\msvcp_win.dll
0x00007ffdfa8c0000 - 0x00007ffdfa9ba000 	C:\Windows\System32\ucrtbase.dll
0x00007ffdf3c00000 - 0x00007ffdf3c0a000 	C:\Windows\SYSTEM32\VERSION.dll
0x00007ffde4e80000 - 0x00007ffde5104000 	C:\Windows\WinSxS\amd64_microsoft.windows.common-controls_6595b64144ccf1df_6.0.18362.1500_none_9e79be6de462295c\COMCTL32.dll
0x00007ffdfbad0000 - 0x00007ffdfbe06000 	C:\Windows\System32\combase.dll
0x00007ffdfb120000 - 0x00007ffdfb1a1000 	C:\Windows\System32\bcryptPrimitives.dll
0x00007ffdfd810000 - 0x00007ffdfd83e000 	C:\Windows\System32\IMM32.DLL
0x00007ffdd0010000 - 0x00007ffdd00ff000 	C:\Program Files\Java\jdk-10.0.2\bin\msvcr120.dll
0x00007ffdce860000 - 0x00007ffdce906000 	C:\Program Files\Java\jdk-10.0.2\bin\msvcp120.dll
0x000000006c5e0000 - 0x000000006d050000 	C:\Program Files\Java\jdk-10.0.2\bin\server\jvm.dll
0x00007ffdfd4e0000 - 0x00007ffdfd4e8000 	C:\Windows\System32\PSAPI.DLL
0x00007ffdf8820000 - 0x00007ffdf8829000 	C:\Windows\SYSTEM32\WSOCK32.dll
0x00007ffdf87e0000 - 0x00007ffdf8804000 	C:\Windows\SYSTEM32\WINMM.dll
0x00007ffdfc100000 - 0x00007ffdfc16f000 	C:\Windows\System32\WS2_32.dll
0x00007ffdf87b0000 - 0x00007ffdf87dd000 	C:\Windows\SYSTEM32\winmmbase.dll
0x00007ffdfac70000 - 0x00007ffdfacba000 	C:\Windows\System32\cfgmgr32.dll
0x00007ffdf17b0000 - 0x00007ffdf17bf000 	C:\Program Files\Java\jdk-10.0.2\bin\verify.dll
0x00007ffde62f0000 - 0x00007ffde64e4000 	C:\Windows\SYSTEM32\DBGHELP.DLL
0x00007ffde5770000 - 0x00007ffde579a000 	C:\Windows\SYSTEM32\dbgcore.DLL
0x00007ffdf0110000 - 0x00007ffdf0137000 	C:\Program Files\Java\jdk-10.0.2\bin\java.dll
0x00007ffdf1510000 - 0x00007ffdf153a000 	C:\Program Files\Java\jdk-10.0.2\bin\instrument.dll
0x00007ffdf00c0000 - 0x00007ffdf00d6000 	C:\Program Files\Java\jdk-10.0.2\bin\zip.dll
0x00007ffdf00b0000 - 0x00007ffdf00ba000 	C:\Program Files\Java\jdk-10.0.2\bin\jimage.dll
0x00007ffdfc450000 - 0x00007ffdfcb38000 	C:\Windows\System32\SHELL32.dll
0x00007ffdfbe20000 - 0x00007ffdfbec7000 	C:\Windows\System32\shcore.dll
0x00007ffdfb1b0000 - 0x00007ffdfb92b000 	C:\Windows\System32\windows.storage.dll
0x00007ffdfa780000 - 0x00007ffdfa79e000 	C:\Windows\System32\profapi.dll
0x00007ffdfa7a0000 - 0x00007ffdfa7ea000 	C:\Windows\System32\powrprof.dll
0x00007ffdfa730000 - 0x00007ffdfa740000 	C:\Windows\System32\UMPDC.dll
0x00007ffdfc0a0000 - 0x00007ffdfc0f2000 	C:\Windows\System32\shlwapi.dll
0x00007ffdfa760000 - 0x00007ffdfa771000 	C:\Windows\System32\kernel.appcore.dll
0x00007ffdfaf60000 - 0x00007ffdfaf77000 	C:\Windows\System32\cryptsp.dll
0x00007ffdf0090000 - 0x00007ffdf00aa000 	C:\Program Files\Java\jdk-10.0.2\bin\net.dll
0x00007ffdece30000 - 0x00007ffdecf2a000 	C:\Windows\SYSTEM32\WINHTTP.dll
0x00007ffdf9f70000 - 0x00007ffdf9fd7000 	C:\Windows\system32\mswsock.dll
0x00007ffdf0070000 - 0x00007ffdf0081000 	C:\Program Files\Java\jdk-10.0.2\bin\nio.dll
0x00007ffdf3480000 - 0x00007ffdf349a000 	D:\idea2019\IntelliJ idea 2019.3\bin\breakgen64.dll
0x00007ffdeffc0000 - 0x00007ffdeffc9000 	C:\Program Files\Java\jdk-10.0.2\bin\management.dll
0x00007ffdeffb0000 - 0x00007ffdeffba000 	C:\Program Files\Java\jdk-10.0.2\bin\management_ext.dll
0x00007ffde2da0000 - 0x00007ffde2db6000 	C:\Windows\system32\napinsp.dll
0x00007ffde26a0000 - 0x00007ffde26ba000 	C:\Windows\system32\pnrpnsp.dll
0x00007ffdf9cc0000 - 0x00007ffdf9d8b000 	C:\Windows\SYSTEM32\DNSAPI.dll
0x00007ffdfcc10000 - 0x00007ffdfcc18000 	C:\Windows\System32\NSI.dll
0x00007ffdf9c80000 - 0x00007ffdf9cba000 	C:\Windows\SYSTEM32\IPHLPAPI.DLL
0x00007ffde2690000 - 0x00007ffde269e000 	C:\Windows\System32\winrnr.dll
0x00007ffdf6e30000 - 0x00007ffdf6e4c000 	C:\Windows\system32\NLAapi.dll
0x00007ffde2590000 - 0x00007ffde25a5000 	C:\Windows\system32\wshbth.dll
0x00007ffde11d0000 - 0x00007ffde11da000 	C:\Windows\System32\rasadhlp.dll
0x00007ffdeb6f0000 - 0x00007ffdeb767000 	C:\Windows\System32\fwpuclnt.dll
0x00007ffdfad70000 - 0x00007ffdfad96000 	C:\Windows\System32\bcrypt.dll
0x00007ffdf9af0000 - 0x00007ffdf9b23000 	C:\Windows\system32\rsaenh.dll
0x00007ffdfa620000 - 0x00007ffdfa645000 	C:\Windows\SYSTEM32\USERENV.dll
0x00007ffdfa140000 - 0x00007ffdfa14c000 	C:\Windows\SYSTEM32\CRYPTBASE.dll
0x00007ffdeb640000 - 0x00007ffdeb656000 	C:\Windows\SYSTEM32\dhcpcsvc6.DLL
0x00007ffdeb620000 - 0x00007ffdeb63c000 	C:\Windows\SYSTEM32\dhcpcsvc.DLL
0x00007ffdf56f0000 - 0x00007ffdf56fb000 	C:\Program Files\Java\jdk-10.0.2\bin\sunmscapi.dll
0x00007ffdfada0000 - 0x00007ffdfaef1000 	C:\Windows\System32\CRYPT32.dll
0x00007ffdfa740000 - 0x00007ffdfa752000 	C:\Windows\System32\MSASN1.dll
0x00007ffdf0690000 - 0x00007ffdf06b3000 	C:\Program Files\Java\jdk-10.0.2\bin\sunec.dll
0x0000000010000000 - 0x0000000010070000 	C:\Program Files\Java\jdk-10.0.2\bin\sigar-amd64-winnt.dll
0x00007ffdfd570000 - 0x00007ffdfd6c7000 	C:\Windows\System32\ole32.dll
0x00007ffdfcb40000 - 0x00007ffdfcc05000 	C:\Windows\System32\OLEAUT32.dll
0x00007ffdf6910000 - 0x00007ffdf6958000 	C:\Windows\SYSTEM32\pdh.dll
0x00007ffde5670000 - 0x00007ffde5687000 	C:\Windows\SYSTEM32\NETAPI32.dll
0x00007ffdf9d90000 - 0x00007ffdf9d9c000 	C:\Windows\SYSTEM32\NETUTILS.DLL
0x00007ffdde740000 - 0x00007ffdde766000 	C:\Windows\SYSTEM32\SRVCLI.DLL

dbghelp: loaded successfully - version: 4.0.5 - missing functions: none
symbol engine: initialized successfully - sym options: 0x614 - pdb path: .;C:\Program Files\Java\jdk-10.0.2\bin;C:\Windows\SYSTEM32;C:\Windows\WinSxS\amd64_microsoft.windows.common-controls_6595b64144ccf1df_6.0.18362.1500_none_9e79be6de462295c;C:\Program Files\Java\jdk-10.0.2\bin\server;D:\idea2019\IntelliJ idea 2019.3\bin

VM Arguments:
jvm_args: -ea -Didea.test.cyclic.buffer.size=1048576 -javaagent:D:\idea2019\IntelliJ idea 2019.3\lib\idea_rt.jar=59131:D:\idea2019\IntelliJ idea 2019.3\bin -Dfile.encoding=UTF-8 
java_command: com.intellij.rt.junit.JUnitStarter -ideVersion5 -junit5 com.boot.RuntimeTest,test1
java_class_path (initial): D:\idea2019\IntelliJ idea 2019.3\lib\idea_rt.jar;D:\idea2019\IntelliJ idea 2019.3\plugins\junit\lib\junit5-rt.jar;D:\idea2019\IntelliJ idea 2019.3\plugins\junit\lib\junit-rt.jar;C:\Users\youzhengjie666\Desktop\springBootBlogDemo\springBootBlogDemo\target\test-classes;C:\Users\youzhengjie666\Desktop\springBootBlogDemo\springBootBlogDemo\target\classes;D:\maven-3.6.3\apache-maven-3.6.3\bin\repository\org\fusesource\sigar\1.6.4\sigar-1.6.4.jar;D:\maven-3.6.3\apache-maven-3.6.3\bin\repository\log4j\log4j\1.2.15\log4j-1.2.15.jar;D:\maven-3.6.3\apache-maven-3.6.3\bin\repository\org\jsoup\jsoup\1.11.3\jsoup-1.11.3.jar;D:\maven-3.6.3\apache-maven-3.6.3\bin\repository\eu\bitwalker\UserAgentUtils\1.20\UserAgentUtils-1.20.jar;D:\maven-3.6.3\apache-maven-3.6.3\bin\repository\io\springfox\springfox-swagger2\2.9.2\springfox-swagger2-2.9.2.jar;D:\maven-3.6.3\apache-maven-3.6.3\bin\repository\io\swagger\swagger-annotations\1.5.20\swagger-annotations-1.5.20.jar;D:\maven-3.6.3\apache-maven-3.6.3\bin\repository\io\swagger\swagger-models\1.5.20\swagger-models-1.5.20.jar;D:\maven-3.6.3\apache-maven-3.6.3\bin\repository\com\fasterxml\jackson\core\jackson-annotations\2.11.4\jackson-annotations-2.11.4.jar;D:\maven-3.6.3\apache-maven-3.6.3\bin\repository\io\springfox\springfox-spi\2.9.2\springfox-spi-2.9.2.jar;D:\maven-3.6.3\apache-maven-3.6.3\bin\repository\io\springfox\springfox-core\2.9.2\springfox-core-2.9.2.jar;D:\maven-3.6.3\apache-maven-3.6.3\bin\repository\io\springfox\springfox-schema\2.9.2\springfox-schema-2.9.2.jar;D:\maven-3.6.3\apache-maven-3.6.3\bin\repository\io\springfox\springfox-swagger-common\2.9.2\springfox-swagger-common-2.9.2.jar;D:\maven-3.6.3\apache-maven-3.6.3\bin\repository\io\springfox\springfox-spring-web\2.9.2\springfox-spring-web-2.9.2.jar;D:\maven-3.6.3\apache-maven-3.6.3\bin\repository\com\google\guava\guava\20.0\guava-20.0.jar;D:\maven-3.6.3\apache-maven-3.6.3\bin\repository\com\fasterxml\classmate\1.5.1\classmate-1.5.1.jar;D:\ma
Launcher Type: SUN_STANDARD

Logging:
Log output configuration:
#0: stdout all=warning uptime,level,tags
#1: stderr all=off uptime,level,tags

Environment Variables:
JAVA_HOME=C:\Program Files\Java\jdk-10.0.2
PATH=C:\Program Files (x86)\VMware\VMware Workstation\bin\;C:\Windows\system32;C:\Windows;C:\Windows\System32\Wbem;C:\Windows\System32\WindowsPowerShell\v1.0\;C:\Windows\System32\OpenSSH\;C:\Program Files (x86)\NVIDIA Corporation\PhysX\Common;C:\Program Files\Java\jdk-10.0.2\bin;C:\Program Files\NVIDIA Corporation\NVIDIA NvDLISR;C:\Program Files\Git\cmd;C:\Program Files\nodejs\;C:\Program Files\dotnet\;C:\Program Files\Microsoft SQL Server\130\Tools\Binn\;C:\Program Files\Microsoft SQL Server\Client SDK\ODBC\170\Tools\Binn\;C:\MinGW\bin;C:\Program Files (x86)\NetSarang\Xshell 7\;C:\Users\youzhengjie666\AppData\Local\Microsoft\WindowsApps;C:\Users\youzhengjie666\AppData\Local\Programs\Microsoft VS Code\bin;D:\erlang\erl-23.2\bin;C:\Users\youzhengjie666\AppData\Roaming\npm;C:\Users\youzhengjie666\.dotnet\tools;
USERNAME=youzhengjie666
OS=Windows_NT
PROCESSOR_IDENTIFIER=Intel64 Family 6 Model 158 Stepping 13, GenuineIntel



---------------  S Y S T E M  ---------------

OS: Windows 10 , 64 bit Build 18362 (10.0.18362.1500)

CPU:total 8 (initial active 8) (4 cores per cpu, 2 threads per core) family 6 model 158 stepping 13, cmov, cx8, fxsr, mmx, sse, sse2, sse3, ssse3, sse4.1, sse4.2, popcnt, avx, avx2, aes, clmul, erms, 3dnowpref, lzcnt, ht, tsc, tscinvbit, bmi1, bmi2, adx, fma

Memory: 4k page, physical 8227448k(2113152k free), swap 18911280k(5805912k free)

vm_info: Java HotSpot(TM) 64-Bit Server VM (10.0.2+13) for windows-amd64 JRE (10.0.2+13), built on Jun 28 2018 01:57:56 by "mach5one" with MS VC++ 12.0 (VS2013)

END.
