#
# A fatal error has been detected by the Java Runtime Environment:
#
#  EXCEPTION_ACCESS_VIOLATION (0xc0000005) at pc=0x0000000010014ed4, pid=22976, tid=17796
#
# JRE version: Java(TM) SE Runtime Environment (10.0.2+13) (build 10.0.2+13)
# Java VM: Java HotSpot(TM) 64-Bit Server VM (10.0.2+13, mixed mode, tiered, compressed oops, g1 gc, windows-amd64)
# Problematic frame:
# C  [sigar-amd64-winnt.dll+0x14ed4]
#
# No core dump will be written. Minidumps are not enabled by default on client versions of Windows
#
# If you would like to submit a bug report, please visit:
#   http://bugreport.java.com/bugreport/crash.jsp
# The crash happened outside the Java Virtual Machine in native code.
# See problematic frame for where to report the bug.
#

---------------  S U M M A R Y ------------

Command Line: -XX:TieredStopAtLevel=1 -Xverify:none -Dspring.output.ansi.enabled=always -Dcom.sun.management.jmxremote -Dspring.jmx.enabled=true -Dspring.liveBeansView.mbeanDomain -Dspring.application.admin.enabled=true -javaagent:D:\idea2019\IntelliJ idea 2019.3\lib\idea_rt.jar=58974:D:\idea2019\IntelliJ idea 2019.3\bin -Dfile.encoding=UTF-8 com.boot.DemoApplication

Host: Intel(R) Core(TM) i5-9300H CPU @ 2.40GHz, 8 cores, 7G,  Windows 10 , 64 bit Build 18362 (10.0.18362.1500)
Time: Sun Jun 13 14:16:55 2021 ?D1¨²¡À¨º¡Á?¨º¡À?? elapsed time: 6 seconds (0d 0h 0m 6s)

---------------  T H R E A D  ---------------

Current thread (0x00000219c8e66800):  JavaThread "restartedMain" [_thread_in_native, id=17796, stack(0x000000d694900000,0x000000d694a00000)]

Stack: [0x000000d694900000,0x000000d694a00000],  sp=0x000000d6949fe810,  free space=1018k
Native frames: (J=compiled Java code, j=interpreted, Vv=VM code, C=native code)
C  [sigar-amd64-winnt.dll+0x14ed4]

Java frames: (J=compiled Java code, j=interpreted, Vv=VM code)
j  org.hyperic.sigar.Sigar.getCpuInfoList()[Lorg/hyperic/sigar/CpuInfo;+0
j  com.boot.DemoApplication.cpu()V+9
j  com.boot.DemoApplication.main([Ljava/lang/String;)V+24
v  ~StubRoutines::call_stub
j  jdk.internal.reflect.NativeMethodAccessorImpl.invoke0(Ljava/lang/reflect/Method;Ljava/lang/Object;[Ljava/lang/Object;)Ljava/lang/Object;+0 java.base@10.0.2
j  jdk.internal.reflect.NativeMethodAccessorImpl.invoke(Ljava/lang/Object;[Ljava/lang/Object;)Ljava/lang/Object;+100 java.base@10.0.2
j  jdk.internal.reflect.DelegatingMethodAccessorImpl.invoke(Ljava/lang/Object;[Ljava/lang/Object;)Ljava/lang/Object;+6 java.base@10.0.2
j  java.lang.reflect.Method.invoke(Ljava/lang/Object;[Ljava/lang/Object;)Ljava/lang/Object;+59 java.base@10.0.2
j  org.springframework.boot.devtools.restart.RestartLauncher.run()V+42
v  ~StubRoutines::call_stub

siginfo: EXCEPTION_ACCESS_VIOLATION (0xc0000005), reading address 0xffffffffd01d0d88


Register to memory mapping:

RIP=0x0000000010014ed4 sigar-amd64-winnt.dll
RAX=0xffffffffd01d0c50 is an unknown value
RBX={method} {0x00000219cffb02c0} 'getCpuInfoList' '()[Lorg/hyperic/sigar/CpuInfo;' in 'org/hyperic/sigar/Sigar'
RCX=0x00000219c8e66a70 is an unknown value
RDX=0x000000d6949fe9a8 is pointing into the stack for thread: 0x00000219c8e66800
RSP=0x000000d6949fe810 is pointing into the stack for thread: 0x00000219c8e66800
RBP=0x000000d6949fe988 is pointing into the stack for thread: 0x00000219c8e66800
RSI=0x0000000040200021 is an unknown value
RDI=0x00000219b0b8a103 is at code_begin+2307 in an Interpreter codelet
invoke return entry points  [0x00000219b0b89800, 0x00000219b0b8a1e0]  2528 bytes
R8 =0x0000000000000032 is an unknown value
R9 =0x000000008862c048 is an oop
org.hyperic.sigar.Sigar 
{0x000000008862c048} - klass: 'org/hyperic/sigar/Sigar'
R10=0x0000000000000304 is an unknown value
R11=0x000000006cf96da0 jvm.dll
R12=0x0000000000000000 is an unknown value
R13=0x00000219cffb02b0 is pointing into metadata
R14=0x000000d6949fe9a8 is pointing into the stack for thread: 0x00000219c8e66800
R15=0x00000219c8e66800 is a thread


Registers:
RAX=0xffffffffd01d0c50, RBX=0x00000219cffb02b8, RCX=0x00000219c8e66a70, RDX=0x000000d6949fe9a8
RSP=0x000000d6949fe810, RBP=0x000000d6949fe988, RSI=0x0000000040200021, RDI=0x00000219b0b8a103
R8 =0x0000000000000032, R9 =0x000000008862c048, R10=0x0000000000000304, R11=0x000000006cf96da0
R12=0x0000000000000000, R13=0x00000219cffb02b0, R14=0x000000d6949fe9a8, R15=0x00000219c8e66800
RIP=0x0000000010014ed4, EFLAGS=0x0000000000010286

Top of Stack: (sp=0x000000d6949fe810)
0x000000d6949fe810:   00000219c8e66a70 000000d6949fe9a8
0x000000d6949fe820:   00000219c8e66800 000000d6949fe9a8
0x000000d6949fe830:   ffffffffd01d0c50 000000d6949fe988
0x000000d6949fe840:   00000219cffb02b8 0000000010022078
0x000000d6949fe850:   00000219c8e66a70 000000d6949fe9a8
0x000000d6949fe860:   0000000000000000 00000219cffb02b0
0x000000d6949fe870:   00000219c8e69310 00000219cffb02b8
0x000000d6949fe880:   00000219c8e65d80 00000219c8e69310
0x000000d6949fe890:   000000d6949fed18 000000006c9446e3
0x000000d6949fe8a0:   00000219c8e66800 000000006c754787
0x000000d6949fe8b0:   00000219c8e66800 00000219c8e66800
0x000000d6949fe8c0:   00000219cffb02b8 00000219c8e66800
0x000000d6949fe8d0:   00000219b0b8a103 00000219b0b8f160
0x000000d6949fe8e0:   00000219c8e66800 00000219cffb02b8
0x000000d6949fe8f0:   0000000040200021 0000000040200021
0x000000d6949fe900:   00000219b0b8a103 00000219b0b8f317 

Instructions: (pc=0x0000000010014ed4)
0x0000000010014eb4:   7c 24 20 00 75 15 48 8d 15 df 58 04 00 48 8b 4c
0x0000000010014ec4:   24 40 e8 45 00 00 00 33 c0 eb 32 48 8b 44 24 20
0x0000000010014ed4:   83 b8 38 01 00 00 00 74 1f 48 8b 44 24 20 44 8b
0x0000000010014ee4:   80 38 01 00 00 48 8b 54 24 20 48 8b 4c 24 40 e8 



---------------  P R O C E S S  ---------------

Threads class SMR info:
_java_thread_list=0x00000219c89371c0, length=63, elements={
0x00000219a581b000, 0x00000219c7bfa800, 0x00000219c7c0d800, 0x00000219c7c61000,
0x00000219c7c62000, 0x00000219c7c63000, 0x00000219c7c67000, 0x00000219c7c69800,
0x00000219c7c74800, 0x00000219c7c89800, 0x00000219c7f1b800, 0x00000219c86fc800,
0x00000219c86fd800, 0x00000219c8b8e000, 0x00000219c8e0b800, 0x00000219c8e66800,
0x00000219c910e000, 0x00000219c910f000, 0x00000219caa97000, 0x00000219caa98800,
0x00000219caa98000, 0x00000219caa99800, 0x00000219caa96800, 0x00000219caa9a000,
0x00000219caa9b000, 0x00000219caa9c000, 0x00000219caa9c800, 0x00000219caa9d800,
0x00000219cb434800, 0x00000219cb430800, 0x00000219cb431800, 0x00000219cb42d800,
0x00000219cb42f800, 0x00000219cb42f000, 0x00000219cb432000, 0x00000219cb433800,
0x00000219cb435000, 0x00000219cb42e000, 0x00000219cb436000, 0x00000219cb437000,
0x00000219cb438800, 0x00000219cb439000, 0x00000219cb437800, 0x00000219cb43a000,
0x00000219cb433000, 0x00000219cb43b800, 0x00000219cb43c800, 0x00000219cb43a800,
0x00000219cec08800, 0x00000219cec08000, 0x00000219cec01800, 0x00000219cec09800,
0x00000219cec05800, 0x00000219cec02800, 0x00000219cec06800, 0x00000219cec0a000,
0x00000219cec07000, 0x00000219cec03000, 0x00000219cec04800, 0x00000219cec04000,
0x00000219cec0c800, 0x00000219cec0d800, 0x00000219cec0f000
}

Java Threads: ( => current thread )
  0x00000219a581b000 JavaThread "main" [_thread_blocked, id=23400, stack(0x000000d692400000,0x000000d692500000)]
  0x00000219c7bfa800 JavaThread "Reference Handler" daemon [_thread_blocked, id=21672, stack(0x000000d693a00000,0x000000d693b00000)]
  0x00000219c7c0d800 JavaThread "Finalizer" daemon [_thread_blocked, id=8832, stack(0x000000d693b00000,0x000000d693c00000)]
  0x00000219c7c61000 JavaThread "Signal Dispatcher" daemon [_thread_blocked, id=24356, stack(0x000000d693c00000,0x000000d693d00000)]
  0x00000219c7c62000 JavaThread "Attach Listener" daemon [_thread_blocked, id=20028, stack(0x000000d693d00000,0x000000d693e00000)]
  0x00000219c7c63000 JavaThread "C1 CompilerThread0" daemon [_thread_blocked, id=932, stack(0x000000d693e00000,0x000000d693f00000)]
  0x00000219c7c67000 JavaThread "C1 CompilerThread1" daemon [_thread_blocked, id=5576, stack(0x000000d693f00000,0x000000d694000000)]
  0x00000219c7c69800 JavaThread "C1 CompilerThread2" daemon [_thread_blocked, id=13620, stack(0x000000d694000000,0x000000d694100000)]
  0x00000219c7c74800 JavaThread "C1 CompilerThread3" daemon [_thread_blocked, id=20892, stack(0x000000d694100000,0x000000d694200000)]
  0x00000219c7c89800 JavaThread "Sweeper thread" daemon [_thread_blocked, id=9040, stack(0x000000d694200000,0x000000d694300000)]
  0x00000219c7f1b800 JavaThread "Common-Cleaner" daemon [_thread_blocked, id=19992, stack(0x000000d694300000,0x000000d694400000)]
  0x00000219c86fc800 JavaThread "Monitor Ctrl-Break" daemon [_thread_in_native, id=6668, stack(0x000000d694400000,0x000000d694500000)]
  0x00000219c86fd800 JavaThread "Service Thread" daemon [_thread_blocked, id=17652, stack(0x000000d694500000,0x000000d694600000)]
  0x00000219c8b8e000 JavaThread "RMI TCP Accept-0" daemon [_thread_in_native, id=8464, stack(0x000000d694600000,0x000000d694700000)]
  0x00000219c8e0b800 JavaThread "Thread-0" [_thread_blocked, id=14424, stack(0x000000d694800000,0x000000d694900000)]
=>0x00000219c8e66800 JavaThread "restartedMain" [_thread_in_native, id=17796, stack(0x000000d694900000,0x000000d694a00000)]
  0x00000219c910e000 JavaThread "RMI TCP Connection(2)-192.168.184.1" daemon [_thread_in_native, id=21120, stack(0x000000d694b00000,0x000000d694c00000)]
  0x00000219c910f000 JavaThread "RMI Scheduler(0)" daemon [_thread_blocked, id=24560, stack(0x000000d694c00000,0x000000d694d00000)]
  0x00000219caa97000 JavaThread "Catalina-utility-1" [_thread_blocked, id=8112, stack(0x000000d694a00000,0x000000d694b00000)]
  0x00000219caa98800 JavaThread "Catalina-utility-2" [_thread_blocked, id=22144, stack(0x000000d694d00000,0x000000d694e00000)]
  0x00000219caa98000 JavaThread "container-0" [_thread_blocked, id=9284, stack(0x000000d694e00000,0x000000d694f00000)]
  0x00000219caa99800 JavaThread "lettuce-timer-3-1" daemon [_thread_blocked, id=17556, stack(0x000000d694f00000,0x000000d695000000)]
  0x00000219caa96800 JavaThread "mysql-cj-abandoned-connection-cleanup" daemon [_thread_blocked, id=14552, stack(0x000000d695000000,0x000000d695100000)]
  0x00000219caa9a000 JavaThread "Druid-ConnectionPool-Create-860609393" daemon [_thread_blocked, id=18724, stack(0x000000d695100000,0x000000d695200000)]
  0x00000219caa9b000 JavaThread "Druid-ConnectionPool-Destroy-860609393" daemon [_thread_blocked, id=22104, stack(0x000000d695200000,0x000000d695300000)]
  0x00000219caa9c000 JavaThread "RMI TCP Connection(3)-192.168.184.1" daemon [_thread_in_native, id=20664, stack(0x000000d695300000,0x000000d695400000)]
  0x00000219caa9c800 JavaThread "lettuce-nioEventLoop-4-1" daemon [_thread_in_native, id=15516, stack(0x000000d695400000,0x000000d695500000)]
  0x00000219caa9d800 JavaThread "lettuce-eventExecutorLoop-1-1" daemon [_thread_blocked, id=14976, stack(0x000000d695600000,0x000000d695700000)]
  0x00000219cb434800 JavaThread "lettuce-eventExecutorLoop-1-2" daemon [_thread_blocked, id=22212, stack(0x000000d695700000,0x000000d695800000)]
  0x00000219cb430800 JavaThread "lettuce-eventExecutorLoop-1-3" daemon [_thread_blocked, id=18572, stack(0x000000d695800000,0x000000d695900000)]
  0x00000219cb431800 JavaThread "lettuce-eventExecutorLoop-1-4" daemon [_thread_blocked, id=13400, stack(0x000000d695900000,0x000000d695a00000)]
  0x00000219cb42d800 JavaThread "lettuce-eventExecutorLoop-1-5" daemon [_thread_blocked, id=15940, stack(0x000000d695a00000,0x000000d695b00000)]
  0x00000219cb42f800 JavaThread "lettuce-eventExecutorLoop-1-6" daemon [_thread_blocked, id=17228, stack(0x000000d695b00000,0x000000d695c00000)]
  0x00000219cb42f000 JavaThread "lettuce-eventExecutorLoop-1-7" daemon [_thread_blocked, id=10992, stack(0x000000d695c00000,0x000000d695d00000)]
  0x00000219cb432000 JavaThread "lettuce-eventExecutorLoop-1-8" daemon [_thread_blocked, id=23232, stack(0x000000d695d00000,0x000000d695e00000)]
  0x00000219cb433800 JavaThread "pool-2-thread-1" [_thread_in_native, id=18312, stack(0x000000d695e00000,0x000000d695f00000)]
  0x00000219cb435000 JavaThread "I/O dispatcher 1" [_thread_in_native, id=15460, stack(0x000000d695f00000,0x000000d696000000)]
  0x00000219cb42e000 JavaThread "I/O dispatcher 2" [_thread_in_native, id=4932, stack(0x000000d696000000,0x000000d696100000)]
  0x00000219cb436000 JavaThread "I/O dispatcher 3" [_thread_in_native, id=1464, stack(0x000000d696100000,0x000000d696200000)]
  0x00000219cb437000 JavaThread "I/O dispatcher 4" [_thread_in_native, id=19520, stack(0x000000d696200000,0x000000d696300000)]
  0x00000219cb438800 JavaThread "I/O dispatcher 5" [_thread_in_native, id=17992, stack(0x000000d696300000,0x000000d696400000)]
  0x00000219cb439000 JavaThread "I/O dispatcher 6" [_thread_in_native, id=12932, stack(0x000000d696400000,0x000000d696500000)]
  0x00000219cb437800 JavaThread "I/O dispatcher 7" [_thread_in_native, id=18140, stack(0x000000d696500000,0x000000d696600000)]
  0x00000219cb43a000 JavaThread "I/O dispatcher 8" [_thread_in_native, id=20756, stack(0x000000d696600000,0x000000d696700000)]
  0x00000219cb433000 JavaThread "Live Reload Server" daemon [_thread_in_native, id=24124, stack(0x000000d696800000,0x000000d696900000)]
  0x00000219cb43b800 JavaThread "File Watcher" daemon [_thread_in_native, id=21976, stack(0x000000d696700000,0x000000d696800000)]
  0x00000219cb43c800 JavaThread "http-nio-8080-BlockPoller" daemon [_thread_in_native, id=12112, stack(0x000000d696900000,0x000000d696a00000)]
  0x00000219cb43a800 JavaThread "http-nio-8080-exec-1" daemon [_thread_blocked, id=21144, stack(0x000000d696a00000,0x000000d696b00000)]
  0x00000219cec08800 JavaThread "http-nio-8080-exec-2" daemon [_thread_blocked, id=18556, stack(0x000000d696b00000,0x000000d696c00000)]
  0x00000219cec08000 JavaThread "http-nio-8080-exec-3" daemon [_thread_blocked, id=10736, stack(0x000000d696c00000,0x000000d696d00000)]
  0x00000219cec01800 JavaThread "http-nio-8080-exec-4" daemon [_thread_blocked, id=19852, stack(0x000000d696d00000,0x000000d696e00000)]
  0x00000219cec09800 JavaThread "http-nio-8080-exec-5" daemon [_thread_blocked, id=12792, stack(0x000000d696e00000,0x000000d696f00000)]
  0x00000219cec05800 JavaThread "http-nio-8080-exec-6" daemon [_thread_blocked, id=22624, stack(0x000000d696f00000,0x000000d697000000)]
  0x00000219cec02800 JavaThread "http-nio-8080-exec-7" daemon [_thread_blocked, id=17108, stack(0x000000d697000000,0x000000d697100000)]
  0x00000219cec06800 JavaThread "http-nio-8080-exec-8" daemon [_thread_blocked, id=16172, stack(0x000000d697100000,0x000000d697200000)]
  0x00000219cec0a000 JavaThread "http-nio-8080-exec-9" daemon [_thread_blocked, id=10924, stack(0x000000d697200000,0x000000d697300000)]
  0x00000219cec07000 JavaThread "http-nio-8080-exec-10" daemon [_thread_blocked, id=19208, stack(0x000000d697300000,0x000000d697400000)]
  0x00000219cec03000 JavaThread "http-nio-8080-ClientPoller" daemon [_thread_in_native, id=6528, stack(0x000000d697400000,0x000000d697500000)]
  0x00000219cec04800 JavaThread "http-nio-8080-Acceptor" daemon [_thread_in_native, id=18904, stack(0x000000d697500000,0x000000d697600000)]
  0x00000219cec04000 JavaThread "AMQP Connection 127.0.0.1:5672" [_thread_in_native, id=20940, stack(0x000000d697600000,0x000000d697700000)]
  0x00000219cec0c800 JavaThread "pool-1-thread-2" [_thread_blocked, id=2984, stack(0x000000d697700000,0x000000d697800000)]
  0x00000219cec0d800 JavaThread "org.springframework.amqp.rabbit.RabbitListenerEndpointContainer#0-1" [_thread_blocked, id=24404, stack(0x000000d697800000,0x000000d697900000)]
  0x00000219cec0f000 JavaThread "pool-1-thread-3" [_thread_blocked, id=23012, stack(0x000000d697900000,0x000000d697a00000)]

Other Threads:
  0x00000219c73e5800 VMThread "VM Thread" [stack: 0x000000d693900000,0x000000d693a00000] [id=1136]
  0x00000219c8b84800 WatcherThread [stack: 0x000000d694700000,0x000000d694800000] [id=22716]
  0x00000219a5835000 GCTaskThread "GC Thread#0" [stack: 0x000000d692500000,0x000000d692600000] [id=11160]
  0x00000219a5836000 GCTaskThread "GC Thread#1" [stack: 0x000000d692600000,0x000000d692700000] [id=22688]
  0x00000219a5838000 GCTaskThread "GC Thread#2" [stack: 0x000000d692700000,0x000000d692800000] [id=12172]
  0x00000219a583a000 GCTaskThread "GC Thread#3" [stack: 0x000000d692800000,0x000000d692900000] [id=11936]
  0x00000219a583c800 GCTaskThread "GC Thread#4" [stack: 0x000000d692900000,0x000000d692a00000] [id=23884]
  0x00000219a5843800 GCTaskThread "GC Thread#5" [stack: 0x000000d692a00000,0x000000d692b00000] [id=8548]
  0x00000219a5845000 GCTaskThread "GC Thread#6" [stack: 0x000000d692b00000,0x000000d692c00000] [id=11776]
  0x00000219a5842000 GCTaskThread "GC Thread#7" [stack: 0x000000d692c00000,0x000000d692d00000] [id=14448]
  0x00000219a58bd000 ConcurrentGCThread "G1 Main Marker" [stack: 0x000000d692d00000,0x000000d692e00000] [id=6348]
  0x00000219a5844000 ConcurrentGCThread "G1 Conc#0" [stack: 0x000000d692e00000,0x000000d692f00000] [id=10612]
  0x00000219a5845800 ConcurrentGCThread "G1 Conc#1" [stack: 0x000000d692f00000,0x000000d693000000] [id=21464]
  0x00000219c7268000 ConcurrentGCThread "G1 Refine#0" [stack: 0x000000d693000000,0x000000d693100000] [id=15992]
  0x00000219c7268800 ConcurrentGCThread "G1 Refine#1" [stack: 0x000000d693100000,0x000000d693200000] [id=16964]
  0x00000219c7269800 ConcurrentGCThread "G1 Refine#2" [stack: 0x000000d693200000,0x000000d693300000] [id=14264]
  0x00000219c726e000 ConcurrentGCThread "G1 Refine#3" [stack: 0x000000d693300000,0x000000d693400000] [id=3956]
  0x00000219c7276000 ConcurrentGCThread "G1 Refine#4" [stack: 0x000000d693400000,0x000000d693500000] [id=17132]
  0x00000219c7276800 ConcurrentGCThread "G1 Refine#5" [stack: 0x000000d693500000,0x000000d693600000] [id=19988]
  0x00000219c7277800 ConcurrentGCThread "G1 Refine#6" [stack: 0x000000d693600000,0x000000d693700000] [id=17632]
  0x00000219c7280000 ConcurrentGCThread "G1 Refine#7" [stack: 0x000000d693700000,0x000000d693800000] [id=11552]
  0x00000219c7284000 ConcurrentGCThread "G1 Young RemSet Sampling" [stack: 0x000000d693800000,0x000000d693900000] [id=15012]

Threads with active compile tasks:

VM state:not at safepoint (normal execution)

VM Mutex/Monitor currently owned by a thread: None

Heap address: 0x0000000082600000, size: 2010 MB, Compressed Oops mode: 32-bit
Narrow klass base: 0x0000000000000000, Narrow klass shift: 3
Compressed class space size: 1073741824 Address: 0x0000000100000000

Heap:
 garbage-first heap   total 187392K, used 130556K [0x0000000082600000, 0x0000000100000000)
  region size 1024K, 99 young (101376K), 12 survivors (12288K)
 Metaspace       used 70763K, capacity 72845K, committed 73372K, reserved 1114112K
  class space    used 8515K, capacity 9362K, committed 9424K, reserved 1048576K
Heap Regions: E=young(eden), S=young(survivor), O=old, HS=humongous(starts), HC=humongous(continues), CS=collection set, F=free, A=archive, TS=gc time stamp, AC=allocation context, TAMS=top-at-mark-start (previous, next)
|   0|0x0000000082600000, 0x0000000082700000, 0x0000000082700000|100%|HS|  |TS  0|AC  0|TAMS 0x0000000082700000, 0x0000000082700000|
|   1|0x0000000082700000, 0x0000000082800000, 0x0000000082800000|100%| O|  |TS  0|AC  0|TAMS 0x0000000082800000, 0x0000000082800000|
|   2|0x0000000082800000, 0x0000000082900000, 0x0000000082900000|100%| O|  |TS  0|AC  0|TAMS 0x0000000082900000, 0x0000000082900000|
|   3|0x0000000082900000, 0x0000000082a00000, 0x0000000082a00000|100%| O|  |TS  0|AC  0|TAMS 0x0000000082a00000, 0x0000000082a00000|
|   4|0x0000000082a00000, 0x0000000082b00000, 0x0000000082b00000|100%| O|  |TS  0|AC  0|TAMS 0x0000000082b00000, 0x0000000082b00000|
|   5|0x0000000082b00000, 0x0000000082c00000, 0x0000000082c00000|100%| O|  |TS  0|AC  0|TAMS 0x0000000082c00000, 0x0000000082c00000|
|   6|0x0000000082c00000, 0x0000000082d00000, 0x0000000082d00000|100%| O|  |TS  0|AC  0|TAMS 0x0000000082d00000, 0x0000000082d00000|
|   7|0x0000000082d00000, 0x0000000082e00000, 0x0000000082e00000|100%| O|  |TS  0|AC  0|TAMS 0x0000000082e00000, 0x0000000082e00000|
|   8|0x0000000082e00000, 0x0000000082f00000, 0x0000000082f00000|100%| O|  |TS  0|AC  0|TAMS 0x0000000082f00000, 0x0000000082f00000|
|   9|0x0000000082f00000, 0x0000000083000000, 0x0000000083000000|100%| O|  |TS  0|AC  0|TAMS 0x0000000083000000, 0x0000000083000000|
|  10|0x0000000083000000, 0x0000000083100000, 0x0000000083100000|100%| O|  |TS  0|AC  0|TAMS 0x0000000083100000, 0x0000000083100000|
|  11|0x0000000083100000, 0x0000000083200000, 0x0000000083200000|100%| O|  |TS  0|AC  0|TAMS 0x0000000083200000, 0x0000000083200000|
|  12|0x0000000083200000, 0x0000000083300000, 0x0000000083300000|100%| O|  |TS  0|AC  0|TAMS 0x0000000083300000, 0x0000000083300000|
|  13|0x0000000083300000, 0x0000000083400000, 0x0000000083400000|100%| O|  |TS  0|AC  0|TAMS 0x0000000083400000, 0x0000000083400000|
|  14|0x0000000083400000, 0x0000000083500000, 0x0000000083500000|100%| O|  |TS  0|AC  0|TAMS 0x0000000083500000, 0x0000000083500000|
|  15|0x0000000083500000, 0x0000000083600000, 0x0000000083600000|100%| O|  |TS  0|AC  0|TAMS 0x0000000083600000, 0x0000000083600000|
|  16|0x0000000083600000, 0x0000000083700000, 0x0000000083700000|100%| O|  |TS  0|AC  0|TAMS 0x0000000083700000, 0x0000000083700000|
|  17|0x0000000083700000, 0x0000000083800000, 0x0000000083800000|100%| O|  |TS  0|AC  0|TAMS 0x0000000083800000, 0x0000000083800000|
|  18|0x0000000083800000, 0x0000000083900000, 0x0000000083900000|100%| O|  |TS  1|AC  0|TAMS 0x00000000838b2a00, 0x00000000838b2a00|
|  19|0x0000000083900000, 0x0000000083a00000, 0x0000000083a00000|100%| O|  |TS  1|AC  0|TAMS 0x0000000083900000, 0x0000000083900000|
|  20|0x0000000083a00000, 0x0000000083b00000, 0x0000000083b00000|100%| O|  |TS  1|AC  0|TAMS 0x0000000083a00000, 0x0000000083a00000|
|  21|0x0000000083b00000, 0x0000000083c00000, 0x0000000083c00000|100%| O|  |TS  1|AC  0|TAMS 0x0000000083b00000, 0x0000000083b00000|
|  22|0x0000000083c00000, 0x0000000083d00000, 0x0000000083d00000|100%| O|  |TS  1|AC  0|TAMS 0x0000000083c00000, 0x0000000083c00000|
|  23|0x0000000083d00000, 0x0000000083e00000, 0x0000000083e00000|100%| O|  |TS  2|AC  0|TAMS 0x0000000083d00000, 0x0000000083d00000|
|  24|0x0000000083e00000, 0x0000000083f00000, 0x0000000083f00000|100%| O|  |TS  2|AC  0|TAMS 0x0000000083e00000, 0x0000000083e00000|
|  25|0x0000000083f00000, 0x0000000084000000, 0x0000000084000000|100%| O|  |TS  2|AC  0|TAMS 0x0000000083f00000, 0x0000000083f00000|
|  26|0x0000000084000000, 0x0000000084100000, 0x0000000084100000|100%| O|  |TS  2|AC  0|TAMS 0x0000000084000000, 0x0000000084000000|
|  27|0x0000000084100000, 0x0000000084200000, 0x0000000084200000|100%| O|  |TS  2|AC  0|TAMS 0x0000000084100000, 0x0000000084100000|
|  28|0x0000000084200000, 0x0000000084300000, 0x0000000084300000|100%| O|  |TS  2|AC  0|TAMS 0x0000000084200000, 0x0000000084200000|
|  29|0x0000000084300000, 0x00000000843f6200, 0x0000000084400000| 96%| O|  |TS  2|AC  0|TAMS 0x0000000084300000, 0x0000000084300000|
|  30|0x0000000084400000, 0x0000000084400000, 0x0000000084500000|  0%| F|  |TS  0|AC  0|TAMS 0x0000000084400000, 0x0000000084400000|
|  31|0x0000000084500000, 0x0000000084500000, 0x0000000084600000|  0%| F|  |TS  0|AC  0|TAMS 0x0000000084500000, 0x0000000084500000|
|  32|0x0000000084600000, 0x0000000084600000, 0x0000000084700000|  0%| F|  |TS  0|AC  0|TAMS 0x0000000084600000, 0x0000000084600000|
|  33|0x0000000084700000, 0x0000000084700000, 0x0000000084800000|  0%| F|  |TS  0|AC  0|TAMS 0x0000000084700000, 0x0000000084700000|
|  34|0x0000000084800000, 0x0000000084800000, 0x0000000084900000|  0%| F|  |TS  0|AC  0|TAMS 0x0000000084800000, 0x0000000084800000|
|  35|0x0000000084900000, 0x0000000084900000, 0x0000000084a00000|  0%| F|  |TS  0|AC  0|TAMS 0x0000000084900000, 0x0000000084900000|
|  36|0x0000000084a00000, 0x0000000084a00000, 0x0000000084b00000|  0%| F|  |TS  0|AC  0|TAMS 0x0000000084a00000, 0x0000000084a00000|
|  37|0x0000000084b00000, 0x0000000084b00000, 0x0000000084c00000|  0%| F|  |TS  0|AC  0|TAMS 0x0000000084b00000, 0x0000000084b00000|
|  38|0x0000000084c00000, 0x0000000084c00000, 0x0000000084d00000|  0%| F|  |TS  0|AC  0|TAMS 0x0000000084c00000, 0x0000000084c00000|
|  39|0x0000000084d00000, 0x0000000084d00000, 0x0000000084e00000|  0%| F|  |TS  0|AC  0|TAMS 0x0000000084d00000, 0x0000000084d00000|
|  40|0x0000000084e00000, 0x0000000084e00000, 0x0000000084f00000|  0%| F|  |TS  0|AC  0|TAMS 0x0000000084e00000, 0x0000000084e00000|
|  41|0x0000000084f00000, 0x0000000084f00000, 0x0000000085000000|  0%| F|  |TS  0|AC  0|TAMS 0x0000000084f00000, 0x0000000084f00000|
|  42|0x0000000085000000, 0x0000000085000000, 0x0000000085100000|  0%| F|  |TS  0|AC  0|TAMS 0x0000000085000000, 0x0000000085000000|
|  43|0x0000000085100000, 0x0000000085100000, 0x0000000085200000|  0%| F|  |TS  0|AC  0|TAMS 0x0000000085100000, 0x0000000085100000|
|  44|0x0000000085200000, 0x0000000085200000, 0x0000000085300000|  0%| F|  |TS  0|AC  0|TAMS 0x0000000085200000, 0x0000000085200000|
|  45|0x0000000085300000, 0x0000000085300000, 0x0000000085400000|  0%| F|  |TS  0|AC  0|TAMS 0x0000000085300000, 0x0000000085300000|
|  46|0x0000000085400000, 0x0000000085400000, 0x0000000085500000|  0%| F|  |TS  0|AC  0|TAMS 0x0000000085400000, 0x0000000085400000|
|  47|0x0000000085500000, 0x0000000085500000, 0x0000000085600000|  0%| F|  |TS  0|AC  0|TAMS 0x0000000085500000, 0x0000000085500000|
|  48|0x0000000085600000, 0x0000000085600000, 0x0000000085700000|  0%| F|  |TS  0|AC  0|TAMS 0x0000000085600000, 0x0000000085600000|
|  49|0x0000000085700000, 0x0000000085700000, 0x0000000085800000|  0%| F|  |TS  2|AC  0|TAMS 0x0000000085700000, 0x0000000085700000|
|  50|0x0000000085800000, 0x0000000085800000, 0x0000000085900000|  0%| F|  |TS  2|AC  0|TAMS 0x0000000085800000, 0x0000000085800000|
|  51|0x0000000085900000, 0x0000000085900000, 0x0000000085a00000|  0%| F|  |TS  2|AC  0|TAMS 0x0000000085900000, 0x0000000085900000|
|  52|0x0000000085a00000, 0x0000000085a00000, 0x0000000085b00000|  0%| F|  |TS  2|AC  0|TAMS 0x0000000085a00000, 0x0000000085a00000|
|  53|0x0000000085b00000, 0x0000000085b00000, 0x0000000085c00000|  0%| F|  |TS  2|AC  0|TAMS 0x0000000085b00000, 0x0000000085b00000|
|  54|0x0000000085c00000, 0x0000000085c00000, 0x0000000085d00000|  0%| F|  |TS  2|AC  0|TAMS 0x0000000085c00000, 0x0000000085c00000|
|  55|0x0000000085d00000, 0x0000000085d00000, 0x0000000085e00000|  0%| F|  |TS  2|AC  0|TAMS 0x0000000085d00000, 0x0000000085d00000|
|  56|0x0000000085e00000, 0x0000000085e00000, 0x0000000085f00000|  0%| F|  |TS  2|AC  0|TAMS 0x0000000085e00000, 0x0000000085e00000|
|  57|0x0000000085f00000, 0x0000000085f00000, 0x0000000086000000|  0%| F|  |TS  2|AC  0|TAMS 0x0000000085f00000, 0x0000000085f00000|
|  58|0x0000000086000000, 0x0000000086000000, 0x0000000086100000|  0%| F|  |TS  2|AC  0|TAMS 0x0000000086000000, 0x0000000086000000|
|  59|0x0000000086100000, 0x0000000086100000, 0x0000000086200000|  0%| F|  |TS  2|AC  0|TAMS 0x0000000086100000, 0x0000000086100000|
|  60|0x0000000086200000, 0x0000000086200000, 0x0000000086300000|  0%| F|  |TS  2|AC  0|TAMS 0x0000000086200000, 0x0000000086200000|
|  61|0x0000000086300000, 0x0000000086300000, 0x0000000086400000|  0%| F|  |TS  1|AC  0|TAMS 0x0000000086300000, 0x0000000086300000|
|  62|0x0000000086400000, 0x0000000086400000, 0x0000000086500000|  0%| F|  |TS  1|AC  0|TAMS 0x0000000086400000, 0x0000000086400000|
|  63|0x0000000086500000, 0x0000000086500000, 0x0000000086600000|  0%| F|  |TS  1|AC  0|TAMS 0x0000000086500000, 0x0000000086500000|
|  64|0x0000000086600000, 0x0000000086600000, 0x0000000086700000|  0%| F|  |TS  1|AC  0|TAMS 0x0000000086600000, 0x0000000086600000|
|  65|0x0000000086700000, 0x0000000086700000, 0x0000000086800000|  0%| F|  |TS  1|AC  0|TAMS 0x0000000086700000, 0x0000000086700000|
|  66|0x0000000086800000, 0x0000000086800000, 0x0000000086900000|  0%| F|  |TS  1|AC  0|TAMS 0x0000000086800000, 0x0000000086800000|
|  67|0x0000000086900000, 0x0000000086900000, 0x0000000086a00000|  0%| F|  |TS  1|AC  0|TAMS 0x0000000086900000, 0x0000000086900000|
|  68|0x0000000086a00000, 0x0000000086a00000, 0x0000000086b00000|  0%| F|  |TS  1|AC  0|TAMS 0x0000000086a00000, 0x0000000086a00000|
|  69|0x0000000086b00000, 0x0000000086b00000, 0x0000000086c00000|  0%| F|  |TS  1|AC  0|TAMS 0x0000000086b00000, 0x0000000086b00000|
|  70|0x0000000086c00000, 0x0000000086c00000, 0x0000000086d00000|  0%| F|  |TS  1|AC  0|TAMS 0x0000000086c00000, 0x0000000086c00000|
|  71|0x0000000086d00000, 0x0000000086d00000, 0x0000000086e00000|  0%| F|  |TS  1|AC  0|TAMS 0x0000000086d00000, 0x0000000086d00000|
|  72|0x0000000086e00000, 0x0000000086e00000, 0x0000000086f00000|  0%| F|  |TS  1|AC  0|TAMS 0x0000000086e00000, 0x0000000086e00000|
|  73|0x0000000086f00000, 0x0000000086f00000, 0x0000000087000000|  0%| F|  |TS  1|AC  0|TAMS 0x0000000086f00000, 0x0000000086f00000|
|  74|0x0000000087000000, 0x0000000087088ef0, 0x0000000087100000| 53%| S|CS|TS  2|AC  0|TAMS 0x0000000087000000, 0x0000000087000000|
|  75|0x0000000087100000, 0x0000000087200000, 0x0000000087200000|100%| S|CS|TS  2|AC  0|TAMS 0x0000000087100000, 0x0000000087100000|
|  76|0x0000000087200000, 0x0000000087300000, 0x0000000087300000|100%| S|CS|TS  2|AC  0|TAMS 0x0000000087200000, 0x0000000087200000|
|  77|0x0000000087300000, 0x0000000087400000, 0x0000000087400000|100%| S|CS|TS  2|AC  0|TAMS 0x0000000087300000, 0x0000000087300000|
|  78|0x0000000087400000, 0x0000000087500000, 0x0000000087500000|100%| S|CS|TS  2|AC  0|TAMS 0x0000000087400000, 0x0000000087400000|
|  79|0x0000000087500000, 0x0000000087600000, 0x0000000087600000|100%| S|CS|TS  2|AC  0|TAMS 0x0000000087500000, 0x0000000087500000|
|  80|0x0000000087600000, 0x0000000087700000, 0x0000000087700000|100%| S|CS|TS  2|AC  0|TAMS 0x0000000087600000, 0x0000000087600000|
|  81|0x0000000087700000, 0x0000000087800000, 0x0000000087800000|100%| S|CS|TS  2|AC  0|TAMS 0x0000000087700000, 0x0000000087700000|
|  82|0x0000000087800000, 0x0000000087900000, 0x0000000087900000|100%| S|CS|TS  2|AC  0|TAMS 0x0000000087800000, 0x0000000087800000|
|  83|0x0000000087900000, 0x0000000087a00000, 0x0000000087a00000|100%| S|CS|TS  2|AC  0|TAMS 0x0000000087900000, 0x0000000087900000|
|  84|0x0000000087a00000, 0x0000000087b00000, 0x0000000087b00000|100%| S|CS|TS  2|AC  0|TAMS 0x0000000087a00000, 0x0000000087a00000|
|  85|0x0000000087b00000, 0x0000000087c00000, 0x0000000087c00000|100%| S|CS|TS  2|AC  0|TAMS 0x0000000087b00000, 0x0000000087b00000|
|  86|0x0000000087c00000, 0x0000000087c00000, 0x0000000087d00000|  0%| F|  |TS  2|AC  0|TAMS 0x0000000087c00000, 0x0000000087c00000|
|  87|0x0000000087d00000, 0x0000000087d00000, 0x0000000087e00000|  0%| F|  |TS  2|AC  0|TAMS 0x0000000087d00000, 0x0000000087d00000|
|  88|0x0000000087e00000, 0x0000000087e00000, 0x0000000087f00000|  0%| F|  |TS  2|AC  0|TAMS 0x0000000087e00000, 0x0000000087e00000|
|  89|0x0000000087f00000, 0x0000000087f00000, 0x0000000088000000|  0%| F|  |TS  2|AC  0|TAMS 0x0000000087f00000, 0x0000000087f00000|
|  90|0x0000000088000000, 0x0000000088000000, 0x0000000088100000|  0%| F|  |TS  2|AC  0|TAMS 0x0000000088000000, 0x0000000088000000|
|  91|0x0000000088100000, 0x0000000088100000, 0x0000000088200000|  0%| F|  |TS  2|AC  0|TAMS 0x0000000088100000, 0x0000000088100000|
|  92|0x0000000088200000, 0x0000000088200000, 0x0000000088300000|  0%| F|  |TS  2|AC  0|TAMS 0x0000000088200000, 0x0000000088200000|
|  93|0x0000000088300000, 0x0000000088300000, 0x0000000088400000|  0%| F|  |TS  2|AC  0|TAMS 0x0000000088300000, 0x0000000088300000|
|  94|0x0000000088400000, 0x0000000088400000, 0x0000000088500000|  0%| F|  |TS  2|AC  0|TAMS 0x0000000088400000, 0x0000000088400000|
|  95|0x0000000088500000, 0x0000000088500000, 0x0000000088600000|  0%| F|  |TS  2|AC  0|TAMS 0x0000000088500000, 0x0000000088500000|
|  96|0x0000000088600000, 0x00000000886ab5a0, 0x0000000088700000| 66%| E|  |TS  2|AC  0|TAMS 0x0000000088600000, 0x0000000088600000|
|  97|0x0000000088700000, 0x0000000088800000, 0x0000000088800000|100%| E|CS|TS  2|AC  0|TAMS 0x0000000088700000, 0x0000000088700000|
|  98|0x0000000088800000, 0x0000000088900000, 0x0000000088900000|100%| E|CS|TS  2|AC  0|TAMS 0x0000000088800000, 0x0000000088800000|
|  99|0x0000000088900000, 0x0000000088a00000, 0x0000000088a00000|100%| E|CS|TS  2|AC  0|TAMS 0x0000000088900000, 0x0000000088900000|
| 100|0x0000000088a00000, 0x0000000088b00000, 0x0000000088b00000|100%| E|CS|TS  2|AC  0|TAMS 0x0000000088a00000, 0x0000000088a00000|
| 101|0x0000000088b00000, 0x0000000088c00000, 0x0000000088c00000|100%| E|CS|TS  2|AC  0|TAMS 0x0000000088b00000, 0x0000000088b00000|
| 102|0x0000000088c00000, 0x0000000088d00000, 0x0000000088d00000|100%| E|CS|TS  2|AC  0|TAMS 0x0000000088c00000, 0x0000000088c00000|
| 103|0x0000000088d00000, 0x0000000088e00000, 0x0000000088e00000|100%| E|CS|TS  2|AC  0|TAMS 0x0000000088d00000, 0x0000000088d00000|
| 104|0x0000000088e00000, 0x0000000088f00000, 0x0000000088f00000|100%| E|CS|TS  2|AC  0|TAMS 0x0000000088e00000, 0x0000000088e00000|
| 105|0x0000000088f00000, 0x0000000089000000, 0x0000000089000000|100%| E|CS|TS  2|AC  0|TAMS 0x0000000088f00000, 0x0000000088f00000|
| 106|0x0000000089000000, 0x0000000089100000, 0x0000000089100000|100%| E|CS|TS  2|AC  0|TAMS 0x0000000089000000, 0x0000000089000000|
| 107|0x0000000089100000, 0x0000000089200000, 0x0000000089200000|100%| E|CS|TS  2|AC  0|TAMS 0x0000000089100000, 0x0000000089100000|
| 108|0x0000000089200000, 0x0000000089300000, 0x0000000089300000|100%| E|CS|TS  2|AC  0|TAMS 0x0000000089200000, 0x0000000089200000|
| 109|0x0000000089300000, 0x0000000089400000, 0x0000000089400000|100%| E|CS|TS  2|AC  0|TAMS 0x0000000089300000, 0x0000000089300000|
| 110|0x0000000089400000, 0x0000000089500000, 0x0000000089500000|100%| E|CS|TS  2|AC  0|TAMS 0x0000000089400000, 0x0000000089400000|
| 111|0x0000000089500000, 0x0000000089600000, 0x0000000089600000|100%| E|CS|TS  2|AC  0|TAMS 0x0000000089500000, 0x0000000089500000|
| 112|0x0000000089600000, 0x0000000089700000, 0x0000000089700000|100%| E|CS|TS  2|AC  0|TAMS 0x0000000089600000, 0x0000000089600000|
| 113|0x0000000089700000, 0x0000000089800000, 0x0000000089800000|100%| E|CS|TS  2|AC  0|TAMS 0x0000000089700000, 0x0000000089700000|
| 114|0x0000000089800000, 0x0000000089900000, 0x0000000089900000|100%| E|CS|TS  2|AC  0|TAMS 0x0000000089800000, 0x0000000089800000|
| 115|0x0000000089900000, 0x0000000089a00000, 0x0000000089a00000|100%| E|CS|TS  2|AC  0|TAMS 0x0000000089900000, 0x0000000089900000|
| 116|0x0000000089a00000, 0x0000000089b00000, 0x0000000089b00000|100%| E|CS|TS  2|AC  0|TAMS 0x0000000089a00000, 0x0000000089a00000|
| 117|0x0000000089b00000, 0x0000000089c00000, 0x0000000089c00000|100%| E|CS|TS  2|AC  0|TAMS 0x0000000089b00000, 0x0000000089b00000|
| 118|0x0000000089c00000, 0x0000000089d00000, 0x0000000089d00000|100%| E|CS|TS  2|AC  0|TAMS 0x0000000089c00000, 0x0000000089c00000|
| 119|0x0000000089d00000, 0x0000000089e00000, 0x0000000089e00000|100%| E|CS|TS  2|AC  0|TAMS 0x0000000089d00000, 0x0000000089d00000|
| 120|0x0000000089e00000, 0x0000000089f00000, 0x0000000089f00000|100%| E|CS|TS  2|AC  0|TAMS 0x0000000089e00000, 0x0000000089e00000|
| 121|0x0000000089f00000, 0x000000008a000000, 0x000000008a000000|100%| E|CS|TS  2|AC  0|TAMS 0x0000000089f00000, 0x0000000089f00000|
| 122|0x000000008a000000, 0x000000008a100000, 0x000000008a100000|100%| E|CS|TS  2|AC  0|TAMS 0x000000008a000000, 0x000000008a000000|
| 123|0x000000008a100000, 0x000000008a200000, 0x000000008a200000|100%| E|CS|TS  2|AC  0|TAMS 0x000000008a100000, 0x000000008a100000|
| 124|0x000000008a200000, 0x000000008a300000, 0x000000008a300000|100%| E|CS|TS  2|AC  0|TAMS 0x000000008a200000, 0x000000008a200000|
| 125|0x000000008a300000, 0x000000008a400000, 0x000000008a400000|100%| E|CS|TS  2|AC  0|TAMS 0x000000008a300000, 0x000000008a300000|
| 126|0x000000008a400000, 0x000000008a500000, 0x000000008a500000|100%| E|CS|TS  2|AC  0|TAMS 0x000000008a400000, 0x000000008a400000|
| 127|0x000000008a500000, 0x000000008a600000, 0x000000008a600000|100%| E|CS|TS  2|AC  0|TAMS 0x000000008a500000, 0x000000008a500000|
| 128|0x000000008a600000, 0x000000008a700000, 0x000000008a700000|100%| E|CS|TS  2|AC  0|TAMS 0x000000008a600000, 0x000000008a600000|
| 129|0x000000008a700000, 0x000000008a800000, 0x000000008a800000|100%| E|CS|TS  2|AC  0|TAMS 0x000000008a700000, 0x000000008a700000|
| 130|0x000000008a800000, 0x000000008a900000, 0x000000008a900000|100%| E|CS|TS  2|AC  0|TAMS 0x000000008a800000, 0x000000008a800000|
| 131|0x000000008a900000, 0x000000008aa00000, 0x000000008aa00000|100%| E|CS|TS  2|AC  0|TAMS 0x000000008a900000, 0x000000008a900000|
| 132|0x000000008aa00000, 0x000000008ab00000, 0x000000008ab00000|100%| E|CS|TS  2|AC  0|TAMS 0x000000008aa00000, 0x000000008aa00000|
| 133|0x000000008ab00000, 0x000000008ac00000, 0x000000008ac00000|100%| E|CS|TS  2|AC  0|TAMS 0x000000008ab00000, 0x000000008ab00000|
| 134|0x000000008ac00000, 0x000000008ad00000, 0x000000008ad00000|100%| E|CS|TS  2|AC  0|TAMS 0x000000008ac00000, 0x000000008ac00000|
| 135|0x000000008ad00000, 0x000000008ae00000, 0x000000008ae00000|100%| E|CS|TS  2|AC  0|TAMS 0x000000008ad00000, 0x000000008ad00000|
| 136|0x000000008ae00000, 0x000000008af00000, 0x000000008af00000|100%| E|CS|TS  2|AC  0|TAMS 0x000000008ae00000, 0x000000008ae00000|
| 137|0x000000008af00000, 0x000000008b000000, 0x000000008b000000|100%| E|CS|TS  2|AC  0|TAMS 0x000000008af00000, 0x000000008af00000|
| 138|0x000000008b000000, 0x000000008b100000, 0x000000008b100000|100%| E|CS|TS  2|AC  0|TAMS 0x000000008b000000, 0x000000008b000000|
| 139|0x000000008b100000, 0x000000008b200000, 0x000000008b200000|100%| E|CS|TS  2|AC  0|TAMS 0x000000008b100000, 0x000000008b100000|
| 140|0x000000008b200000, 0x000000008b300000, 0x000000008b300000|100%| E|CS|TS  2|AC  0|TAMS 0x000000008b200000, 0x000000008b200000|
| 141|0x000000008b300000, 0x000000008b400000, 0x000000008b400000|100%| E|CS|TS  2|AC  0|TAMS 0x000000008b300000, 0x000000008b300000|
| 142|0x000000008b400000, 0x000000008b500000, 0x000000008b500000|100%| E|CS|TS  2|AC  0|TAMS 0x000000008b400000, 0x000000008b400000|
| 143|0x000000008b500000, 0x000000008b600000, 0x000000008b600000|100%| E|CS|TS  2|AC  0|TAMS 0x000000008b500000, 0x000000008b500000|
| 144|0x000000008b600000, 0x000000008b700000, 0x000000008b700000|100%| E|CS|TS  2|AC  0|TAMS 0x000000008b600000, 0x000000008b600000|
| 145|0x000000008b700000, 0x000000008b800000, 0x000000008b800000|100%| E|CS|TS  2|AC  0|TAMS 0x000000008b700000, 0x000000008b700000|
| 146|0x000000008b800000, 0x000000008b900000, 0x000000008b900000|100%| E|CS|TS  2|AC  0|TAMS 0x000000008b800000, 0x000000008b800000|
| 147|0x000000008b900000, 0x000000008ba00000, 0x000000008ba00000|100%| E|CS|TS  2|AC  0|TAMS 0x000000008b900000, 0x000000008b900000|
| 148|0x000000008ba00000, 0x000000008bb00000, 0x000000008bb00000|100%| E|CS|TS  2|AC  0|TAMS 0x000000008ba00000, 0x000000008ba00000|
| 149|0x000000008bb00000, 0x000000008bc00000, 0x000000008bc00000|100%| E|CS|TS  2|AC  0|TAMS 0x000000008bb00000, 0x000000008bb00000|
| 150|0x000000008bc00000, 0x000000008bd00000, 0x000000008bd00000|100%| E|CS|TS  2|AC  0|TAMS 0x000000008bc00000, 0x000000008bc00000|
| 151|0x000000008bd00000, 0x000000008be00000, 0x000000008be00000|100%| E|CS|TS  2|AC  0|TAMS 0x000000008bd00000, 0x000000008bd00000|
| 152|0x000000008be00000, 0x000000008bf00000, 0x000000008bf00000|100%| E|CS|TS  2|AC  0|TAMS 0x000000008be00000, 0x000000008be00000|
| 153|0x000000008bf00000, 0x000000008c000000, 0x000000008c000000|100%| E|CS|TS  2|AC  0|TAMS 0x000000008bf00000, 0x000000008bf00000|
| 154|0x000000008c000000, 0x000000008c100000, 0x000000008c100000|100%| E|CS|TS  2|AC  0|TAMS 0x000000008c000000, 0x000000008c000000|
| 155|0x000000008c100000, 0x000000008c200000, 0x000000008c200000|100%| E|CS|TS  2|AC  0|TAMS 0x000000008c100000, 0x000000008c100000|
| 156|0x000000008c200000, 0x000000008c300000, 0x000000008c300000|100%| E|CS|TS  2|AC  0|TAMS 0x000000008c200000, 0x000000008c200000|
| 157|0x000000008c300000, 0x000000008c400000, 0x000000008c400000|100%| E|CS|TS  2|AC  0|TAMS 0x000000008c300000, 0x000000008c300000|
| 158|0x000000008c400000, 0x000000008c500000, 0x000000008c500000|100%| E|CS|TS  2|AC  0|TAMS 0x000000008c400000, 0x000000008c400000|
| 159|0x000000008c500000, 0x000000008c600000, 0x000000008c600000|100%| E|CS|TS  2|AC  0|TAMS 0x000000008c500000, 0x000000008c500000|
| 160|0x000000008c600000, 0x000000008c700000, 0x000000008c700000|100%| E|CS|TS  2|AC  0|TAMS 0x000000008c600000, 0x000000008c600000|
| 161|0x000000008c700000, 0x000000008c800000, 0x000000008c800000|100%| E|CS|TS  2|AC  0|TAMS 0x000000008c700000, 0x000000008c700000|
| 162|0x000000008c800000, 0x000000008c900000, 0x000000008c900000|100%| E|CS|TS  2|AC  0|TAMS 0x000000008c800000, 0x000000008c800000|
| 163|0x000000008c900000, 0x000000008ca00000, 0x000000008ca00000|100%| E|CS|TS  2|AC  0|TAMS 0x000000008c900000, 0x000000008c900000|
| 164|0x000000008ca00000, 0x000000008cb00000, 0x000000008cb00000|100%| E|CS|TS  2|AC  0|TAMS 0x000000008ca00000, 0x000000008ca00000|
| 165|0x000000008cb00000, 0x000000008cc00000, 0x000000008cc00000|100%| E|CS|TS  2|AC  0|TAMS 0x000000008cb00000, 0x000000008cb00000|
| 166|0x000000008cc00000, 0x000000008cd00000, 0x000000008cd00000|100%| E|CS|TS  2|AC  0|TAMS 0x000000008cc00000, 0x000000008cc00000|
| 167|0x000000008cd00000, 0x000000008ce00000, 0x000000008ce00000|100%| E|CS|TS  2|AC  0|TAMS 0x000000008cd00000, 0x000000008cd00000|
| 168|0x000000008ce00000, 0x000000008cf00000, 0x000000008cf00000|100%| E|CS|TS  2|AC  0|TAMS 0x000000008ce00000, 0x000000008ce00000|
| 169|0x000000008cf00000, 0x000000008d000000, 0x000000008d000000|100%| E|CS|TS  2|AC  0|TAMS 0x000000008cf00000, 0x000000008cf00000|
| 170|0x000000008d000000, 0x000000008d100000, 0x000000008d100000|100%| E|CS|TS  2|AC  0|TAMS 0x000000008d000000, 0x000000008d000000|
| 171|0x000000008d100000, 0x000000008d200000, 0x000000008d200000|100%| E|CS|TS  2|AC  0|TAMS 0x000000008d100000, 0x000000008d100000|
| 172|0x000000008d200000, 0x000000008d300000, 0x000000008d300000|100%| E|CS|TS  2|AC  0|TAMS 0x000000008d200000, 0x000000008d200000|
| 173|0x000000008d300000, 0x000000008d400000, 0x000000008d400000|100%| E|CS|TS  2|AC  0|TAMS 0x000000008d300000, 0x000000008d300000|
| 174|0x000000008d400000, 0x000000008d500000, 0x000000008d500000|100%| E|CS|TS  2|AC  0|TAMS 0x000000008d400000, 0x000000008d400000|
| 175|0x000000008d500000, 0x000000008d600000, 0x000000008d600000|100%| E|CS|TS  2|AC  0|TAMS 0x000000008d500000, 0x000000008d500000|
| 176|0x000000008d600000, 0x000000008d700000, 0x000000008d700000|100%| E|CS|TS  2|AC  0|TAMS 0x000000008d600000, 0x000000008d600000|
| 177|0x000000008d700000, 0x000000008d800000, 0x000000008d800000|100%| E|CS|TS  2|AC  0|TAMS 0x000000008d700000, 0x000000008d700000|
| 178|0x000000008d800000, 0x000000008d900000, 0x000000008d900000|100%| E|CS|TS  2|AC  0|TAMS 0x000000008d800000, 0x000000008d800000|
| 179|0x000000008d900000, 0x000000008da00000, 0x000000008da00000|100%| E|CS|TS  2|AC  0|TAMS 0x000000008d900000, 0x000000008d900000|
| 180|0x000000008da00000, 0x000000008db00000, 0x000000008db00000|100%| E|CS|TS  2|AC  0|TAMS 0x000000008da00000, 0x000000008da00000|
| 181|0x000000008db00000, 0x000000008dc00000, 0x000000008dc00000|100%| E|CS|TS  2|AC  0|TAMS 0x000000008db00000, 0x000000008db00000|
| 182|0x000000008dc00000, 0x000000008dd00000, 0x000000008dd00000|100%| E|CS|TS  2|AC  0|TAMS 0x000000008dc00000, 0x000000008dc00000|

Card table byte_map: [0x00000219c02a0000,0x00000219c0690000] byte_map_base: 0x00000219bfe8d000

Marking Bits (Prev, Next): (CMBitMap*) 0x00000219a33aea38, (CMBitMap*) 0x00000219a33aea00
 Prev Bits: [0x00000219c29f0000, 0x00000219c4958000)
 Next Bits: [0x00000219c0a80000, 0x00000219c29e8000)

Polling page: 0x00000219a32a0000

CodeHeap 'non-profiled nmethods': size=238336Kb used=12895Kb max_used=12895Kb free=225440Kb
 bounds [0x00000219b12c0000, 0x00000219b1f60000, 0x00000219bfb80000]
CodeHeap 'non-nmethods': size=7424Kb used=2963Kb max_used=2963Kb free=4460Kb
 bounds [0x00000219b0b80000, 0x00000219b0e70000, 0x00000219b12c0000]
 total_blobs=8213 nmethods=7503 adapters=589
 compilation: enabled

Compilation events (10 events):
Event: 6.280 Thread 0x00000219c7c69800 7527       1       java.io.FileDescriptor::access$100 (5 bytes)
Event: 6.280 Thread 0x00000219c7c69800 nmethod 7527 0x00000219b1f55e90 code [0x00000219b1f56040, 0x00000219b1f56138]
Event: 6.280 Thread 0x00000219c7c63000 nmethod 7526 0x00000219b1f56210 code [0x00000219b1f563c0, 0x00000219b1f56590]
Event: 6.280 Thread 0x00000219c7c67000 nmethod 7525 0x00000219b1f56690 code [0x00000219b1f56860, 0x00000219b1f56b20]
Event: 6.282 Thread 0x00000219c7c74800 7528       1       java.lang.String::lastIndexOf (10 bytes)
Event: 6.282 Thread 0x00000219c7c69800 7529       1       java.lang.String::lastIndexOf (18 bytes)
Event: 6.282 Thread 0x00000219c7c63000 7530       1       java.lang.String::lastIndexOf (104 bytes)
Event: 6.282 Thread 0x00000219c7c69800 nmethod 7529 0x00000219b1f56c90 code [0x00000219b1f56e40, 0x00000219b1f56fb0]
Event: 6.282 Thread 0x00000219c7c74800 nmethod 7528 0x00000219b1f57090 code [0x00000219b1f57240, 0x00000219b1f573b0]
Event: 6.282 Thread 0x00000219c7c63000 nmethod 7530 0x00000219b1f57490 code [0x00000219b1f57660, 0x00000219b1f57870]

GC Heap History (10 events):
Event: 3.180 GC heap before
{Heap before GC invocations=8 (full 0):
 garbage-first heap   total 155648K, used 104731K [0x0000000082600000, 0x0000000100000000)
  region size 1024K, 91 young (93184K), 8 survivors (8192K)
 Metaspace       used 41827K, capacity 43027K, committed 43548K, reserved 1087488K
  class space    used 5057K, capacity 5594K, committed 5712K, reserved 1048576K
}
Event: 3.188 GC heap after
{Heap after GC invocations=9 (full 0):
 garbage-first heap   total 155648K, used 22730K [0x0000000082600000, 0x0000000100000000)
  region size 1024K, 9 young (9216K), 9 survivors (9216K)
 Metaspace       used 41827K, capacity 43027K, committed 43548K, reserved 1087488K
  class space    used 5057K, capacity 5594K, committed 5712K, reserved 1048576K
}
Event: 3.534 GC heap before
{Heap before GC invocations=9 (full 0):
 garbage-first heap   total 155648K, used 106698K [0x0000000082600000, 0x0000000100000000)
  region size 1024K, 91 young (93184K), 9 survivors (9216K)
 Metaspace       used 46227K, capacity 47626K, committed 48028K, reserved 1091584K
  class space    used 5650K, capacity 6263K, committed 6352K, reserved 1048576K
}
Event: 3.543 GC heap after
{Heap after GC invocations=10 (full 0):
 garbage-first heap   total 155648K, used 24790K [0x0000000082600000, 0x0000000100000000)
  region size 1024K, 9 young (9216K), 9 survivors (9216K)
 Metaspace       used 46227K, capacity 47626K, committed 48028K, reserved 1091584K
  class space    used 5650K, capacity 6263K, committed 6352K, reserved 1048576K
}
Event: 4.400 GC heap before
{Heap before GC invocations=10 (full 0):
 garbage-first heap   total 155648K, used 87254K [0x0000000082600000, 0x0000000100000000)
  region size 1024K, 71 young (72704K), 9 survivors (9216K)
 Metaspace       used 58473K, capacity 60132K, committed 60420K, reserved 1101824K
  class space    used 6859K, capacity 7548K, committed 7632K, reserved 1048576K
}
Event: 4.410 GC heap after
{Heap after GC invocations=11 (full 0):
 garbage-first heap   total 155648K, used 31127K [0x0000000082600000, 0x0000000100000000)
  region size 1024K, 12 young (12288K), 12 survivors (12288K)
 Metaspace       used 58473K, capacity 60132K, committed 60420K, reserved 1101824K
  class space    used 6859K, capacity 7548K, committed 7632K, reserved 1048576K
}
Event: 4.906 GC heap before
{Heap before GC invocations=12 (full 0):
 garbage-first heap   total 155648K, used 112023K [0x0000000082600000, 0x0000000100000000)
  region size 1024K, 91 young (93184K), 12 survivors (12288K)
 Metaspace       used 64737K, capacity 66720K, committed 67100K, reserved 1107968K
  class space    used 7684K, capacity 8453K, committed 8528K, reserved 1048576K
}
Event: 4.917 GC heap after
{Heap after GC invocations=13 (full 0):
 garbage-first heap   total 187392K, used 36659K [0x0000000082600000, 0x0000000100000000)
  region size 1024K, 12 young (12288K), 12 survivors (12288K)
 Metaspace       used 64737K, capacity 66720K, committed 67100K, reserved 1107968K
  class space    used 7684K, capacity 8453K, committed 8528K, reserved 1048576K
}
Event: 5.983 GC heap before
{Heap before GC invocations=13 (full 0):
 garbage-first heap   total 187392K, used 135987K [0x0000000082600000, 0x0000000100000000)
  region size 1024K, 109 young (111616K), 12 survivors (12288K)
 Metaspace       used 69498K, capacity 71630K, committed 71964K, reserved 1112064K
  class space    used 8360K, capacity 9214K, committed 9296K, reserved 1048576K
}
Event: 5.994 GC heap after
{Heap after GC invocations=14 (full 0):
 garbage-first heap   total 187392K, used 42492K [0x0000000082600000, 0x0000000100000000)
  region size 1024K, 12 young (12288K), 12 survivors (12288K)
 Metaspace       used 69498K, capacity 71630K, committed 71964K, reserved 1112064K
  class space    used 8360K, capacity 9214K, committed 9296K, reserved 1048576K
}

Deoptimization events (0 events):
No events

Classes redefined (0 events):
No events

Internal exceptions (10 events):
Event: 5.883 Thread 0x00000219c8e66800 Exception <a 'java/lang/ClassNotFoundException'{0x0000000089ac24a0}: com/boot/pojo/CommentBeanInfo> (0x0000000089ac24a0) thrown at [t:/workspace/open/src/hotspot/share/classfile/systemDictionary.cpp, line 233]
Event: 5.884 Thread 0x00000219c8e66800 Exception <a 'java/lang/ClassNotFoundException'{0x0000000089ad4f00}: com/boot/pojo/CommentCustomizer> (0x0000000089ad4f00) thrown at [t:/workspace/open/src/hotspot/share/classfile/systemDictionary.cpp, line 233]
Event: 6.113 Thread 0x00000219c8e66800 Exception <a 'java/lang/ClassNotFoundException'{0x000000008b4aad38}: com/boot/pojo/linkBeanInfo> (0x000000008b4aad38) thrown at [t:/workspace/open/src/hotspot/share/classfile/systemDictionary.cpp, line 233]
Event: 6.113 Thread 0x00000219c8e66800 Exception <a 'java/lang/ClassNotFoundException'{0x000000008b4bd3d8}: com/boot/pojo/linkCustomizer> (0x000000008b4bd3d8) thrown at [t:/workspace/open/src/hotspot/share/classfile/systemDictionary.cpp, line 233]
Event: 6.139 Thread 0x00000219c8e66800 Exception <a 'java/lang/ClassNotFoundException'{0x000000008aa297f0}: com/boot/pojo/userBeanInfo> (0x000000008aa297f0) thrown at [t:/workspace/open/src/hotspot/share/classfile/systemDictionary.cpp, line 233]
Event: 6.139 Thread 0x00000219c8e66800 Exception <a 'java/lang/ClassNotFoundException'{0x000000008aa3be90}: com/boot/pojo/userCustomizer> (0x000000008aa3be90) thrown at [t:/workspace/open/src/hotspot/share/classfile/systemDictionary.cpp, line 233]
Event: 6.140 Thread 0x00000219c8e66800 Exception <a 'java/lang/ClassNotFoundException'{0x000000008aa60b10}: com/boot/pojo/userDetailBeanInfo> (0x000000008aa60b10) thrown at [t:/workspace/open/src/hotspot/share/classfile/systemDictionary.cpp, line 233]
Event: 6.140 Thread 0x00000219c8e66800 Exception <a 'java/lang/ClassNotFoundException'{0x000000008aa74038}: com/boot/pojo/userDetailCustomizer> (0x000000008aa74038) thrown at [t:/workspace/open/src/hotspot/share/classfile/systemDictionary.cpp, line 233]
Event: 6.140 Thread 0x00000219c8e66800 Exception <a 'java/lang/ClassNotFoundException'{0x000000008aa9ef90}: com/boot/pojo/user_authorityBeanInfo> (0x000000008aa9ef90) thrown at [t:/workspace/open/src/hotspot/share/classfile/systemDictionary.cpp, line 233]
Event: 6.141 Thread 0x00000219c8e66800 Exception <a 'java/lang/ClassNotFoundException'{0x000000008aab3198}: com/boot/pojo/user_authorityCustomizer> (0x000000008aab3198) thrown at [t:/workspace/open/src/hotspot/share/classfile/systemDictionary.cpp, line 233]

Events (10 events):
Event: 6.281 loading class org/hyperic/sigar/SigarProxy
Event: 6.281 loading class org/hyperic/sigar/SigarProxy done
Event: 6.281 loading class org/hyperic/sigar/SigarLoader
Event: 6.281 loading class org/hyperic/sigar/SigarLoader done
Event: 6.281 loading class org/hyperic/jni/ArchLoader
Event: 6.281 loading class org/hyperic/jni/ArchLoader done
Event: 6.282 loading class org/hyperic/jni/ArchName
Event: 6.282 loading class org/hyperic/jni/ArchName done
Event: 6.285 loading class org/hyperic/sigar/CpuInfo
Event: 6.285 loading class org/hyperic/sigar/CpuInfo done


Dynamic libraries:
0x00007ff6b4550000 - 0x00007ff6b458e000 	C:\Program Files\Java\jdk-10.0.2\bin\java.exe
0x00007ffdfd880000 - 0x00007ffdfda70000 	C:\Windows\SYSTEM32\ntdll.dll
0x00007ffdfbfe0000 - 0x00007ffdfc092000 	C:\Windows\System32\KERNEL32.DLL
0x00007ffdfa9c0000 - 0x00007ffdfac65000 	C:\Windows\System32\KERNELBASE.dll
0x00007ffdfccc0000 - 0x00007ffdfcd63000 	C:\Windows\System32\ADVAPI32.dll
0x00007ffdfcc20000 - 0x00007ffdfccbe000 	C:\Windows\System32\msvcrt.dll
0x00007ffdfd440000 - 0x00007ffdfd4d7000 	C:\Windows\System32\sechost.dll
0x00007ffdfcd70000 - 0x00007ffdfce8f000 	C:\Windows\System32\RPCRT4.dll
0x00007ffdfb930000 - 0x00007ffdfbac4000 	C:\Windows\System32\USER32.dll
0x00007ffdfa890000 - 0x00007ffdfa8b1000 	C:\Windows\System32\win32u.dll
0x00007ffdfbed0000 - 0x00007ffdfbef6000 	C:\Windows\System32\GDI32.dll
0x00007ffdfaf80000 - 0x00007ffdfb118000 	C:\Windows\System32\gdi32full.dll
0x00007ffdfa7f0000 - 0x00007ffdfa88e000 	C:\Windows\System32\msvcp_win.dll
0x00007ffdfa8c0000 - 0x00007ffdfa9ba000 	C:\Windows\System32\ucrtbase.dll
0x00007ffde4e80000 - 0x00007ffde5104000 	C:\Windows\WinSxS\amd64_microsoft.windows.common-controls_6595b64144ccf1df_6.0.18362.1500_none_9e79be6de462295c\COMCTL32.dll
0x00007ffdfbad0000 - 0x00007ffdfbe06000 	C:\Windows\System32\combase.dll
0x00007ffdf3c00000 - 0x00007ffdf3c0a000 	C:\Windows\SYSTEM32\VERSION.dll
0x00007ffdfb120000 - 0x00007ffdfb1a1000 	C:\Windows\System32\bcryptPrimitives.dll
0x00007ffdfd810000 - 0x00007ffdfd83e000 	C:\Windows\System32\IMM32.DLL
0x00007ffdd0010000 - 0x00007ffdd00ff000 	C:\Program Files\Java\jdk-10.0.2\bin\msvcr120.dll
0x00007ffdce860000 - 0x00007ffdce906000 	C:\Program Files\Java\jdk-10.0.2\bin\msvcp120.dll
0x000000006c5e0000 - 0x000000006d050000 	C:\Program Files\Java\jdk-10.0.2\bin\server\jvm.dll
0x00007ffdfd4e0000 - 0x00007ffdfd4e8000 	C:\Windows\System32\PSAPI.DLL
0x00007ffdf87e0000 - 0x00007ffdf8804000 	C:\Windows\SYSTEM32\WINMM.dll
0x00007ffdf8820000 - 0x00007ffdf8829000 	C:\Windows\SYSTEM32\WSOCK32.dll
0x00007ffdfc100000 - 0x00007ffdfc16f000 	C:\Windows\System32\WS2_32.dll
0x00007ffdf87b0000 - 0x00007ffdf87dd000 	C:\Windows\SYSTEM32\WINMMBASE.dll
0x00007ffdfac70000 - 0x00007ffdfacba000 	C:\Windows\System32\cfgmgr32.dll
0x00007ffdf17b0000 - 0x00007ffdf17bf000 	C:\Program Files\Java\jdk-10.0.2\bin\verify.dll
0x00007ffde62f0000 - 0x00007ffde64e4000 	C:\Windows\SYSTEM32\DBGHELP.DLL
0x00007ffde5770000 - 0x00007ffde579a000 	C:\Windows\SYSTEM32\dbgcore.DLL
0x00007ffdf0110000 - 0x00007ffdf0137000 	C:\Program Files\Java\jdk-10.0.2\bin\java.dll
0x00007ffdf1510000 - 0x00007ffdf153a000 	C:\Program Files\Java\jdk-10.0.2\bin\instrument.dll
0x00007ffdf00c0000 - 0x00007ffdf00d6000 	C:\Program Files\Java\jdk-10.0.2\bin\zip.dll
0x00007ffdf00b0000 - 0x00007ffdf00ba000 	C:\Program Files\Java\jdk-10.0.2\bin\jimage.dll
0x00007ffdfc450000 - 0x00007ffdfcb38000 	C:\Windows\System32\SHELL32.dll
0x00007ffdfbe20000 - 0x00007ffdfbec7000 	C:\Windows\System32\shcore.dll
0x00007ffdfb1b0000 - 0x00007ffdfb92b000 	C:\Windows\System32\windows.storage.dll
0x00007ffdfa780000 - 0x00007ffdfa79e000 	C:\Windows\System32\profapi.dll
0x00007ffdfa7a0000 - 0x00007ffdfa7ea000 	C:\Windows\System32\powrprof.dll
0x00007ffdfa730000 - 0x00007ffdfa740000 	C:\Windows\System32\UMPDC.dll
0x00007ffdfc0a0000 - 0x00007ffdfc0f2000 	C:\Windows\System32\shlwapi.dll
0x00007ffdfa760000 - 0x00007ffdfa771000 	C:\Windows\System32\kernel.appcore.dll
0x00007ffdfaf60000 - 0x00007ffdfaf77000 	C:\Windows\System32\cryptsp.dll
0x00007ffdf0090000 - 0x00007ffdf00aa000 	C:\Program Files\Java\jdk-10.0.2\bin\net.dll
0x00007ffdece30000 - 0x00007ffdecf2a000 	C:\Windows\SYSTEM32\WINHTTP.dll
0x00007ffdf9f70000 - 0x00007ffdf9fd7000 	C:\Windows\system32\mswsock.dll
0x00007ffdf0070000 - 0x00007ffdf0081000 	C:\Program Files\Java\jdk-10.0.2\bin\nio.dll
0x00007ffdf5940000 - 0x00007ffdf595a000 	D:\idea2019\IntelliJ idea 2019.3\bin\breakgen64.dll
0x00007ffdf9cc0000 - 0x00007ffdf9d8b000 	C:\Windows\SYSTEM32\DNSAPI.dll
0x00007ffdfcc10000 - 0x00007ffdfcc18000 	C:\Windows\System32\NSI.dll
0x00007ffdf9c80000 - 0x00007ffdf9cba000 	C:\Windows\SYSTEM32\IPHLPAPI.DLL
0x00007ffde11d0000 - 0x00007ffde11da000 	C:\Windows\System32\rasadhlp.dll
0x00007ffdeb6f0000 - 0x00007ffdeb767000 	C:\Windows\System32\fwpuclnt.dll
0x00007ffdfad70000 - 0x00007ffdfad96000 	C:\Windows\System32\bcrypt.dll
0x00007ffdeffc0000 - 0x00007ffdeffc9000 	C:\Program Files\Java\jdk-10.0.2\bin\management.dll
0x00007ffdeffb0000 - 0x00007ffdeffba000 	C:\Program Files\Java\jdk-10.0.2\bin\management_ext.dll
0x00007ffdf9af0000 - 0x00007ffdf9b23000 	C:\Windows\system32\rsaenh.dll
0x00007ffdfa620000 - 0x00007ffdfa645000 	C:\Windows\SYSTEM32\USERENV.dll
0x00007ffdfa140000 - 0x00007ffdfa14c000 	C:\Windows\SYSTEM32\CRYPTBASE.dll
0x00007ffdeb640000 - 0x00007ffdeb656000 	C:\Windows\SYSTEM32\dhcpcsvc6.DLL
0x00007ffdeb620000 - 0x00007ffdeb63c000 	C:\Windows\SYSTEM32\dhcpcsvc.DLL
0x00007ffde2da0000 - 0x00007ffde2db6000 	C:\Windows\system32\napinsp.dll
0x00007ffde26a0000 - 0x00007ffde26ba000 	C:\Windows\system32\pnrpnsp.dll
0x00007ffde2690000 - 0x00007ffde269e000 	C:\Windows\System32\winrnr.dll
0x00007ffdf6e30000 - 0x00007ffdf6e4c000 	C:\Windows\system32\NLAapi.dll
0x00007ffde2590000 - 0x00007ffde25a5000 	C:\Windows\system32\wshbth.dll
0x00007ffdf3830000 - 0x00007ffdf3853000 	C:\Program Files\Java\jdk-10.0.2\bin\sunec.dll
0x00007ffdf3820000 - 0x00007ffdf382b000 	C:\Program Files\Java\jdk-10.0.2\bin\sunmscapi.dll
0x00007ffdfada0000 - 0x00007ffdfaef1000 	C:\Windows\System32\CRYPT32.dll
0x00007ffdfa740000 - 0x00007ffdfa752000 	C:\Windows\System32\MSASN1.dll
0x0000000010000000 - 0x0000000010070000 	C:\Program Files\Java\jdk-10.0.2\bin\sigar-amd64-winnt.dll
0x00007ffdfd570000 - 0x00007ffdfd6c7000 	C:\Windows\System32\ole32.dll
0x00007ffdfcb40000 - 0x00007ffdfcc05000 	C:\Windows\System32\OLEAUT32.dll
0x00007ffdf6910000 - 0x00007ffdf6958000 	C:\Windows\SYSTEM32\pdh.dll
0x00007ffde5670000 - 0x00007ffde5687000 	C:\Windows\SYSTEM32\NETAPI32.dll
0x00007ffdf9d90000 - 0x00007ffdf9d9c000 	C:\Windows\SYSTEM32\NETUTILS.DLL
0x00007ffdde740000 - 0x00007ffdde766000 	C:\Windows\SYSTEM32\SRVCLI.DLL

dbghelp: loaded successfully - version: 4.0.5 - missing functions: none
symbol engine: initialized successfully - sym options: 0x614 - pdb path: .;C:\Program Files\Java\jdk-10.0.2\bin;C:\Windows\SYSTEM32;C:\Windows\WinSxS\amd64_microsoft.windows.common-controls_6595b64144ccf1df_6.0.18362.1500_none_9e79be6de462295c;C:\Program Files\Java\jdk-10.0.2\bin\server;D:\idea2019\IntelliJ idea 2019.3\bin

VM Arguments:
jvm_args: -XX:TieredStopAtLevel=1 -Xverify:none -Dspring.output.ansi.enabled=always -Dcom.sun.management.jmxremote -Dspring.jmx.enabled=true -Dspring.liveBeansView.mbeanDomain -Dspring.application.admin.enabled=true -javaagent:D:\idea2019\IntelliJ idea 2019.3\lib\idea_rt.jar=58974:D:\idea2019\IntelliJ idea 2019.3\bin -Dfile.encoding=UTF-8 
java_command: com.boot.DemoApplication
java_class_path (initial): C:\Users\youzhengjie666\Desktop\springBootBlogDemo\springBootBlogDemo\target\classes;D:\maven-3.6.3\apache-maven-3.6.3\bin\repository\org\fusesource\sigar\1.6.4\sigar-1.6.4.jar;D:\maven-3.6.3\apache-maven-3.6.3\bin\repository\log4j\log4j\1.2.15\log4j-1.2.15.jar;D:\maven-3.6.3\apache-maven-3.6.3\bin\repository\org\jsoup\jsoup\1.11.3\jsoup-1.11.3.jar;D:\maven-3.6.3\apache-maven-3.6.3\bin\repository\eu\bitwalker\UserAgentUtils\1.20\UserAgentUtils-1.20.jar;D:\maven-3.6.3\apache-maven-3.6.3\bin\repository\io\springfox\springfox-swagger2\2.9.2\springfox-swagger2-2.9.2.jar;D:\maven-3.6.3\apache-maven-3.6.3\bin\repository\io\swagger\swagger-annotations\1.5.20\swagger-annotations-1.5.20.jar;D:\maven-3.6.3\apache-maven-3.6.3\bin\repository\io\swagger\swagger-models\1.5.20\swagger-models-1.5.20.jar;D:\maven-3.6.3\apache-maven-3.6.3\bin\repository\com\fasterxml\jackson\core\jackson-annotations\2.11.4\jackson-annotations-2.11.4.jar;D:\maven-3.6.3\apache-maven-3.6.3\bin\repository\io\springfox\springfox-spi\2.9.2\springfox-spi-2.9.2.jar;D:\maven-3.6.3\apache-maven-3.6.3\bin\repository\io\springfox\springfox-core\2.9.2\springfox-core-2.9.2.jar;D:\maven-3.6.3\apache-maven-3.6.3\bin\repository\io\springfox\springfox-schema\2.9.2\springfox-schema-2.9.2.jar;D:\maven-3.6.3\apache-maven-3.6.3\bin\repository\io\springfox\springfox-swagger-common\2.9.2\springfox-swagger-common-2.9.2.jar;D:\maven-3.6.3\apache-maven-3.6.3\bin\repository\io\springfox\springfox-spring-web\2.9.2\springfox-spring-web-2.9.2.jar;D:\maven-3.6.3\apache-maven-3.6.3\bin\repository\com\google\guava\guava\20.0\guava-20.0.jar;D:\maven-3.6.3\apache-maven-3.6.3\bin\repository\com\fasterxml\classmate\1.5.1\classmate-1.5.1.jar;D:\maven-3.6.3\apache-maven-3.6.3\bin\repository\org\slf4j\slf4j-api\1.7.30\slf4j-api-1.7.30.jar;D:\maven-3.6.3\apache-maven-3.6.3\bin\repository\org\springframework\plugin\spring-plugin-core\1.2.0.RELEASE\spring-plugin-core-1.2.0.RELEASE.jar;D:\maven-3.6.3\apache-maven-3.
Launcher Type: SUN_STANDARD

Logging:
Log output configuration:
#0: stdout all=warning uptime,level,tags
#1: stderr all=off uptime,level,tags

Environment Variables:
JAVA_HOME=C:\Program Files\Java\jdk-10.0.2
PATH=C:\Program Files (x86)\VMware\VMware Workstation\bin\;C:\Windows\system32;C:\Windows;C:\Windows\System32\Wbem;C:\Windows\System32\WindowsPowerShell\v1.0\;C:\Windows\System32\OpenSSH\;C:\Program Files (x86)\NVIDIA Corporation\PhysX\Common;C:\Program Files\Java\jdk-10.0.2\bin;C:\Program Files\NVIDIA Corporation\NVIDIA NvDLISR;C:\Program Files\Git\cmd;C:\Program Files\nodejs\;C:\Program Files\dotnet\;C:\Program Files\Microsoft SQL Server\130\Tools\Binn\;C:\Program Files\Microsoft SQL Server\Client SDK\ODBC\170\Tools\Binn\;C:\MinGW\bin;C:\Program Files (x86)\NetSarang\Xshell 7\;C:\Users\youzhengjie666\AppData\Local\Microsoft\WindowsApps;C:\Users\youzhengjie666\AppData\Local\Programs\Microsoft VS Code\bin;D:\erlang\erl-23.2\bin;C:\Users\youzhengjie666\AppData\Roaming\npm;C:\Users\youzhengjie666\.dotnet\tools;
USERNAME=youzhengjie666
OS=Windows_NT
PROCESSOR_IDENTIFIER=Intel64 Family 6 Model 158 Stepping 13, GenuineIntel



---------------  S Y S T E M  ---------------

OS: Windows 10 , 64 bit Build 18362 (10.0.18362.1500)

CPU:total 8 (initial active 8) (4 cores per cpu, 2 threads per core) family 6 model 158 stepping 13, cmov, cx8, fxsr, mmx, sse, sse2, sse3, ssse3, sse4.1, sse4.2, popcnt, avx, avx2, aes, clmul, erms, 3dnowpref, lzcnt, ht, tsc, tscinvbit, bmi1, bmi2, adx, fma

Memory: 4k page, physical 8227448k(1965120k free), swap 18911280k(5861160k free)

vm_info: Java HotSpot(TM) 64-Bit Server VM (10.0.2+13) for windows-amd64 JRE (10.0.2+13), built on Jun 28 2018 01:57:56 by "mach5one" with MS VC++ 12.0 (VS2013)

END.
