#
# A fatal error has been detected by the Java Runtime Environment:
#
#  EXCEPTION_ACCESS_VIOLATION (0xc0000005) at pc=0x0000000010014ed4, pid=12048, tid=24244
#
# JRE version: Java(TM) SE Runtime Environment (10.0.2+13) (build 10.0.2+13)
# Java VM: Java HotSpot(TM) 64-Bit Server VM (10.0.2+13, mixed mode, tiered, compressed oops, g1 gc, windows-amd64)
# Problematic frame:
# C  [sigar-amd64-winnt.dll+0x14ed4]
#
# No core dump will be written. Minidumps are not enabled by default on client versions of Windows
#
# If you would like to submit a bug report, please visit:
#   http://bugreport.java.com/bugreport/crash.jsp
# The crash happened outside the Java Virtual Machine in native code.
# See problematic frame for where to report the bug.
#

---------------  S U M M A R Y ------------

Command Line: -ea -Didea.test.cyclic.buffer.size=1048576 -javaagent:D:\idea2019\IntelliJ idea 2019.3\lib\idea_rt.jar=59190:D:\idea2019\IntelliJ idea 2019.3\bin -Dfile.encoding=UTF-8 com.intellij.rt.junit.JUnitStarter -ideVersion5 -junit5 com.boot.RuntimeTest,test1

Host: Intel(R) Core(TM) i5-9300H CPU @ 2.40GHz, 8 cores, 7G,  Windows 10 , 64 bit Build 18362 (10.0.18362.1500)
Time: Sun Jun 13 14:20:50 2021 ?D1¨²¡À¨º¡Á?¨º¡À?? elapsed time: 11 seconds (0d 0h 0m 11s)

---------------  T H R E A D  ---------------

Current thread (0x0000014f84181000):  JavaThread "main" [_thread_in_native, id=24244, stack(0x000000032f500000,0x000000032f600000)]

Stack: [0x000000032f500000,0x000000032f600000],  sp=0x000000032f5fc420,  free space=1009k
Native frames: (J=compiled Java code, j=interpreted, Vv=VM code, C=native code)
C  [sigar-amd64-winnt.dll+0x14ed4]

Java frames: (J=compiled Java code, j=interpreted, Vv=VM code)
j  org.hyperic.sigar.Mem.gather(Lorg/hyperic/sigar/Sigar;)V+0
j  org.hyperic.sigar.Mem.fetch(Lorg/hyperic/sigar/Sigar;)Lorg/hyperic/sigar/Mem;+10
j  org.hyperic.sigar.Sigar.getMem()Lorg/hyperic/sigar/Mem;+1
j  com.boot.RuntimeTest.memory()V+9
j  com.boot.RuntimeTest.test1()V+0
v  ~StubRoutines::call_stub
J 2936  jdk.internal.reflect.NativeMethodAccessorImpl.invoke0(Ljava/lang/reflect/Method;Ljava/lang/Object;[Ljava/lang/Object;)Ljava/lang/Object; java.base@10.0.2 (0 bytes) @ 0x0000014f9710253f [0x0000014f971024c0+0x000000000000007f]
J 2935 c1 jdk.internal.reflect.NativeMethodAccessorImpl.invoke(Ljava/lang/Object;[Ljava/lang/Object;)Ljava/lang/Object; java.base@10.0.2 (104 bytes) @ 0x0000014f900a9ec4 [0x0000014f900a92c0+0x0000000000000c04]
J 2740 c1 jdk.internal.reflect.DelegatingMethodAccessorImpl.invoke(Ljava/lang/Object;[Ljava/lang/Object;)Ljava/lang/Object; java.base@10.0.2 (10 bytes) @ 0x0000014f9001bddc [0x0000014f9001bce0+0x00000000000000fc]
J 2730 c1 java.lang.reflect.Method.invoke(Ljava/lang/Object;[Ljava/lang/Object;)Ljava/lang/Object; java.base@10.0.2 (65 bytes) @ 0x0000014f9001584c [0x0000014f90015520+0x000000000000032c]
j  org.junit.platform.commons.util.ReflectionUtils.invokeMethod(Ljava/lang/reflect/Method;Ljava/lang/Object;[Ljava/lang/Object;)Ljava/lang/Object;+41
j  org.junit.jupiter.engine.execution.MethodInvocation.proceed()Ljava/lang/Object;+16
j  org.junit.jupiter.engine.execution.InvocationInterceptorChain$ValidatingInvocation.proceed()Ljava/lang/Object;+8
j  org.junit.jupiter.engine.extension.TimeoutExtension.intercept(Lorg/junit/jupiter/api/extension/InvocationInterceptor$Invocation;Lorg/junit/jupiter/api/extension/ReflectiveInvocationContext;Lorg/junit/jupiter/api/extension/ExtensionContext;Lorg/junit/jupiter/engine/extension/TimeoutDuration;Lorg/junit/jupiter/engine/extension/TimeoutExtension$TimeoutProvider;)Ljava/lang/Object;+28
j  org.junit.jupiter.engine.extension.TimeoutExtension.interceptTestableMethod(Lorg/junit/jupiter/api/extension/InvocationInterceptor$Invocation;Lorg/junit/jupiter/api/extension/ReflectiveInvocationContext;Lorg/junit/jupiter/api/extension/ExtensionContext;Lorg/junit/jupiter/engine/extension/TimeoutExtension$TimeoutProvider;)Ljava/lang/Object;+31
j  org.junit.jupiter.engine.extension.TimeoutExtension.interceptTestMethod(Lorg/junit/jupiter/api/extension/InvocationInterceptor$Invocation;Lorg/junit/jupiter/api/extension/ReflectiveInvocationContext;Lorg/junit/jupiter/api/extension/ExtensionContext;)V+9
j  org.junit.jupiter.engine.descriptor.TestMethodTestDescriptor$$Lambda$136.apply(Lorg/junit/jupiter/api/extension/InvocationInterceptor;Lorg/junit/jupiter/api/extension/InvocationInterceptor$Invocation;Lorg/junit/jupiter/api/extension/ReflectiveInvocationContext;Lorg/junit/jupiter/api/extension/ExtensionContext;)V+5
j  org.junit.jupiter.engine.execution.ExecutableInvoker$ReflectiveInterceptorCall.lambda$ofVoidMethod$0(Lorg/junit/jupiter/engine/execution/ExecutableInvoker$ReflectiveInterceptorCall$VoidMethodInterceptorCall;Lorg/junit/jupiter/api/extension/InvocationInterceptor;Lorg/junit/jupiter/api/extension/InvocationInterceptor$Invocation;Lorg/junit/jupiter/api/extension/ReflectiveInvocationContext;Lorg/junit/jupiter/api/extension/ExtensionContext;)Ljava/lang/Void;+6
j  org.junit.jupiter.engine.execution.ExecutableInvoker$ReflectiveInterceptorCall$$Lambda$137.apply(Lorg/junit/jupiter/api/extension/InvocationInterceptor;Lorg/junit/jupiter/api/extension/InvocationInterceptor$Invocation;Lorg/junit/jupiter/api/extension/ReflectiveInvocationContext;Lorg/junit/jupiter/api/extension/ExtensionContext;)Ljava/lang/Object;+9
j  org.junit.jupiter.engine.execution.ExecutableInvoker.lambda$invoke$0(Lorg/junit/jupiter/engine/execution/ExecutableInvoker$ReflectiveInterceptorCall;Lorg/junit/jupiter/api/extension/ReflectiveInvocationContext;Lorg/junit/jupiter/api/extension/ExtensionContext;Lorg/junit/jupiter/api/extension/InvocationInterceptor;Lorg/junit/jupiter/api/extension/InvocationInterceptor$Invocation;)Ljava/lang/Object;+6
j  org.junit.jupiter.engine.execution.ExecutableInvoker$$Lambda$370.apply(Lorg/junit/jupiter/api/extension/InvocationInterceptor;Lorg/junit/jupiter/api/extension/InvocationInterceptor$Invocation;)Ljava/lang/Object;+14
j  org.junit.jupiter.engine.execution.InvocationInterceptorChain$InterceptedInvocation.proceed()Ljava/lang/Object;+12
j  org.junit.jupiter.engine.execution.InvocationInterceptorChain.proceed(Lorg/junit/jupiter/api/extension/InvocationInterceptor$Invocation;)Ljava/lang/Object;+1
j  org.junit.jupiter.engine.execution.InvocationInterceptorChain.chainAndInvoke(Lorg/junit/jupiter/api/extension/InvocationInterceptor$Invocation;Lorg/junit/jupiter/engine/execution/InvocationInterceptorChain$InterceptorCall;Ljava/util/List;)Ljava/lang/Object;+24
j  org.junit.jupiter.engine.execution.InvocationInterceptorChain.invoke(Lorg/junit/jupiter/api/extension/InvocationInterceptor$Invocation;Lorg/junit/jupiter/engine/extension/ExtensionRegistry;Lorg/junit/jupiter/engine/execution/InvocationInterceptorChain$InterceptorCall;)Ljava/lang/Object;+31
j  org.junit.jupiter.engine.execution.ExecutableInvoker.invoke(Lorg/junit/jupiter/api/extension/InvocationInterceptor$Invocation;Lorg/junit/jupiter/api/extension/ReflectiveInvocationContext;Lorg/junit/jupiter/api/extension/ExtensionContext;Lorg/junit/jupiter/engine/extension/ExtensionRegistry;Lorg/junit/jupiter/engine/execution/ExecutableInvoker$ReflectiveInterceptorCall;)Ljava/lang/Object;+15
j  org.junit.jupiter.engine.execution.ExecutableInvoker.invoke(Ljava/lang/reflect/Method;Ljava/lang/Object;Lorg/junit/jupiter/api/extension/ExtensionContext;Lorg/junit/jupiter/engine/extension/ExtensionRegistry;Lorg/junit/jupiter/engine/execution/ExecutableInvoker$ReflectiveInterceptorCall;)Ljava/lang/Object;+56
j  org.junit.jupiter.engine.descriptor.TestMethodTestDescriptor.lambda$invokeTestMethod$6(Lorg/junit/jupiter/api/extension/ExtensionContext;Lorg/junit/jupiter/engine/execution/JupiterEngineExecutionContext;)V+28
j  org.junit.jupiter.engine.descriptor.TestMethodTestDescriptor$$Lambda$1510.execute()V+12
j  org.junit.platform.engine.support.hierarchical.ThrowableCollector.execute(Lorg/junit/platform/engine/support/hierarchical/ThrowableCollector$Executable;)V+1
j  org.junit.jupiter.engine.descriptor.TestMethodTestDescriptor.invokeTestMethod(Lorg/junit/jupiter/engine/execution/JupiterEngineExecutionContext;Lorg/junit/platform/engine/support/hierarchical/Node$DynamicTestExecutor;)V+21
j  org.junit.jupiter.engine.descriptor.TestMethodTestDescriptor.execute(Lorg/junit/jupiter/engine/execution/JupiterEngineExecutionContext;Lorg/junit/platform/engine/support/hierarchical/Node$DynamicTestExecutor;)Lorg/junit/jupiter/engine/execution/JupiterEngineExecutionContext;+44
j  org.junit.jupiter.engine.descriptor.TestMethodTestDescriptor.execute(Lorg/junit/platform/engine/support/hierarchical/EngineExecutionContext;Lorg/junit/platform/engine/support/hierarchical/Node$DynamicTestExecutor;)Lorg/junit/platform/engine/support/hierarchical/EngineExecutionContext;+6
j  org.junit.platform.engine.support.hierarchical.NodeTestTask.lambda$executeRecursively$5()V+79
j  org.junit.platform.engine.support.hierarchical.NodeTestTask$$Lambda$221.execute()V+4
j  org.junit.platform.engine.support.hierarchical.ThrowableCollector.execute(Lorg/junit/platform/engine/support/hierarchical/ThrowableCollector$Executable;)V+1
j  org.junit.platform.engine.support.hierarchical.NodeTestTask.lambda$executeRecursively$7(Lorg/junit/platform/engine/support/hierarchical/EngineExecutionContext;)V+15
j  org.junit.platform.engine.support.hierarchical.NodeTestTask$$Lambda$220.invoke(Lorg/junit/platform/engine/support/hierarchical/EngineExecutionContext;)V+5
j  org.junit.platform.engine.support.hierarchical.Node.around(Lorg/junit/platform/engine/support/hierarchical/EngineExecutionContext;Lorg/junit/platform/engine/support/hierarchical/Node$Invocation;)V+2
j  org.junit.platform.engine.support.hierarchical.NodeTestTask.lambda$executeRecursively$8()V+14
j  org.junit.platform.engine.support.hierarchical.NodeTestTask$$Lambda$219.execute()V+4
j  org.junit.platform.engine.support.hierarchical.ThrowableCollector.execute(Lorg/junit/platform/engine/support/hierarchical/ThrowableCollector$Executable;)V+1
j  org.junit.platform.engine.support.hierarchical.NodeTestTask.executeRecursively()V+31
j  org.junit.platform.engine.support.hierarchical.NodeTestTask.execute()V+55
j  org.junit.platform.engine.support.hierarchical.SameThreadHierarchicalTestExecutorService$$Lambda$225.accept(Ljava/lang/Object;)V+4
j  java.util.ArrayList.forEach(Ljava/util/function/Consumer;)V+46 java.base@10.0.2
j  org.junit.platform.engine.support.hierarchical.SameThreadHierarchicalTestExecutorService.invokeAll(Ljava/util/List;)V+6
j  org.junit.platform.engine.support.hierarchical.NodeTestTask.lambda$executeRecursively$5()V+116
j  org.junit.platform.engine.support.hierarchical.NodeTestTask$$Lambda$221.execute()V+4
j  org.junit.platform.engine.support.hierarchical.ThrowableCollector.execute(Lorg/junit/platform/engine/support/hierarchical/ThrowableCollector$Executable;)V+1
j  org.junit.platform.engine.support.hierarchical.NodeTestTask.lambda$executeRecursively$7(Lorg/junit/platform/engine/support/hierarchical/EngineExecutionContext;)V+15
j  org.junit.platform.engine.support.hierarchical.NodeTestTask$$Lambda$220.invoke(Lorg/junit/platform/engine/support/hierarchical/EngineExecutionContext;)V+5
j  org.junit.platform.engine.support.hierarchical.Node.around(Lorg/junit/platform/engine/support/hierarchical/EngineExecutionContext;Lorg/junit/platform/engine/support/hierarchical/Node$Invocation;)V+2
j  org.junit.platform.engine.support.hierarchical.NodeTestTask.lambda$executeRecursively$8()V+14
j  org.junit.platform.engine.support.hierarchical.NodeTestTask$$Lambda$219.execute()V+4
j  org.junit.platform.engine.support.hierarchical.ThrowableCollector.execute(Lorg/junit/platform/engine/support/hierarchical/ThrowableCollector$Executable;)V+1
j  org.junit.platform.engine.support.hierarchical.NodeTestTask.executeRecursively()V+31
j  org.junit.platform.engine.support.hierarchical.NodeTestTask.execute()V+55
j  org.junit.platform.engine.support.hierarchical.SameThreadHierarchicalTestExecutorService$$Lambda$225.accept(Ljava/lang/Object;)V+4
j  java.util.ArrayList.forEach(Ljava/util/function/Consumer;)V+46 java.base@10.0.2
j  org.junit.platform.engine.support.hierarchical.SameThreadHierarchicalTestExecutorService.invokeAll(Ljava/util/List;)V+6
j  org.junit.platform.engine.support.hierarchical.NodeTestTask.lambda$executeRecursively$5()V+116
j  org.junit.platform.engine.support.hierarchical.NodeTestTask$$Lambda$221.execute()V+4
j  org.junit.platform.engine.support.hierarchical.ThrowableCollector.execute(Lorg/junit/platform/engine/support/hierarchical/ThrowableCollector$Executable;)V+1
j  org.junit.platform.engine.support.hierarchical.NodeTestTask.lambda$executeRecursively$7(Lorg/junit/platform/engine/support/hierarchical/EngineExecutionContext;)V+15
j  org.junit.platform.engine.support.hierarchical.NodeTestTask$$Lambda$220.invoke(Lorg/junit/platform/engine/support/hierarchical/EngineExecutionContext;)V+5
j  org.junit.platform.engine.support.hierarchical.Node.around(Lorg/junit/platform/engine/support/hierarchical/EngineExecutionContext;Lorg/junit/platform/engine/support/hierarchical/Node$Invocation;)V+2
j  org.junit.platform.engine.support.hierarchical.NodeTestTask.lambda$executeRecursively$8()V+14
j  org.junit.platform.engine.support.hierarchical.NodeTestTask$$Lambda$219.execute()V+4
j  org.junit.platform.engine.support.hierarchical.ThrowableCollector.execute(Lorg/junit/platform/engine/support/hierarchical/ThrowableCollector$Executable;)V+1
j  org.junit.platform.engine.support.hierarchical.NodeTestTask.executeRecursively()V+31
j  org.junit.platform.engine.support.hierarchical.NodeTestTask.execute()V+55
j  org.junit.platform.engine.support.hierarchical.SameThreadHierarchicalTestExecutorService.submit(Lorg/junit/platform/engine/support/hierarchical/HierarchicalTestExecutorService$TestTask;)Ljava/util/concurrent/Future;+1
j  org.junit.platform.engine.support.hierarchical.HierarchicalTestExecutor.execute()Ljava/util/concurrent/Future;+74
j  org.junit.platform.engine.support.hierarchical.HierarchicalTestEngine.execute(Lorg/junit/platform/engine/ExecutionRequest;)V+31
j  org.junit.platform.launcher.core.EngineExecutionOrchestrator.execute(Lorg/junit/platform/engine/TestDescriptor;Lorg/junit/platform/engine/EngineExecutionListener;Lorg/junit/platform/engine/ConfigurationParameters;Lorg/junit/platform/engine/TestEngine;)V+24
j  org.junit.platform.launcher.core.EngineExecutionOrchestrator.execute(Lorg/junit/platform/launcher/core/LauncherDiscoveryResult;Lorg/junit/platform/engine/EngineExecutionListener;)V+86
j  org.junit.platform.launcher.core.EngineExecutionOrchestrator.lambda$execute$0(Lorg/junit/platform/launcher/core/InternalTestPlan;Lorg/junit/platform/launcher/core/LauncherDiscoveryResult;Lorg/junit/platform/launcher/TestExecutionListener;)V+18
j  org.junit.platform.launcher.core.EngineExecutionOrchestrator$$Lambda$174.accept(Ljava/lang/Object;)V+16
j  org.junit.platform.launcher.core.EngineExecutionOrchestrator.withInterceptedStreams(Lorg/junit/platform/engine/ConfigurationParameters;Lorg/junit/platform/launcher/core/TestExecutionListenerRegistry;Ljava/util/function/Consumer;)V+43
j  org.junit.platform.launcher.core.EngineExecutionOrchestrator.execute(Lorg/junit/platform/launcher/core/InternalTestPlan;[Lorg/junit/platform/launcher/TestExecutionListener;)V+35
j  org.junit.platform.launcher.core.DefaultLauncher.execute(Lorg/junit/platform/launcher/core/InternalTestPlan;[Lorg/junit/platform/launcher/TestExecutionListener;)V+6
j  org.junit.platform.launcher.core.DefaultLauncher.execute(Lorg/junit/platform/launcher/LauncherDiscoveryRequest;[Lorg/junit/platform/launcher/TestExecutionListener;)V+33
j  com.intellij.junit5.JUnit5IdeaTestRunner.startRunnerWithArgs([Ljava/lang/String;Ljava/lang/String;IZ)I+202
j  com.intellij.rt.junit.IdeaTestRunner$Repeater.startRunnerWithArgs(Lcom/intellij/rt/junit/IdeaTestRunner;[Ljava/lang/String;Ljava/util/ArrayList;Ljava/lang/String;IZ)I+22
j  com.intellij.rt.junit.JUnitStarter.prepareStreamsAndStart([Ljava/lang/String;Ljava/lang/String;Ljava/util/ArrayList;Ljava/lang/String;)I+116
j  com.intellij.rt.junit.JUnitStarter.main([Ljava/lang/String;)V+116
v  ~StubRoutines::call_stub

siginfo: EXCEPTION_ACCESS_VIOLATION (0xc0000005), reading address 0xffffffffaa1f0d88


Register to memory mapping:

RIP=0x0000000010014ed4 sigar-amd64-winnt.dll
RAX=0xffffffffaa1f0c50 is an unknown value
RBX={method} {0x0000014fb4343810} 'gather' '(Lorg/hyperic/sigar/Sigar;)V' in 'org/hyperic/sigar/Mem'
RCX=0x0000014f84181270 is an unknown value
RDX=0x000000032f5fc5d0 is pointing into the stack for thread: 0x0000014f84181000
RSP=0x000000032f5fc420 is pointing into the stack for thread: 0x0000014f84181000
RBP=0x000000032f5fc5b0 is pointing into the stack for thread: 0x0000014f84181000
RSI=0x0000000000200021 is an unknown value
RDI=0x0000014f8f4ea103 is at code_begin+2307 in an Interpreter codelet
invoke return entry points  [0x0000014f8f4e9800, 0x0000014f8f4ea1e0]  2528 bytes
R8 =0x0000000000000032 is an unknown value
R9 =0x000000008e9adcd0 is an oop
org.hyperic.sigar.Sigar 
{0x000000008e9adcd0} - klass: 'org/hyperic/sigar/Sigar'
R10=0x0000000000000382 is an unknown value
R11=0x000000006cf96da0 jvm.dll
R12=0x0000000000000000 is an unknown value
R13=0x0000014fb4343800 is pointing into metadata
R14=0x000000032f5fc5d8 is pointing into the stack for thread: 0x0000014f84181000
R15=0x0000014f84181000 is a thread


Registers:
RAX=0xffffffffaa1f0c50, RBX=0x0000014fb4343808, RCX=0x0000014f84181270, RDX=0x000000032f5fc5d0
RSP=0x000000032f5fc420, RBP=0x000000032f5fc5b0, RSI=0x0000000000200021, RDI=0x0000014f8f4ea103
R8 =0x0000000000000032, R9 =0x000000008e9adcd0, R10=0x0000000000000382, R11=0x000000006cf96da0
R12=0x0000000000000000, R13=0x0000014fb4343800, R14=0x000000032f5fc5d8, R15=0x0000014f84181000
RIP=0x0000000010014ed4, EFLAGS=0x0000000000010286

Top of Stack: (sp=0x000000032f5fc420)
0x000000032f5fc420:   0000014f84181270 000000032f5fc5d0
0x000000032f5fc430:   0000014f84181000 0000000000000000
0x000000032f5fc440:   ffffffffaa1f0c50 000000032f5fc5d8
0x000000032f5fc450:   0000014f8f4ea103 000000001001cdb1
0x000000032f5fc460:   0000014f84181270 000000032f5fc5d0
0x000000032f5fc470:   0000000000200021 000000006cb55957
0x000000032f5fc480:   000000032f5fc5d8 000000006c754787
0x000000032f5fc490:   0000014f84165b60 0000014fb4343808
0x000000032f5fc4a0:   0000014fb4343808 0000014f84165b60
0x000000032f5fc4b0:   000000032f5fc9f8 000000006c9446e3
0x000000032f5fc4c0:   0000014f84181000 0000014fa3359620
0x000000032f5fc4d0:   3ff0000000000000 000000006c754787
0x000000032f5fc4e0:   0000014fb4343808 0000014f84181000
0x000000032f5fc4f0:   0000014f8f4ea103 0000014f8f4ef160
0x000000032f5fc500:   000000032f5fc900 0000014fb4343808
0x000000032f5fc510:   0000000000200021 0000014f8f4ea103 

Instructions: (pc=0x0000000010014ed4)
0x0000000010014eb4:   7c 24 20 00 75 15 48 8d 15 df 58 04 00 48 8b 4c
0x0000000010014ec4:   24 40 e8 45 00 00 00 33 c0 eb 32 48 8b 44 24 20
0x0000000010014ed4:   83 b8 38 01 00 00 00 74 1f 48 8b 44 24 20 44 8b
0x0000000010014ee4:   80 38 01 00 00 48 8b 54 24 20 48 8b 4c 24 40 e8 



---------------  P R O C E S S  ---------------

Threads class SMR info:
_java_thread_list=0x0000014fad7c4450, length=39, elements={
0x0000014f84181000, 0x0000014fa6545800, 0x0000014fa6550800, 0x0000014fa65ac800,
0x0000014fa65ad000, 0x0000014fa65bb000, 0x0000014fa65c3800, 0x0000014fa65c1000,
0x0000014fa65c0000, 0x0000014fa65e3800, 0x0000014fa6b1b800, 0x0000014fa6b21000,
0x0000014fa6b1c800, 0x0000014fa6b1e000, 0x0000014fa6b1a000, 0x0000014fa6b1b000,
0x0000014fa6b1f800, 0x0000014fa6b1d000, 0x0000014fa6b1f000, 0x0000014fa6b20800,
0x0000014faf75c800, 0x0000014faf758800, 0x0000014faf759000, 0x0000014faf757800,
0x0000014faf75a000, 0x0000014faf75a800, 0x0000014faf757000, 0x0000014faf75d000,
0x0000014faf762000, 0x0000014faf75e000, 0x0000014faf75e800, 0x0000014faf762800,
0x0000014faf760000, 0x0000014faf75f800, 0x0000014faf761000, 0x0000014faf75b800,
0x0000014faf763800, 0x0000014faf764000, 0x0000014faf765000
}

Java Threads: ( => current thread )
=>0x0000014f84181000 JavaThread "main" [_thread_in_native, id=24244, stack(0x000000032f500000,0x000000032f600000)]
  0x0000014fa6545800 JavaThread "Reference Handler" daemon [_thread_blocked, id=18920, stack(0x0000000330b00000,0x0000000330c00000)]
  0x0000014fa6550800 JavaThread "Finalizer" daemon [_thread_blocked, id=5580, stack(0x0000000330c00000,0x0000000330d00000)]
  0x0000014fa65ac800 JavaThread "Signal Dispatcher" daemon [_thread_blocked, id=15244, stack(0x0000000330d00000,0x0000000330e00000)]
  0x0000014fa65ad000 JavaThread "Attach Listener" daemon [_thread_blocked, id=9584, stack(0x0000000330e00000,0x0000000330f00000)]
  0x0000014fa65bb000 JavaThread "C2 CompilerThread0" daemon [_thread_in_native, id=21288, stack(0x0000000330f00000,0x0000000331000000)]
  0x0000014fa65c3800 JavaThread "C2 CompilerThread1" daemon [_thread_in_native, id=1540, stack(0x0000000331000000,0x0000000331100000)]
  0x0000014fa65c1000 JavaThread "C2 CompilerThread2" daemon [_thread_in_native, id=6892, stack(0x0000000331100000,0x0000000331200000)]
  0x0000014fa65c0000 JavaThread "C1 CompilerThread3" daemon [_thread_blocked, id=24188, stack(0x0000000331200000,0x0000000331300000)]
  0x0000014fa65e3800 JavaThread "Sweeper thread" daemon [_thread_blocked, id=19644, stack(0x0000000331300000,0x0000000331400000)]
  0x0000014fa6b1b800 JavaThread "Common-Cleaner" daemon [_thread_blocked, id=4160, stack(0x0000000331400000,0x0000000331500000)]
  0x0000014fa6b21000 JavaThread "Monitor Ctrl-Break" daemon [_thread_in_native, id=21004, stack(0x0000000331500000,0x0000000331600000)]
  0x0000014fa6b1c800 JavaThread "Service Thread" daemon [_thread_blocked, id=14080, stack(0x0000000331600000,0x0000000331700000)]
  0x0000014fa6b1e000 JavaThread "lettuce-timer-3-1" daemon [_thread_blocked, id=12932, stack(0x0000000331800000,0x0000000331900000)]
  0x0000014fa6b1a000 JavaThread "mysql-cj-abandoned-connection-cleanup" daemon [_thread_blocked, id=17228, stack(0x0000000331900000,0x0000000331a00000)]
  0x0000014fa6b1b000 JavaThread "Druid-ConnectionPool-Create-445174164" daemon [_thread_blocked, id=14976, stack(0x0000000331a00000,0x0000000331b00000)]
  0x0000014fa6b1f800 JavaThread "Druid-ConnectionPool-Destroy-445174164" daemon [_thread_blocked, id=18484, stack(0x0000000331b00000,0x0000000331c00000)]
  0x0000014fa6b1d000 JavaThread "lettuce-nioEventLoop-4-1" daemon [_thread_in_native, id=19608, stack(0x0000000331c00000,0x0000000331d00000)]
  0x0000014fa6b1f000 JavaThread "lettuce-eventExecutorLoop-1-1" daemon [_thread_blocked, id=4876, stack(0x0000000331e00000,0x0000000331f00000)]
  0x0000014fa6b20800 JavaThread "lettuce-eventExecutorLoop-1-2" daemon [_thread_blocked, id=23400, stack(0x0000000331f00000,0x0000000332000000)]
  0x0000014faf75c800 JavaThread "lettuce-eventExecutorLoop-1-3" daemon [_thread_blocked, id=8784, stack(0x0000000332000000,0x0000000332100000)]
  0x0000014faf758800 JavaThread "lettuce-eventExecutorLoop-1-4" daemon [_thread_blocked, id=5344, stack(0x0000000332100000,0x0000000332200000)]
  0x0000014faf759000 JavaThread "lettuce-eventExecutorLoop-1-5" daemon [_thread_blocked, id=13892, stack(0x0000000332200000,0x0000000332300000)]
  0x0000014faf757800 JavaThread "lettuce-eventExecutorLoop-1-6" daemon [_thread_blocked, id=22624, stack(0x0000000332300000,0x0000000332400000)]
  0x0000014faf75a000 JavaThread "lettuce-eventExecutorLoop-1-7" daemon [_thread_blocked, id=16468, stack(0x0000000332400000,0x0000000332500000)]
  0x0000014faf75a800 JavaThread "lettuce-eventExecutorLoop-1-8" daemon [_thread_blocked, id=19208, stack(0x0000000332500000,0x0000000332600000)]
  0x0000014faf757000 JavaThread "pool-2-thread-1" [_thread_in_native, id=10924, stack(0x0000000332600000,0x0000000332700000)]
  0x0000014faf75d000 JavaThread "I/O dispatcher 1" [_thread_in_native, id=16172, stack(0x0000000332700000,0x0000000332800000)]
  0x0000014faf762000 JavaThread "I/O dispatcher 2" [_thread_in_native, id=2372, stack(0x0000000332800000,0x0000000332900000)]
  0x0000014faf75e000 JavaThread "I/O dispatcher 3" [_thread_in_native, id=24404, stack(0x0000000332900000,0x0000000332a00000)]
  0x0000014faf75e800 JavaThread "I/O dispatcher 4" [_thread_in_native, id=11944, stack(0x0000000332a00000,0x0000000332b00000)]
  0x0000014faf762800 JavaThread "I/O dispatcher 5" [_thread_in_native, id=20840, stack(0x0000000332b00000,0x0000000332c00000)]
  0x0000014faf760000 JavaThread "I/O dispatcher 6" [_thread_in_native, id=18904, stack(0x0000000332c00000,0x0000000332d00000)]
  0x0000014faf75f800 JavaThread "I/O dispatcher 7" [_thread_in_native, id=23012, stack(0x0000000332d00000,0x0000000332e00000)]
  0x0000014faf761000 JavaThread "I/O dispatcher 8" [_thread_in_native, id=20940, stack(0x0000000332e00000,0x0000000332f00000)]
  0x0000014faf75b800 JavaThread "AMQP Connection 127.0.0.1:5672" [_thread_in_native, id=2168, stack(0x0000000332f00000,0x0000000333000000)]
  0x0000014faf763800 JavaThread "pool-1-thread-2" [_thread_blocked, id=10652, stack(0x0000000333000000,0x0000000333100000)]
  0x0000014faf764000 JavaThread "org.springframework.amqp.rabbit.RabbitListenerEndpointContainer#0-1" [_thread_blocked, id=9980, stack(0x0000000333100000,0x0000000333200000)]
  0x0000014faf765000 JavaThread "pool-1-thread-3" [_thread_blocked, id=17436, stack(0x0000000333200000,0x0000000333300000)]

Other Threads:
  0x0000014fa34bd800 VMThread "VM Thread" [stack: 0x0000000330a00000,0x0000000330b00000] [id=8596]
  0x0000014fa6ba7000 WatcherThread [stack: 0x0000000331700000,0x0000000331800000] [id=7804]
  0x0000014f8419a800 GCTaskThread "GC Thread#0" [stack: 0x000000032f600000,0x000000032f700000] [id=1392]
  0x0000014f8419c000 GCTaskThread "GC Thread#1" [stack: 0x000000032f700000,0x000000032f800000] [id=12204]
  0x0000014f8419d800 GCTaskThread "GC Thread#2" [stack: 0x000000032f800000,0x000000032f900000] [id=21508]
  0x0000014f841a1000 GCTaskThread "GC Thread#3" [stack: 0x000000032f900000,0x000000032fa00000] [id=11744]
  0x0000014f841a2800 GCTaskThread "GC Thread#4" [stack: 0x000000032fa00000,0x000000032fb00000] [id=14660]
  0x0000014f841a7000 GCTaskThread "GC Thread#5" [stack: 0x000000032fb00000,0x000000032fc00000] [id=20336]
  0x0000014f841ab000 GCTaskThread "GC Thread#6" [stack: 0x000000032fc00000,0x000000032fd00000] [id=20856]
  0x0000014f841b6800 GCTaskThread "GC Thread#7" [stack: 0x000000032fd00000,0x000000032fe00000] [id=23512]
  0x0000014f84221800 ConcurrentGCThread "G1 Main Marker" [stack: 0x000000032fe00000,0x000000032ff00000] [id=20948]
  0x0000014f84222800 ConcurrentGCThread "G1 Conc#0" [stack: 0x000000032ff00000,0x0000000330000000] [id=8964]
  0x0000014f84223800 ConcurrentGCThread "G1 Conc#1" [stack: 0x0000000330000000,0x0000000330100000] [id=24300]
  0x0000014fa3342000 ConcurrentGCThread "G1 Refine#0" [stack: 0x0000000330100000,0x0000000330200000] [id=9248]
  0x0000014fa3342800 ConcurrentGCThread "G1 Refine#1" [stack: 0x0000000330200000,0x0000000330300000] [id=17364]
  0x0000014fa3343800 ConcurrentGCThread "G1 Refine#2" [stack: 0x0000000330300000,0x0000000330400000] [id=17532]
  0x0000014fa3345800 ConcurrentGCThread "G1 Refine#3" [stack: 0x0000000330400000,0x0000000330500000] [id=21548]
  0x0000014fa3348800 ConcurrentGCThread "G1 Refine#4" [stack: 0x0000000330500000,0x0000000330600000] [id=14992]
  0x0000014fa334a800 ConcurrentGCThread "G1 Refine#5" [stack: 0x0000000330600000,0x0000000330700000] [id=18452]
  0x0000014fa334d800 ConcurrentGCThread "G1 Refine#6" [stack: 0x0000000330700000,0x0000000330800000] [id=18400]
  0x0000014fa334e000 ConcurrentGCThread "G1 Refine#7" [stack: 0x0000000330800000,0x0000000330900000] [id=3600]
  0x0000014fa3357000 ConcurrentGCThread "G1 Young RemSet Sampling" [stack: 0x0000000330900000,0x0000000330a00000] [id=15532]

Threads with active compile tasks:
C2 CompilerThread07924   !   4       jdk.internal.loader.BuiltinClassLoader::defineOrCheckPackage (93 bytes)
C2 CompilerThread17944       4       org.springframework.core.ResolvableType::forType (115 bytes)
C2 CompilerThread28044       4       org.springframework.core.ResolvableType::isArray (58 bytes)

VM state:not at safepoint (normal execution)

VM Mutex/Monitor currently owned by a thread: None

Heap address: 0x0000000082600000, size: 2010 MB, Compressed Oops mode: 32-bit
Narrow klass base: 0x0000000000000000, Narrow klass shift: 3
Compressed class space size: 1073741824 Address: 0x0000000100000000

Heap:
 garbage-first heap   total 225280K, used 78837K [0x0000000082600000, 0x0000000100000000)
  region size 1024K, 32 young (32768K), 7 survivors (7168K)
 Metaspace       used 85449K, capacity 87502K, committed 88012K, reserved 1126400K
  class space    used 10321K, capacity 11191K, committed 11212K, reserved 1048576K
Heap Regions: E=young(eden), S=young(survivor), O=old, HS=humongous(starts), HC=humongous(continues), CS=collection set, F=free, A=archive, TS=gc time stamp, AC=allocation context, TAMS=top-at-mark-start (previous, next)
|   0|0x0000000082600000, 0x0000000082700000, 0x0000000082700000|100%|HS|  |TS  0|AC  0|TAMS 0x0000000082700000, 0x0000000082700000|
|   1|0x0000000082700000, 0x0000000082800000, 0x0000000082800000|100%| O|  |TS  0|AC  0|TAMS 0x0000000082800000, 0x0000000082800000|
|   2|0x0000000082800000, 0x0000000082900000, 0x0000000082900000|100%| O|  |TS  0|AC  0|TAMS 0x0000000082900000, 0x0000000082900000|
|   3|0x0000000082900000, 0x0000000082a00000, 0x0000000082a00000|100%| O|  |TS  0|AC  0|TAMS 0x0000000082a00000, 0x0000000082a00000|
|   4|0x0000000082a00000, 0x0000000082b00000, 0x0000000082b00000|100%| O|  |TS  0|AC  0|TAMS 0x0000000082b00000, 0x0000000082b00000|
|   5|0x0000000082b00000, 0x0000000082c00000, 0x0000000082c00000|100%| O|  |TS  0|AC  0|TAMS 0x0000000082c00000, 0x0000000082c00000|
|   6|0x0000000082c00000, 0x0000000082d00000, 0x0000000082d00000|100%| O|  |TS  0|AC  0|TAMS 0x0000000082d00000, 0x0000000082d00000|
|   7|0x0000000082d00000, 0x0000000082e00000, 0x0000000082e00000|100%| O|  |TS  0|AC  0|TAMS 0x0000000082e00000, 0x0000000082e00000|
|   8|0x0000000082e00000, 0x0000000082f00000, 0x0000000082f00000|100%| O|  |TS  0|AC  0|TAMS 0x0000000082f00000, 0x0000000082f00000|
|   9|0x0000000082f00000, 0x0000000083000000, 0x0000000083000000|100%| O|  |TS  0|AC  0|TAMS 0x0000000083000000, 0x0000000083000000|
|  10|0x0000000083000000, 0x0000000083100000, 0x0000000083100000|100%| O|  |TS  0|AC  0|TAMS 0x0000000083100000, 0x0000000083100000|
|  11|0x0000000083100000, 0x0000000083200000, 0x0000000083200000|100%| O|  |TS  0|AC  0|TAMS 0x0000000083200000, 0x0000000083200000|
|  12|0x0000000083200000, 0x0000000083300000, 0x0000000083300000|100%| O|  |TS  0|AC  0|TAMS 0x0000000083300000, 0x0000000083300000|
|  13|0x0000000083300000, 0x0000000083400000, 0x0000000083400000|100%| O|  |TS  0|AC  0|TAMS 0x0000000083400000, 0x0000000083400000|
|  14|0x0000000083400000, 0x0000000083500000, 0x0000000083500000|100%| O|  |TS  0|AC  0|TAMS 0x0000000083500000, 0x0000000083500000|
|  15|0x0000000083500000, 0x0000000083600000, 0x0000000083600000|100%| O|  |TS  0|AC  0|TAMS 0x0000000083600000, 0x0000000083600000|
|  16|0x0000000083600000, 0x0000000083700000, 0x0000000083700000|100%| O|  |TS  0|AC  0|TAMS 0x0000000083700000, 0x0000000083700000|
|  17|0x0000000083700000, 0x0000000083800000, 0x0000000083800000|100%| O|  |TS  0|AC  0|TAMS 0x0000000083800000, 0x0000000083800000|
|  18|0x0000000083800000, 0x0000000083900000, 0x0000000083900000|100%| O|  |TS  0|AC  0|TAMS 0x0000000083900000, 0x0000000083900000|
|  19|0x0000000083900000, 0x0000000083a00000, 0x0000000083a00000|100%| O|  |TS  0|AC  0|TAMS 0x0000000083a00000, 0x0000000083a00000|
|  20|0x0000000083a00000, 0x0000000083b00000, 0x0000000083b00000|100%| O|  |TS  0|AC  0|TAMS 0x0000000083b00000, 0x0000000083b00000|
|  21|0x0000000083b00000, 0x0000000083c00000, 0x0000000083c00000|100%| O|  |TS  0|AC  0|TAMS 0x0000000083c00000, 0x0000000083c00000|
|  22|0x0000000083c00000, 0x0000000083d00000, 0x0000000083d00000|100%| O|  |TS  0|AC  0|TAMS 0x0000000083d00000, 0x0000000083d00000|
|  23|0x0000000083d00000, 0x0000000083e00000, 0x0000000083e00000|100%| O|  |TS  0|AC  0|TAMS 0x0000000083e00000, 0x0000000083e00000|
|  24|0x0000000083e00000, 0x0000000083f00000, 0x0000000083f00000|100%| O|  |TS  0|AC  0|TAMS 0x0000000083f00000, 0x0000000083f00000|
|  25|0x0000000083f00000, 0x0000000084000000, 0x0000000084000000|100%| O|  |TS  1|AC  0|TAMS 0x0000000083fc7c00, 0x0000000083fc7c00|
|  26|0x0000000084000000, 0x0000000084100000, 0x0000000084100000|100%| O|  |TS  1|AC  0|TAMS 0x0000000084000000, 0x0000000084000000|
|  27|0x0000000084100000, 0x0000000084200000, 0x0000000084200000|100%| O|  |TS  1|AC  0|TAMS 0x0000000084100000, 0x0000000084100000|
|  28|0x0000000084200000, 0x0000000084300000, 0x0000000084300000|100%| O|  |TS  1|AC  0|TAMS 0x0000000084200000, 0x0000000084200000|
|  29|0x0000000084300000, 0x0000000084400000, 0x0000000084400000|100%| O|  |TS  2|AC  0|TAMS 0x0000000084300000, 0x0000000084300000|
|  30|0x0000000084400000, 0x0000000084500000, 0x0000000084500000|100%| O|  |TS  2|AC  0|TAMS 0x0000000084400000, 0x0000000084400000|
|  31|0x0000000084500000, 0x0000000084600000, 0x0000000084600000|100%| O|  |TS  2|AC  0|TAMS 0x0000000084500000, 0x0000000084500000|
|  32|0x0000000084600000, 0x0000000084700000, 0x0000000084700000|100%| O|  |TS  2|AC  0|TAMS 0x0000000084600000, 0x0000000084600000|
|  33|0x0000000084700000, 0x0000000084800000, 0x0000000084800000|100%| O|  |TS  2|AC  0|TAMS 0x0000000084700000, 0x0000000084700000|
|  34|0x0000000084800000, 0x0000000084900000, 0x0000000084900000|100%| O|  |TS  2|AC  0|TAMS 0x0000000084800000, 0x0000000084800000|
|  35|0x0000000084900000, 0x0000000084a00000, 0x0000000084a00000|100%| O|  |TS  2|AC  0|TAMS 0x0000000084900000, 0x0000000084900000|
|  36|0x0000000084a00000, 0x0000000084b00000, 0x0000000084b00000|100%| O|  |TS  3|AC  0|TAMS 0x0000000084a00000, 0x0000000084a00000|
|  37|0x0000000084b00000, 0x0000000084c00000, 0x0000000084c00000|100%| O|  |TS  3|AC  0|TAMS 0x0000000084b00000, 0x0000000084b00000|
|  38|0x0000000084c00000, 0x0000000084d00000, 0x0000000084d00000|100%| O|  |TS  3|AC  0|TAMS 0x0000000084c00000, 0x0000000084c00000|
|  39|0x0000000084d00000, 0x0000000084e00000, 0x0000000084e00000|100%| O|  |TS  3|AC  0|TAMS 0x0000000084d00000, 0x0000000084d00000|
|  40|0x0000000084e00000, 0x0000000084f00000, 0x0000000084f00000|100%| O|  |TS  3|AC  0|TAMS 0x0000000084e00000, 0x0000000084e00000|
|  41|0x0000000084f00000, 0x0000000085000000, 0x0000000085000000|100%| O|  |TS  4|AC  0|TAMS 0x0000000084f00000, 0x0000000084f00000|
|  42|0x0000000085000000, 0x0000000085100000, 0x0000000085100000|100%| O|  |TS  4|AC  0|TAMS 0x0000000085000000, 0x0000000085000000|
|  43|0x0000000085100000, 0x0000000085200000, 0x0000000085200000|100%| O|  |TS  4|AC  0|TAMS 0x0000000085100000, 0x0000000085100000|
|  44|0x0000000085200000, 0x0000000085300000, 0x0000000085300000|100%| O|  |TS  4|AC  0|TAMS 0x0000000085200000, 0x0000000085200000|
|  45|0x0000000085300000, 0x00000000853fd600, 0x0000000085400000| 98%| O|  |TS  4|AC  0|TAMS 0x0000000085300000, 0x0000000085300000|
|  46|0x0000000085400000, 0x0000000085400000, 0x0000000085500000|  0%| F|  |TS  0|AC  0|TAMS 0x0000000085400000, 0x0000000085400000|
|  47|0x0000000085500000, 0x0000000085500000, 0x0000000085600000|  0%| F|  |TS  0|AC  0|TAMS 0x0000000085500000, 0x0000000085500000|
|  48|0x0000000085600000, 0x0000000085600000, 0x0000000085700000|  0%| F|  |TS  0|AC  0|TAMS 0x0000000085600000, 0x0000000085600000|
|  49|0x0000000085700000, 0x0000000085700000, 0x0000000085800000|  0%| F|  |TS  0|AC  0|TAMS 0x0000000085700000, 0x0000000085700000|
|  50|0x0000000085800000, 0x0000000085800000, 0x0000000085900000|  0%| F|  |TS  0|AC  0|TAMS 0x0000000085800000, 0x0000000085800000|
|  51|0x0000000085900000, 0x0000000085900000, 0x0000000085a00000|  0%| F|  |TS  0|AC  0|TAMS 0x0000000085900000, 0x0000000085900000|
|  52|0x0000000085a00000, 0x0000000085a00000, 0x0000000085b00000|  0%| F|  |TS  0|AC  0|TAMS 0x0000000085a00000, 0x0000000085a00000|
|  53|0x0000000085b00000, 0x0000000085b00000, 0x0000000085c00000|  0%| F|  |TS  0|AC  0|TAMS 0x0000000085b00000, 0x0000000085b00000|
|  54|0x0000000085c00000, 0x0000000085c00000, 0x0000000085d00000|  0%| F|  |TS  0|AC  0|TAMS 0x0000000085c00000, 0x0000000085c00000|
|  55|0x0000000085d00000, 0x0000000085d00000, 0x0000000085e00000|  0%| F|  |TS  0|AC  0|TAMS 0x0000000085d00000, 0x0000000085d00000|
|  56|0x0000000085e00000, 0x0000000085e00000, 0x0000000085f00000|  0%| F|  |TS  0|AC  0|TAMS 0x0000000085e00000, 0x0000000085e00000|
|  57|0x0000000085f00000, 0x0000000085f00000, 0x0000000086000000|  0%| F|  |TS  0|AC  0|TAMS 0x0000000085f00000, 0x0000000085f00000|
|  58|0x0000000086000000, 0x0000000086000000, 0x0000000086100000|  0%| F|  |TS  0|AC  0|TAMS 0x0000000086000000, 0x0000000086000000|
|  59|0x0000000086100000, 0x0000000086100000, 0x0000000086200000|  0%| F|  |TS  0|AC  0|TAMS 0x0000000086100000, 0x0000000086100000|
|  60|0x0000000086200000, 0x0000000086200000, 0x0000000086300000|  0%| F|  |TS  0|AC  0|TAMS 0x0000000086200000, 0x0000000086200000|
|  61|0x0000000086300000, 0x0000000086300000, 0x0000000086400000|  0%| F|  |TS  2|AC  0|TAMS 0x0000000086300000, 0x0000000086300000|
|  62|0x0000000086400000, 0x0000000086400000, 0x0000000086500000|  0%| F|  |TS  2|AC  0|TAMS 0x0000000086400000, 0x0000000086400000|
|  63|0x0000000086500000, 0x0000000086500000, 0x0000000086600000|  0%| F|  |TS  4|AC  0|TAMS 0x0000000086500000, 0x0000000086500000|
|  64|0x0000000086600000, 0x0000000086600000, 0x0000000086700000|  0%| F|  |TS  3|AC  0|TAMS 0x0000000086600000, 0x0000000086600000|
|  65|0x0000000086700000, 0x0000000086700000, 0x0000000086800000|  0%| F|  |TS  3|AC  0|TAMS 0x0000000086700000, 0x0000000086700000|
|  66|0x0000000086800000, 0x0000000086800000, 0x0000000086900000|  0%| F|  |TS  3|AC  0|TAMS 0x0000000086800000, 0x0000000086800000|
|  67|0x0000000086900000, 0x0000000086900000, 0x0000000086a00000|  0%| F|  |TS  3|AC  0|TAMS 0x0000000086900000, 0x0000000086900000|
|  68|0x0000000086a00000, 0x0000000086a00000, 0x0000000086b00000|  0%| F|  |TS  3|AC  0|TAMS 0x0000000086a00000, 0x0000000086a00000|
|  69|0x0000000086b00000, 0x0000000086b00000, 0x0000000086c00000|  0%| F|  |TS  3|AC  0|TAMS 0x0000000086b00000, 0x0000000086b00000|
|  70|0x0000000086c00000, 0x0000000086c00000, 0x0000000086d00000|  0%| F|  |TS  3|AC  0|TAMS 0x0000000086c00000, 0x0000000086c00000|
|  71|0x0000000086d00000, 0x0000000086d00000, 0x0000000086e00000|  0%| F|  |TS  3|AC  0|TAMS 0x0000000086d00000, 0x0000000086d00000|
|  72|0x0000000086e00000, 0x0000000086e00000, 0x0000000086f00000|  0%| F|  |TS  3|AC  0|TAMS 0x0000000086e00000, 0x0000000086e00000|
|  73|0x0000000086f00000, 0x0000000086f00000, 0x0000000087000000|  0%| F|  |TS  3|AC  0|TAMS 0x0000000086f00000, 0x0000000086f00000|
|  74|0x0000000087000000, 0x0000000087000000, 0x0000000087100000|  0%| F|  |TS  4|AC  0|TAMS 0x0000000087000000, 0x0000000087000000|
|  75|0x0000000087100000, 0x0000000087100000, 0x0000000087200000|  0%| F|  |TS  4|AC  0|TAMS 0x0000000087100000, 0x0000000087100000|
|  76|0x0000000087200000, 0x0000000087200000, 0x0000000087300000|  0%| F|  |TS  4|AC  0|TAMS 0x0000000087200000, 0x0000000087200000|
|  77|0x0000000087300000, 0x0000000087300000, 0x0000000087400000|  0%| F|  |TS  4|AC  0|TAMS 0x0000000087300000, 0x0000000087300000|
|  78|0x0000000087400000, 0x0000000087400000, 0x0000000087500000|  0%| F|  |TS  4|AC  0|TAMS 0x0000000087400000, 0x0000000087400000|
|  79|0x0000000087500000, 0x0000000087500000, 0x0000000087600000|  0%| F|  |TS  4|AC  0|TAMS 0x0000000087500000, 0x0000000087500000|
|  80|0x0000000087600000, 0x0000000087600000, 0x0000000087700000|  0%| F|  |TS  4|AC  0|TAMS 0x0000000087600000, 0x0000000087600000|
|  81|0x0000000087700000, 0x0000000087700000, 0x0000000087800000|  0%| F|  |TS  4|AC  0|TAMS 0x0000000087700000, 0x0000000087700000|
|  82|0x0000000087800000, 0x0000000087800000, 0x0000000087900000|  0%| F|  |TS  4|AC  0|TAMS 0x0000000087800000, 0x0000000087800000|
|  83|0x0000000087900000, 0x0000000087900000, 0x0000000087a00000|  0%| F|  |TS  4|AC  0|TAMS 0x0000000087900000, 0x0000000087900000|
|  84|0x0000000087a00000, 0x0000000087a00000, 0x0000000087b00000|  0%| F|  |TS  3|AC  0|TAMS 0x0000000087a00000, 0x0000000087a00000|
|  85|0x0000000087b00000, 0x0000000087b00000, 0x0000000087c00000|  0%| F|  |TS  3|AC  0|TAMS 0x0000000087b00000, 0x0000000087b00000|
|  86|0x0000000087c00000, 0x0000000087c00000, 0x0000000087d00000|  0%| F|  |TS  3|AC  0|TAMS 0x0000000087c00000, 0x0000000087c00000|
|  87|0x0000000087d00000, 0x0000000087d00000, 0x0000000087e00000|  0%| F|  |TS  3|AC  0|TAMS 0x0000000087d00000, 0x0000000087d00000|
|  88|0x0000000087e00000, 0x0000000087e00000, 0x0000000087f00000|  0%| F|  |TS  3|AC  0|TAMS 0x0000000087e00000, 0x0000000087e00000|
|  89|0x0000000087f00000, 0x0000000087f00000, 0x0000000088000000|  0%| F|  |TS  3|AC  0|TAMS 0x0000000087f00000, 0x0000000087f00000|
|  90|0x0000000088000000, 0x0000000088000000, 0x0000000088100000|  0%| F|  |TS  3|AC  0|TAMS 0x0000000088000000, 0x0000000088000000|
|  91|0x0000000088100000, 0x0000000088100000, 0x0000000088200000|  0%| F|  |TS  3|AC  0|TAMS 0x0000000088100000, 0x0000000088100000|
|  92|0x0000000088200000, 0x0000000088300000, 0x0000000088300000|100%| S|CS|TS  4|AC  0|TAMS 0x0000000088200000, 0x0000000088200000|
|  93|0x0000000088300000, 0x0000000088400000, 0x0000000088400000|100%| S|CS|TS  4|AC  0|TAMS 0x0000000088300000, 0x0000000088300000|
|  94|0x0000000088400000, 0x0000000088500000, 0x0000000088500000|100%| S|CS|TS  4|AC  0|TAMS 0x0000000088400000, 0x0000000088400000|
|  95|0x0000000088500000, 0x0000000088600000, 0x0000000088600000|100%| S|CS|TS  4|AC  0|TAMS 0x0000000088500000, 0x0000000088500000|
|  96|0x0000000088600000, 0x0000000088700000, 0x0000000088700000|100%| S|CS|TS  4|AC  0|TAMS 0x0000000088600000, 0x0000000088600000|
|  97|0x0000000088700000, 0x0000000088800000, 0x0000000088800000|100%| S|CS|TS  4|AC  0|TAMS 0x0000000088700000, 0x0000000088700000|
|  98|0x0000000088800000, 0x0000000088900000, 0x0000000088900000|100%| S|CS|TS  4|AC  0|TAMS 0x0000000088800000, 0x0000000088800000|
|  99|0x0000000088900000, 0x0000000088900000, 0x0000000088a00000|  0%| F|  |TS  4|AC  0|TAMS 0x0000000088900000, 0x0000000088900000|
| 100|0x0000000088a00000, 0x0000000088a00000, 0x0000000088b00000|  0%| F|  |TS  4|AC  0|TAMS 0x0000000088a00000, 0x0000000088a00000|
| 101|0x0000000088b00000, 0x0000000088b00000, 0x0000000088c00000|  0%| F|  |TS  4|AC  0|TAMS 0x0000000088b00000, 0x0000000088b00000|
| 102|0x0000000088c00000, 0x0000000088c00000, 0x0000000088d00000|  0%| F|  |TS  4|AC  0|TAMS 0x0000000088c00000, 0x0000000088c00000|
| 103|0x0000000088d00000, 0x0000000088d00000, 0x0000000088e00000|  0%| F|  |TS  4|AC  0|TAMS 0x0000000088d00000, 0x0000000088d00000|
| 104|0x0000000088e00000, 0x0000000088e00000, 0x0000000088f00000|  0%| F|  |TS  4|AC  0|TAMS 0x0000000088e00000, 0x0000000088e00000|
| 105|0x0000000088f00000, 0x0000000088f00000, 0x0000000089000000|  0%| F|  |TS  4|AC  0|TAMS 0x0000000088f00000, 0x0000000088f00000|
| 106|0x0000000089000000, 0x0000000089000000, 0x0000000089100000|  0%| F|  |TS  4|AC  0|TAMS 0x0000000089000000, 0x0000000089000000|
| 107|0x0000000089100000, 0x0000000089100000, 0x0000000089200000|  0%| F|  |TS  4|AC  0|TAMS 0x0000000089100000, 0x0000000089100000|
| 108|0x0000000089200000, 0x0000000089200000, 0x0000000089300000|  0%| F|  |TS  4|AC  0|TAMS 0x0000000089200000, 0x0000000089200000|
| 109|0x0000000089300000, 0x0000000089300000, 0x0000000089400000|  0%| F|  |TS  4|AC  0|TAMS 0x0000000089300000, 0x0000000089300000|
| 110|0x0000000089400000, 0x0000000089400000, 0x0000000089500000|  0%| F|  |TS  4|AC  0|TAMS 0x0000000089400000, 0x0000000089400000|
| 111|0x0000000089500000, 0x0000000089500000, 0x0000000089600000|  0%| F|  |TS  4|AC  0|TAMS 0x0000000089500000, 0x0000000089500000|
| 112|0x0000000089600000, 0x0000000089600000, 0x0000000089700000|  0%| F|  |TS  4|AC  0|TAMS 0x0000000089600000, 0x0000000089600000|
| 113|0x0000000089700000, 0x0000000089700000, 0x0000000089800000|  0%| F|  |TS  4|AC  0|TAMS 0x0000000089700000, 0x0000000089700000|
| 114|0x0000000089800000, 0x0000000089800000, 0x0000000089900000|  0%| F|  |TS  4|AC  0|TAMS 0x0000000089800000, 0x0000000089800000|
| 115|0x0000000089900000, 0x0000000089900000, 0x0000000089a00000|  0%| F|  |TS  4|AC  0|TAMS 0x0000000089900000, 0x0000000089900000|
| 116|0x0000000089a00000, 0x0000000089a00000, 0x0000000089b00000|  0%| F|  |TS  4|AC  0|TAMS 0x0000000089a00000, 0x0000000089a00000|
| 117|0x0000000089b00000, 0x0000000089b00000, 0x0000000089c00000|  0%| F|  |TS  4|AC  0|TAMS 0x0000000089b00000, 0x0000000089b00000|
| 118|0x0000000089c00000, 0x0000000089c00000, 0x0000000089d00000|  0%| F|  |TS  4|AC  0|TAMS 0x0000000089c00000, 0x0000000089c00000|
| 119|0x0000000089d00000, 0x0000000089d00000, 0x0000000089e00000|  0%| F|  |TS  4|AC  0|TAMS 0x0000000089d00000, 0x0000000089d00000|
| 120|0x0000000089e00000, 0x0000000089e00000, 0x0000000089f00000|  0%| F|  |TS  4|AC  0|TAMS 0x0000000089e00000, 0x0000000089e00000|
| 121|0x0000000089f00000, 0x0000000089f00000, 0x000000008a000000|  0%| F|  |TS  4|AC  0|TAMS 0x0000000089f00000, 0x0000000089f00000|
| 122|0x000000008a000000, 0x000000008a000000, 0x000000008a100000|  0%| F|  |TS  4|AC  0|TAMS 0x000000008a000000, 0x000000008a000000|
| 123|0x000000008a100000, 0x000000008a100000, 0x000000008a200000|  0%| F|  |TS  4|AC  0|TAMS 0x000000008a100000, 0x000000008a100000|
| 124|0x000000008a200000, 0x000000008a200000, 0x000000008a300000|  0%| F|  |TS  4|AC  0|TAMS 0x000000008a200000, 0x000000008a200000|
| 125|0x000000008a300000, 0x000000008a300000, 0x000000008a400000|  0%| F|  |TS  4|AC  0|TAMS 0x000000008a300000, 0x000000008a300000|
| 126|0x000000008a400000, 0x000000008a400000, 0x000000008a500000|  0%| F|  |TS  4|AC  0|TAMS 0x000000008a400000, 0x000000008a400000|
| 127|0x000000008a500000, 0x000000008a500000, 0x000000008a600000|  0%| F|  |TS  4|AC  0|TAMS 0x000000008a500000, 0x000000008a500000|
| 128|0x000000008a600000, 0x000000008a600000, 0x000000008a700000|  0%| F|  |TS  4|AC  0|TAMS 0x000000008a600000, 0x000000008a600000|
| 129|0x000000008a700000, 0x000000008a700000, 0x000000008a800000|  0%| F|  |TS  4|AC  0|TAMS 0x000000008a700000, 0x000000008a700000|
| 130|0x000000008a800000, 0x000000008a800000, 0x000000008a900000|  0%| F|  |TS  4|AC  0|TAMS 0x000000008a800000, 0x000000008a800000|
| 131|0x000000008a900000, 0x000000008a900000, 0x000000008aa00000|  0%| F|  |TS  4|AC  0|TAMS 0x000000008a900000, 0x000000008a900000|
| 132|0x000000008aa00000, 0x000000008aa00000, 0x000000008ab00000|  0%| F|  |TS  4|AC  0|TAMS 0x000000008aa00000, 0x000000008aa00000|
| 133|0x000000008ab00000, 0x000000008ab00000, 0x000000008ac00000|  0%| F|  |TS  4|AC  0|TAMS 0x000000008ab00000, 0x000000008ab00000|
| 134|0x000000008ac00000, 0x000000008ac00000, 0x000000008ad00000|  0%| F|  |TS  4|AC  0|TAMS 0x000000008ac00000, 0x000000008ac00000|
| 135|0x000000008ad00000, 0x000000008ad00000, 0x000000008ae00000|  0%| F|  |TS  4|AC  0|TAMS 0x000000008ad00000, 0x000000008ad00000|
| 136|0x000000008ae00000, 0x000000008ae00000, 0x000000008af00000|  0%| F|  |TS  4|AC  0|TAMS 0x000000008ae00000, 0x000000008ae00000|
| 137|0x000000008af00000, 0x000000008af00000, 0x000000008b000000|  0%| F|  |TS  4|AC  0|TAMS 0x000000008af00000, 0x000000008af00000|
| 138|0x000000008b000000, 0x000000008b000000, 0x000000008b100000|  0%| F|  |TS  4|AC  0|TAMS 0x000000008b000000, 0x000000008b000000|
| 139|0x000000008b100000, 0x000000008b100000, 0x000000008b200000|  0%| F|  |TS  4|AC  0|TAMS 0x000000008b100000, 0x000000008b100000|
| 140|0x000000008b200000, 0x000000008b200000, 0x000000008b300000|  0%| F|  |TS  4|AC  0|TAMS 0x000000008b200000, 0x000000008b200000|
| 141|0x000000008b300000, 0x000000008b300000, 0x000000008b400000|  0%| F|  |TS  4|AC  0|TAMS 0x000000008b300000, 0x000000008b300000|
| 142|0x000000008b400000, 0x000000008b400000, 0x000000008b500000|  0%| F|  |TS  4|AC  0|TAMS 0x000000008b400000, 0x000000008b400000|
| 143|0x000000008b500000, 0x000000008b500000, 0x000000008b600000|  0%| F|  |TS  4|AC  0|TAMS 0x000000008b500000, 0x000000008b500000|
| 144|0x000000008b600000, 0x000000008b600000, 0x000000008b700000|  0%| F|  |TS  4|AC  0|TAMS 0x000000008b600000, 0x000000008b600000|
| 145|0x000000008b700000, 0x000000008b700000, 0x000000008b800000|  0%| F|  |TS  4|AC  0|TAMS 0x000000008b700000, 0x000000008b700000|
| 146|0x000000008b800000, 0x000000008b800000, 0x000000008b900000|  0%| F|  |TS  4|AC  0|TAMS 0x000000008b800000, 0x000000008b800000|
| 147|0x000000008b900000, 0x000000008b900000, 0x000000008ba00000|  0%| F|  |TS  4|AC  0|TAMS 0x000000008b900000, 0x000000008b900000|
| 148|0x000000008ba00000, 0x000000008ba00000, 0x000000008bb00000|  0%| F|  |TS  4|AC  0|TAMS 0x000000008ba00000, 0x000000008ba00000|
| 149|0x000000008bb00000, 0x000000008bb00000, 0x000000008bc00000|  0%| F|  |TS  4|AC  0|TAMS 0x000000008bb00000, 0x000000008bb00000|
| 150|0x000000008bc00000, 0x000000008bc00000, 0x000000008bd00000|  0%| F|  |TS  4|AC  0|TAMS 0x000000008bc00000, 0x000000008bc00000|
| 151|0x000000008bd00000, 0x000000008bd00000, 0x000000008be00000|  0%| F|  |TS  4|AC  0|TAMS 0x000000008bd00000, 0x000000008bd00000|
| 152|0x000000008be00000, 0x000000008be00000, 0x000000008bf00000|  0%| F|  |TS  4|AC  0|TAMS 0x000000008be00000, 0x000000008be00000|
| 153|0x000000008bf00000, 0x000000008bf00000, 0x000000008c000000|  0%| F|  |TS  4|AC  0|TAMS 0x000000008bf00000, 0x000000008bf00000|
| 154|0x000000008c000000, 0x000000008c000000, 0x000000008c100000|  0%| F|  |TS  4|AC  0|TAMS 0x000000008c000000, 0x000000008c000000|
| 155|0x000000008c100000, 0x000000008c100000, 0x000000008c200000|  0%| F|  |TS  4|AC  0|TAMS 0x000000008c100000, 0x000000008c100000|
| 156|0x000000008c200000, 0x000000008c200000, 0x000000008c300000|  0%| F|  |TS  4|AC  0|TAMS 0x000000008c200000, 0x000000008c200000|
| 157|0x000000008c300000, 0x000000008c300000, 0x000000008c400000|  0%| F|  |TS  4|AC  0|TAMS 0x000000008c300000, 0x000000008c300000|
| 158|0x000000008c400000, 0x000000008c400000, 0x000000008c500000|  0%| F|  |TS  4|AC  0|TAMS 0x000000008c400000, 0x000000008c400000|
| 159|0x000000008c500000, 0x000000008c500000, 0x000000008c600000|  0%| F|  |TS  4|AC  0|TAMS 0x000000008c500000, 0x000000008c500000|
| 160|0x000000008c600000, 0x000000008c600000, 0x000000008c700000|  0%| F|  |TS  4|AC  0|TAMS 0x000000008c600000, 0x000000008c600000|
| 161|0x000000008c700000, 0x000000008c700000, 0x000000008c800000|  0%| F|  |TS  4|AC  0|TAMS 0x000000008c700000, 0x000000008c700000|
| 162|0x000000008c800000, 0x000000008c800000, 0x000000008c900000|  0%| F|  |TS  4|AC  0|TAMS 0x000000008c800000, 0x000000008c800000|
| 163|0x000000008c900000, 0x000000008c900000, 0x000000008ca00000|  0%| F|  |TS  4|AC  0|TAMS 0x000000008c900000, 0x000000008c900000|
| 164|0x000000008ca00000, 0x000000008ca00000, 0x000000008cb00000|  0%| F|  |TS  4|AC  0|TAMS 0x000000008ca00000, 0x000000008ca00000|
| 165|0x000000008cb00000, 0x000000008cb00000, 0x000000008cc00000|  0%| F|  |TS  4|AC  0|TAMS 0x000000008cb00000, 0x000000008cb00000|
| 166|0x000000008cc00000, 0x000000008cc00000, 0x000000008cd00000|  0%| F|  |TS  4|AC  0|TAMS 0x000000008cc00000, 0x000000008cc00000|
| 167|0x000000008cd00000, 0x000000008cd00000, 0x000000008ce00000|  0%| F|  |TS  4|AC  0|TAMS 0x000000008cd00000, 0x000000008cd00000|
| 168|0x000000008ce00000, 0x000000008ce00000, 0x000000008cf00000|  0%| F|  |TS  4|AC  0|TAMS 0x000000008ce00000, 0x000000008ce00000|
| 169|0x000000008cf00000, 0x000000008cf00000, 0x000000008d000000|  0%| F|  |TS  4|AC  0|TAMS 0x000000008cf00000, 0x000000008cf00000|
| 170|0x000000008d000000, 0x000000008d000000, 0x000000008d100000|  0%| F|  |TS  4|AC  0|TAMS 0x000000008d000000, 0x000000008d000000|
| 171|0x000000008d100000, 0x000000008d100000, 0x000000008d200000|  0%| F|  |TS  4|AC  0|TAMS 0x000000008d100000, 0x000000008d100000|
| 172|0x000000008d200000, 0x000000008d200000, 0x000000008d300000|  0%| F|  |TS  4|AC  0|TAMS 0x000000008d200000, 0x000000008d200000|
| 173|0x000000008d300000, 0x000000008d300000, 0x000000008d400000|  0%| F|  |TS  4|AC  0|TAMS 0x000000008d300000, 0x000000008d300000|
| 174|0x000000008d400000, 0x000000008d400000, 0x000000008d500000|  0%| F|  |TS  4|AC  0|TAMS 0x000000008d400000, 0x000000008d400000|
| 175|0x000000008d500000, 0x000000008d500000, 0x000000008d600000|  0%| F|  |TS  4|AC  0|TAMS 0x000000008d500000, 0x000000008d500000|
| 176|0x000000008d600000, 0x000000008d600000, 0x000000008d700000|  0%| F|  |TS  4|AC  0|TAMS 0x000000008d600000, 0x000000008d600000|
| 177|0x000000008d700000, 0x000000008d700000, 0x000000008d800000|  0%| F|  |TS  4|AC  0|TAMS 0x000000008d700000, 0x000000008d700000|
| 178|0x000000008d800000, 0x000000008d800000, 0x000000008d900000|  0%| F|  |TS  4|AC  0|TAMS 0x000000008d800000, 0x000000008d800000|
| 179|0x000000008d900000, 0x000000008d900000, 0x000000008da00000|  0%| F|  |TS  4|AC  0|TAMS 0x000000008d900000, 0x000000008d900000|
| 180|0x000000008da00000, 0x000000008da00000, 0x000000008db00000|  0%| F|  |TS  4|AC  0|TAMS 0x000000008da00000, 0x000000008da00000|
| 181|0x000000008db00000, 0x000000008db00000, 0x000000008dc00000|  0%| F|  |TS  4|AC  0|TAMS 0x000000008db00000, 0x000000008db00000|
| 182|0x000000008dc00000, 0x000000008dc00000, 0x000000008dd00000|  0%| F|  |TS  4|AC  0|TAMS 0x000000008dc00000, 0x000000008dc00000|
| 183|0x000000008dd00000, 0x000000008dd00000, 0x000000008de00000|  0%| F|  |TS  4|AC  0|TAMS 0x000000008dd00000, 0x000000008dd00000|
| 184|0x000000008de00000, 0x000000008de00000, 0x000000008df00000|  0%| F|  |TS  4|AC  0|TAMS 0x000000008de00000, 0x000000008de00000|
| 185|0x000000008df00000, 0x000000008df00000, 0x000000008e000000|  0%| F|  |TS  4|AC  0|TAMS 0x000000008df00000, 0x000000008df00000|
| 186|0x000000008e000000, 0x000000008e000000, 0x000000008e100000|  0%| F|  |TS  4|AC  0|TAMS 0x000000008e000000, 0x000000008e000000|
| 187|0x000000008e100000, 0x000000008e100000, 0x000000008e200000|  0%| F|  |TS  4|AC  0|TAMS 0x000000008e100000, 0x000000008e100000|
| 188|0x000000008e200000, 0x000000008e200000, 0x000000008e300000|  0%| F|  |TS  4|AC  0|TAMS 0x000000008e200000, 0x000000008e200000|
| 189|0x000000008e300000, 0x000000008e300000, 0x000000008e400000|  0%| F|  |TS  4|AC  0|TAMS 0x000000008e300000, 0x000000008e300000|
| 190|0x000000008e400000, 0x000000008e400000, 0x000000008e500000|  0%| F|  |TS  4|AC  0|TAMS 0x000000008e400000, 0x000000008e400000|
| 191|0x000000008e500000, 0x000000008e500000, 0x000000008e600000|  0%| F|  |TS  4|AC  0|TAMS 0x000000008e500000, 0x000000008e500000|
| 192|0x000000008e600000, 0x000000008e600000, 0x000000008e700000|  0%| F|  |TS  4|AC  0|TAMS 0x000000008e600000, 0x000000008e600000|
| 193|0x000000008e700000, 0x000000008e700000, 0x000000008e800000|  0%| F|  |TS  4|AC  0|TAMS 0x000000008e700000, 0x000000008e700000|
| 194|0x000000008e800000, 0x000000008e800000, 0x000000008e900000|  0%| F|  |TS  4|AC  0|TAMS 0x000000008e800000, 0x000000008e800000|
| 195|0x000000008e900000, 0x000000008ea00000, 0x000000008ea00000|100%| E|  |TS  4|AC  0|TAMS 0x000000008e900000, 0x000000008e900000|
| 196|0x000000008ea00000, 0x000000008eb00000, 0x000000008eb00000|100%| E|CS|TS  4|AC  0|TAMS 0x000000008ea00000, 0x000000008ea00000|
| 197|0x000000008eb00000, 0x000000008ec00000, 0x000000008ec00000|100%| E|CS|TS  4|AC  0|TAMS 0x000000008eb00000, 0x000000008eb00000|
| 198|0x000000008ec00000, 0x000000008ed00000, 0x000000008ed00000|100%| E|CS|TS  4|AC  0|TAMS 0x000000008ec00000, 0x000000008ec00000|
| 199|0x000000008ed00000, 0x000000008ee00000, 0x000000008ee00000|100%| E|CS|TS  4|AC  0|TAMS 0x000000008ed00000, 0x000000008ed00000|
| 200|0x000000008ee00000, 0x000000008ef00000, 0x000000008ef00000|100%| E|CS|TS  4|AC  0|TAMS 0x000000008ee00000, 0x000000008ee00000|
| 201|0x000000008ef00000, 0x000000008f000000, 0x000000008f000000|100%| E|CS|TS  4|AC  0|TAMS 0x000000008ef00000, 0x000000008ef00000|
| 202|0x000000008f000000, 0x000000008f100000, 0x000000008f100000|100%| E|CS|TS  4|AC  0|TAMS 0x000000008f000000, 0x000000008f000000|
| 203|0x000000008f100000, 0x000000008f200000, 0x000000008f200000|100%| E|CS|TS  4|AC  0|TAMS 0x000000008f100000, 0x000000008f100000|
| 204|0x000000008f200000, 0x000000008f300000, 0x000000008f300000|100%| E|CS|TS  4|AC  0|TAMS 0x000000008f200000, 0x000000008f200000|
| 205|0x000000008f300000, 0x000000008f400000, 0x000000008f400000|100%| E|CS|TS  4|AC  0|TAMS 0x000000008f300000, 0x000000008f300000|
| 206|0x000000008f400000, 0x000000008f500000, 0x000000008f500000|100%| E|CS|TS  4|AC  0|TAMS 0x000000008f400000, 0x000000008f400000|
| 207|0x000000008f500000, 0x000000008f600000, 0x000000008f600000|100%| E|CS|TS  4|AC  0|TAMS 0x000000008f500000, 0x000000008f500000|
| 208|0x000000008f600000, 0x000000008f700000, 0x000000008f700000|100%| E|CS|TS  4|AC  0|TAMS 0x000000008f600000, 0x000000008f600000|
| 209|0x000000008f700000, 0x000000008f800000, 0x000000008f800000|100%| E|CS|TS  4|AC  0|TAMS 0x000000008f700000, 0x000000008f700000|
| 210|0x000000008f800000, 0x000000008f900000, 0x000000008f900000|100%| E|CS|TS  4|AC  0|TAMS 0x000000008f800000, 0x000000008f800000|
| 211|0x000000008f900000, 0x000000008fa00000, 0x000000008fa00000|100%| E|CS|TS  4|AC  0|TAMS 0x000000008f900000, 0x000000008f900000|
| 212|0x000000008fa00000, 0x000000008fb00000, 0x000000008fb00000|100%| E|CS|TS  4|AC  0|TAMS 0x000000008fa00000, 0x000000008fa00000|
| 213|0x000000008fb00000, 0x000000008fc00000, 0x000000008fc00000|100%| E|CS|TS  4|AC  0|TAMS 0x000000008fb00000, 0x000000008fb00000|
| 214|0x000000008fc00000, 0x000000008fd00000, 0x000000008fd00000|100%| E|CS|TS  4|AC  0|TAMS 0x000000008fc00000, 0x000000008fc00000|
| 215|0x000000008fd00000, 0x000000008fe00000, 0x000000008fe00000|100%| E|CS|TS  4|AC  0|TAMS 0x000000008fd00000, 0x000000008fd00000|
| 216|0x000000008fe00000, 0x000000008ff00000, 0x000000008ff00000|100%| E|CS|TS  4|AC  0|TAMS 0x000000008fe00000, 0x000000008fe00000|
| 217|0x000000008ff00000, 0x0000000090000000, 0x0000000090000000|100%| E|CS|TS  4|AC  0|TAMS 0x000000008ff00000, 0x000000008ff00000|
| 218|0x0000000090000000, 0x0000000090100000, 0x0000000090100000|100%| E|CS|TS  4|AC  0|TAMS 0x0000000090000000, 0x0000000090000000|
| 219|0x0000000090100000, 0x0000000090200000, 0x0000000090200000|100%| E|CS|TS  4|AC  0|TAMS 0x0000000090100000, 0x0000000090100000|

Card table byte_map: [0x0000014f9ec00000,0x0000014f9eff0000] byte_map_base: 0x0000014f9e7ed000

Marking Bits (Prev, Next): (CMBitMap*) 0x0000014f84220ce0, (CMBitMap*) 0x0000014f84220d18
 Prev Bits: [0x0000014f9f3e0000, 0x0000014fa1348000)
 Next Bits: [0x0000014fa1350000, 0x0000014fa32b8000)

Polling page: 0x0000014f81d10000

CodeHeap 'non-profiled nmethods': size=120000Kb used=6074Kb max_used=6074Kb free=113925Kb
 bounds [0x0000014f96fb0000, 0x0000014f975a0000, 0x0000014f9e4e0000]
CodeHeap 'profiled nmethods': size=120000Kb used=18092Kb max_used=18092Kb free=101907Kb
 bounds [0x0000014f8fa80000, 0x0000014f90c30000, 0x0000014f96fb0000]
CodeHeap 'non-nmethods': size=5760Kb used=1276Kb max_used=1321Kb free=4484Kb
 bounds [0x0000014f8f4e0000, 0x0000014f8f750000, 0x0000014f8fa80000]
 total_blobs=10628 nmethods=7690 adapters=576
 compilation: enabled

Compilation events (10 events):
Event: 11.323 Thread 0x0000014fa65c0000 8042       3       org.mockito.internal.MockitoCore::mockingDetails (9 bytes)
Event: 11.323 Thread 0x0000014fa65c0000 nmethod 8042 0x0000014f90c2d790 code [0x0000014f90c2d960, 0x0000014f90c2dc38]
Event: 11.323 Thread 0x0000014fa65c0000 8043       3       java.lang.invoke.LambdaFormEditor::getInCache (186 bytes)
Event: 11.323 Thread 0x0000014fa65c0000 nmethod 8043 0x0000014f90c2dd10 code [0x0000014f90c2dfa0, 0x0000014f90c2efd0]
Event: 11.323 Thread 0x0000014fa65c0000 8045       3       java.util.ArrayList::remove (76 bytes)
Event: 11.324 Thread 0x0000014fa65c0000 nmethod 8045 0x0000014f90c2f390 code [0x0000014f90c2f580, 0x0000014f90c2faa0]
Event: 11.329 Thread 0x0000014fa65c1000 nmethod 8009 0x0000014f9759c810 code [0x0000014f9759ca60, 0x0000014f9759d6d0]
Event: 11.329 Thread 0x0000014fa65c1000 8036 %     4       java.lang.StringLatin1::compareToCI @ 16 (108 bytes)
Event: 11.332 Thread 0x0000014fa65c1000 nmethod 8036% 0x0000014f9759df10 code [0x0000014f9759e0e0, 0x0000014f9759e638]
Event: 11.332 Thread 0x0000014fa65c1000 8044       4       org.springframework.core.ResolvableType::isArray (58 bytes)

GC Heap History (10 events):
Event: 7.252 GC heap before
{Heap before GC invocations=14 (full 0):
 garbage-first heap   total 187392K, used 137391K [0x0000000082600000, 0x0000000100000000)
  region size 1024K, 109 young (111616K), 5 survivors (5120K)
 Metaspace       used 70501K, capacity 72116K, committed 72780K, reserved 1114112K
  class space    used 8208K, capacity 8933K, committed 9036K, reserved 1048576K
}
Event: 7.262 GC heap after
{Heap after GC invocations=15 (full 0):
 garbage-first heap   total 187392K, used 37111K [0x0000000082600000, 0x0000000100000000)
  region size 1024K, 11 young (11264K), 11 survivors (11264K)
 Metaspace       used 70501K, capacity 72116K, committed 72780K, reserved 1114112K
  class space    used 8208K, capacity 8933K, committed 9036K, reserved 1048576K
}
Event: 8.062 GC heap before
{Heap before GC invocations=16 (full 0):
 garbage-first heap   total 187392K, used 137463K [0x0000000082600000, 0x0000000100000000)
  region size 1024K, 109 young (111616K), 11 survivors (11264K)
 Metaspace       used 73800K, capacity 75613K, committed 76236K, reserved 1116160K
  class space    used 8640K, capacity 9408K, committed 9420K, reserved 1048576K
}
Event: 8.074 GC heap after
{Heap after GC invocations=17 (full 0):
 garbage-first heap   total 187392K, used 42493K [0x0000000082600000, 0x0000000100000000)
  region size 1024K, 13 young (13312K), 13 survivors (13312K)
 Metaspace       used 73800K, capacity 75613K, committed 76236K, reserved 1116160K
  class space    used 8640K, capacity 9408K, committed 9420K, reserved 1048576K
}
Event: 9.040 GC heap before
{Heap before GC invocations=17 (full 0):
 garbage-first heap   total 187392K, used 140797K [0x0000000082600000, 0x0000000100000000)
  region size 1024K, 109 young (111616K), 13 survivors (13312K)
 Metaspace       used 76143K, capacity 78078K, committed 78668K, reserved 1118208K
  class space    used 8944K, capacity 9757K, committed 9804K, reserved 1048576K
}
Event: 9.065 GC heap after
{Heap after GC invocations=18 (full 0):
 garbage-first heap   total 187392K, used 49152K [0x0000000082600000, 0x0000000100000000)
  region size 1024K, 12 young (12288K), 12 survivors (12288K)
 Metaspace       used 76143K, capacity 78078K, committed 78668K, reserved 1118208K
  class space    used 8944K, capacity 9757K, committed 9804K, reserved 1048576K
}
Event: 10.046 GC heap before
{Heap before GC invocations=18 (full 0):
 garbage-first heap   total 187392K, used 148480K [0x0000000082600000, 0x0000000100000000)
  region size 1024K, 109 young (111616K), 12 survivors (12288K)
 Metaspace       used 80248K, capacity 82224K, committed 82764K, reserved 1122304K
  class space    used 9489K, capacity 10310K, committed 10316K, reserved 1048576K
}
Event: 10.056 GC heap after
{Heap after GC invocations=19 (full 0):
 garbage-first heap   total 225280K, used 52911K [0x0000000082600000, 0x0000000100000000)
  region size 1024K, 11 young (11264K), 11 survivors (11264K)
 Metaspace       used 80248K, capacity 82224K, committed 82764K, reserved 1122304K
  class space    used 9489K, capacity 10310K, committed 10316K, reserved 1048576K
}
Event: 11.073 GC heap before
{Heap before GC invocations=19 (full 0):
 garbage-first heap   total 225280K, used 176815K [0x0000000082600000, 0x0000000100000000)
  region size 1024K, 132 young (135168K), 11 survivors (11264K)
 Metaspace       used 83613K, capacity 85664K, committed 86220K, reserved 1124352K
  class space    used 9998K, capacity 10857K, committed 10956K, reserved 1048576K
}
Event: 11.087 GC heap after
{Heap after GC invocations=20 (full 0):
 garbage-first heap   total 225280K, used 54261K [0x0000000082600000, 0x0000000100000000)
  region size 1024K, 7 young (7168K), 7 survivors (7168K)
 Metaspace       used 83613K, capacity 85664K, committed 86220K, reserved 1124352K
  class space    used 9998K, capacity 10857K, committed 10956K, reserved 1048576K
}

Deoptimization events (10 events):
Event: 10.616 Thread 0x0000014f84181000 Uncommon trap: reason=class_check action=maybe_recompile pc=0x0000014f9739c900 method=java.io.DataOutputStream.writeInt(I)V @ 12 c2
Event: 10.617 Thread 0x0000014f84181000 Uncommon trap: reason=bimorphic_or_optimized_type_check action=maybe_recompile pc=0x0000014f970b3d78 method=java.io.DataOutputStream.writeByte(I)V @ 5 c2
Event: 10.617 Thread 0x0000014f84181000 Uncommon trap: reason=bimorphic_or_optimized_type_check action=maybe_recompile pc=0x0000014f9705bc68 method=java.io.DataOutputStream.writeShort(I)V @ 12 c2
Event: 10.617 Thread 0x0000014f84181000 Uncommon trap: reason=class_check action=maybe_recompile pc=0x0000014f9739c900 method=java.io.DataOutputStream.writeInt(I)V @ 12 c2
Event: 10.640 Thread 0x0000014f84181000 Uncommon trap: reason=bimorphic_or_optimized_type_check action=maybe_recompile pc=0x0000014f970b3d78 method=java.io.DataOutputStream.writeByte(I)V @ 5 c2
Event: 10.640 Thread 0x0000014f84181000 Uncommon trap: reason=bimorphic_or_optimized_type_check action=maybe_recompile pc=0x0000014f9705bc68 method=java.io.DataOutputStream.writeShort(I)V @ 12 c2
Event: 10.640 Thread 0x0000014f84181000 Uncommon trap: reason=class_check action=maybe_recompile pc=0x0000014f9739c900 method=java.io.DataOutputStream.writeInt(I)V @ 12 c2
Event: 10.721 Thread 0x0000014f84181000 Uncommon trap: reason=unstable_if action=reinterpret pc=0x0000014f974fa210 method=java.util.LinkedHashMap.get(Ljava/lang/Object;)Ljava/lang/Object; @ 20 c2
Event: 10.731 Thread 0x0000014f84181000 Uncommon trap: reason=bimorphic_or_optimized_type_check action=maybe_recompile pc=0x0000014f975436c8 method=org.springframework.core.annotation.AnnotationsScanner.processMethodInheritedAnnotations(Ljava/lang/Object;Ljava/lang/reflect/Method;Lorg/springfra
Event: 11.327 Thread 0x0000014f84181000 Uncommon trap: reason=unstable_if action=reinterpret pc=0x0000014f9754451c method=java.util.regex.Pattern.range(Ljava/util/regex/Pattern$BitClass;)Ljava/util/regex/Pattern$CharPredicate; @ 221 c2

Classes redefined (0 events):
No events

Internal exceptions (10 events):
Event: 10.414 Thread 0x0000014f84181000 Exception <a 'java/lang/ClassNotFoundException'{0x000000008c8c9128}: com/boot/pojo/userBeanInfo> (0x000000008c8c9128) thrown at [t:/workspace/open/src/hotspot/share/classfile/systemDictionary.cpp, line 233]
Event: 10.415 Thread 0x0000014f84181000 Exception <a 'java/lang/ClassNotFoundException'{0x000000008c8dd238}: com/boot/pojo/userCustomizer> (0x000000008c8dd238) thrown at [t:/workspace/open/src/hotspot/share/classfile/systemDictionary.cpp, line 233]
Event: 10.416 Thread 0x0000014f84181000 Exception <a 'java/lang/ClassNotFoundException'{0x000000008c703de0}: com/boot/pojo/userDetailBeanInfo> (0x000000008c703de0) thrown at [t:/workspace/open/src/hotspot/share/classfile/systemDictionary.cpp, line 233]
Event: 10.416 Thread 0x0000014f84181000 Exception <a 'java/lang/ClassNotFoundException'{0x000000008c719118}: com/boot/pojo/userDetailCustomizer> (0x000000008c719118) thrown at [t:/workspace/open/src/hotspot/share/classfile/systemDictionary.cpp, line 233]
Event: 10.417 Thread 0x0000014f84181000 Exception <a 'java/lang/ClassNotFoundException'{0x000000008c745810}: com/boot/pojo/user_authorityBeanInfo> (0x000000008c745810) thrown at [t:/workspace/open/src/hotspot/share/classfile/systemDictionary.cpp, line 233]
Event: 10.418 Thread 0x0000014f84181000 Exception <a 'java/lang/ClassNotFoundException'{0x000000008c75bb38}: com/boot/pojo/user_authorityCustomizer> (0x000000008c75bb38) thrown at [t:/workspace/open/src/hotspot/share/classfile/systemDictionary.cpp, line 233]
Event: 10.721 Thread 0x0000014f84181000 Exception <a 'java/lang/ClassNotFoundException'{0x000000008a0d5838}: java/lang/ObjectCustomizer> (0x000000008a0d5838) thrown at [t:/workspace/open/src/hotspot/share/classfile/systemDictionary.cpp, line 233]
Event: 10.722 Thread 0x0000014f84181000 Exception <a 'java/lang/ClassNotFoundException'{0x000000008a0ec9a8}: com/boot/RuntimeTestCustomizer> (0x000000008a0ec9a8) thrown at [t:/workspace/open/src/hotspot/share/classfile/systemDictionary.cpp, line 233]
Event: 10.732 Thread 0x0000014f84181000 Exception <a 'java/lang/NoSuchMethodError'{0x0000000089f80190}: method resolution failed> (0x0000000089f80190) thrown at [t:/workspace/open/src/hotspot/share/prims/methodHandles.cpp, line 1226]
Event: 11.259 Thread 0x0000014f84181000 Exception <a 'java/lang/ClassNotFoundException'{0x000000008f39a7f8}: java/lang/ClassLoader$ByteBuddyAccessor$SGGt5sp9> (0x000000008f39a7f8) thrown at [t:/workspace/open/src/hotspot/share/classfile/systemDictionary.cpp, line 233]

Events (10 events):
Event: 11.331 loading class org/hyperic/jni/ArchNotSupportedException
Event: 11.331 loading class org/hyperic/jni/ArchNotSupportedException done
Event: 11.331 loading class org/hyperic/sigar/SigarLoader
Event: 11.331 loading class org/hyperic/sigar/SigarLoader done
Event: 11.331 loading class org/hyperic/jni/ArchLoader
Event: 11.331 loading class org/hyperic/jni/ArchLoader done
Event: 11.332 loading class org/hyperic/jni/ArchName
Event: 11.332 loading class org/hyperic/jni/ArchName done
Event: 11.336 loading class org/hyperic/sigar/Mem
Event: 11.336 loading class org/hyperic/sigar/Mem done


Dynamic libraries:
0x00007ff6b4550000 - 0x00007ff6b458e000 	C:\Program Files\Java\jdk-10.0.2\bin\java.exe
0x00007ffdfd880000 - 0x00007ffdfda70000 	C:\Windows\SYSTEM32\ntdll.dll
0x00007ffdfbfe0000 - 0x00007ffdfc092000 	C:\Windows\System32\KERNEL32.DLL
0x00007ffdfa9c0000 - 0x00007ffdfac65000 	C:\Windows\System32\KERNELBASE.dll
0x00007ffdfccc0000 - 0x00007ffdfcd63000 	C:\Windows\System32\ADVAPI32.dll
0x00007ffdfcc20000 - 0x00007ffdfccbe000 	C:\Windows\System32\msvcrt.dll
0x00007ffdfd440000 - 0x00007ffdfd4d7000 	C:\Windows\System32\sechost.dll
0x00007ffdfcd70000 - 0x00007ffdfce8f000 	C:\Windows\System32\RPCRT4.dll
0x00007ffdfb930000 - 0x00007ffdfbac4000 	C:\Windows\System32\USER32.dll
0x00007ffdfa890000 - 0x00007ffdfa8b1000 	C:\Windows\System32\win32u.dll
0x00007ffdfbed0000 - 0x00007ffdfbef6000 	C:\Windows\System32\GDI32.dll
0x00007ffdfaf80000 - 0x00007ffdfb118000 	C:\Windows\System32\gdi32full.dll
0x00007ffdfa7f0000 - 0x00007ffdfa88e000 	C:\Windows\System32\msvcp_win.dll
0x00007ffdfa8c0000 - 0x00007ffdfa9ba000 	C:\Windows\System32\ucrtbase.dll
0x00007ffde4e80000 - 0x00007ffde5104000 	C:\Windows\WinSxS\amd64_microsoft.windows.common-controls_6595b64144ccf1df_6.0.18362.1500_none_9e79be6de462295c\COMCTL32.dll
0x00007ffdf3c00000 - 0x00007ffdf3c0a000 	C:\Windows\SYSTEM32\VERSION.dll
0x00007ffdfbad0000 - 0x00007ffdfbe06000 	C:\Windows\System32\combase.dll
0x00007ffdfb120000 - 0x00007ffdfb1a1000 	C:\Windows\System32\bcryptPrimitives.dll
0x00007ffdfd810000 - 0x00007ffdfd83e000 	C:\Windows\System32\IMM32.DLL
0x00007ffdd0010000 - 0x00007ffdd00ff000 	C:\Program Files\Java\jdk-10.0.2\bin\msvcr120.dll
0x00007ffdce860000 - 0x00007ffdce906000 	C:\Program Files\Java\jdk-10.0.2\bin\msvcp120.dll
0x000000006c5e0000 - 0x000000006d050000 	C:\Program Files\Java\jdk-10.0.2\bin\server\jvm.dll
0x00007ffdfd4e0000 - 0x00007ffdfd4e8000 	C:\Windows\System32\PSAPI.DLL
0x00007ffdf8820000 - 0x00007ffdf8829000 	C:\Windows\SYSTEM32\WSOCK32.dll
0x00007ffdf87e0000 - 0x00007ffdf8804000 	C:\Windows\SYSTEM32\WINMM.dll
0x00007ffdfc100000 - 0x00007ffdfc16f000 	C:\Windows\System32\WS2_32.dll
0x00007ffdf87b0000 - 0x00007ffdf87dd000 	C:\Windows\SYSTEM32\WINMMBASE.dll
0x00007ffdfac70000 - 0x00007ffdfacba000 	C:\Windows\System32\cfgmgr32.dll
0x00007ffdf17b0000 - 0x00007ffdf17bf000 	C:\Program Files\Java\jdk-10.0.2\bin\verify.dll
0x00007ffde62f0000 - 0x00007ffde64e4000 	C:\Windows\SYSTEM32\DBGHELP.DLL
0x00007ffde5770000 - 0x00007ffde579a000 	C:\Windows\SYSTEM32\dbgcore.DLL
0x00007ffdf0110000 - 0x00007ffdf0137000 	C:\Program Files\Java\jdk-10.0.2\bin\java.dll
0x00007ffdf1510000 - 0x00007ffdf153a000 	C:\Program Files\Java\jdk-10.0.2\bin\instrument.dll
0x00007ffdf00c0000 - 0x00007ffdf00d6000 	C:\Program Files\Java\jdk-10.0.2\bin\zip.dll
0x00007ffdf00b0000 - 0x00007ffdf00ba000 	C:\Program Files\Java\jdk-10.0.2\bin\jimage.dll
0x00007ffdfc450000 - 0x00007ffdfcb38000 	C:\Windows\System32\SHELL32.dll
0x00007ffdfbe20000 - 0x00007ffdfbec7000 	C:\Windows\System32\shcore.dll
0x00007ffdfb1b0000 - 0x00007ffdfb92b000 	C:\Windows\System32\windows.storage.dll
0x00007ffdfa780000 - 0x00007ffdfa79e000 	C:\Windows\System32\profapi.dll
0x00007ffdfa7a0000 - 0x00007ffdfa7ea000 	C:\Windows\System32\powrprof.dll
0x00007ffdfa730000 - 0x00007ffdfa740000 	C:\Windows\System32\UMPDC.dll
0x00007ffdfc0a0000 - 0x00007ffdfc0f2000 	C:\Windows\System32\shlwapi.dll
0x00007ffdfa760000 - 0x00007ffdfa771000 	C:\Windows\System32\kernel.appcore.dll
0x00007ffdfaf60000 - 0x00007ffdfaf77000 	C:\Windows\System32\cryptsp.dll
0x00007ffdf0090000 - 0x00007ffdf00aa000 	C:\Program Files\Java\jdk-10.0.2\bin\net.dll
0x00007ffdece30000 - 0x00007ffdecf2a000 	C:\Windows\SYSTEM32\WINHTTP.dll
0x00007ffdf9f70000 - 0x00007ffdf9fd7000 	C:\Windows\system32\mswsock.dll
0x00007ffdf0070000 - 0x00007ffdf0081000 	C:\Program Files\Java\jdk-10.0.2\bin\nio.dll
0x00007ffdf3480000 - 0x00007ffdf349a000 	D:\idea2019\IntelliJ idea 2019.3\bin\breakgen64.dll
0x00007ffdeffc0000 - 0x00007ffdeffc9000 	C:\Program Files\Java\jdk-10.0.2\bin\management.dll
0x00007ffdeffb0000 - 0x00007ffdeffba000 	C:\Program Files\Java\jdk-10.0.2\bin\management_ext.dll
0x00007ffde2da0000 - 0x00007ffde2db6000 	C:\Windows\system32\napinsp.dll
0x00007ffde26a0000 - 0x00007ffde26ba000 	C:\Windows\system32\pnrpnsp.dll
0x00007ffdf9cc0000 - 0x00007ffdf9d8b000 	C:\Windows\SYSTEM32\DNSAPI.dll
0x00007ffdfcc10000 - 0x00007ffdfcc18000 	C:\Windows\System32\NSI.dll
0x00007ffdf9c80000 - 0x00007ffdf9cba000 	C:\Windows\SYSTEM32\IPHLPAPI.DLL
0x00007ffde2690000 - 0x00007ffde269e000 	C:\Windows\System32\winrnr.dll
0x00007ffdf6e30000 - 0x00007ffdf6e4c000 	C:\Windows\system32\NLAapi.dll
0x00007ffde2590000 - 0x00007ffde25a5000 	C:\Windows\system32\wshbth.dll
0x00007ffde11d0000 - 0x00007ffde11da000 	C:\Windows\System32\rasadhlp.dll
0x00007ffdeb6f0000 - 0x00007ffdeb767000 	C:\Windows\System32\fwpuclnt.dll
0x00007ffdfad70000 - 0x00007ffdfad96000 	C:\Windows\System32\bcrypt.dll
0x00007ffdf9af0000 - 0x00007ffdf9b23000 	C:\Windows\system32\rsaenh.dll
0x00007ffdfa620000 - 0x00007ffdfa645000 	C:\Windows\SYSTEM32\USERENV.dll
0x00007ffdfa140000 - 0x00007ffdfa14c000 	C:\Windows\SYSTEM32\CRYPTBASE.dll
0x00007ffdeb640000 - 0x00007ffdeb656000 	C:\Windows\SYSTEM32\dhcpcsvc6.DLL
0x00007ffdeb620000 - 0x00007ffdeb63c000 	C:\Windows\SYSTEM32\dhcpcsvc.DLL
0x00007ffdf56f0000 - 0x00007ffdf56fb000 	C:\Program Files\Java\jdk-10.0.2\bin\sunmscapi.dll
0x00007ffdfada0000 - 0x00007ffdfaef1000 	C:\Windows\System32\CRYPT32.dll
0x00007ffdfa740000 - 0x00007ffdfa752000 	C:\Windows\System32\MSASN1.dll
0x00007ffdf14e0000 - 0x00007ffdf1503000 	C:\Program Files\Java\jdk-10.0.2\bin\sunec.dll
0x0000000010000000 - 0x0000000010070000 	C:\Program Files\Java\jdk-10.0.2\bin\sigar-amd64-winnt.dll
0x00007ffdfd570000 - 0x00007ffdfd6c7000 	C:\Windows\System32\ole32.dll
0x00007ffdfcb40000 - 0x00007ffdfcc05000 	C:\Windows\System32\OLEAUT32.dll
0x00007ffdf6910000 - 0x00007ffdf6958000 	C:\Windows\SYSTEM32\pdh.dll
0x00007ffde5670000 - 0x00007ffde5687000 	C:\Windows\SYSTEM32\NETAPI32.dll
0x00007ffdf9d90000 - 0x00007ffdf9d9c000 	C:\Windows\SYSTEM32\NETUTILS.DLL
0x00007ffdde740000 - 0x00007ffdde766000 	C:\Windows\SYSTEM32\SRVCLI.DLL

dbghelp: loaded successfully - version: 4.0.5 - missing functions: none
symbol engine: initialized successfully - sym options: 0x614 - pdb path: .;C:\Program Files\Java\jdk-10.0.2\bin;C:\Windows\SYSTEM32;C:\Windows\WinSxS\amd64_microsoft.windows.common-controls_6595b64144ccf1df_6.0.18362.1500_none_9e79be6de462295c;C:\Program Files\Java\jdk-10.0.2\bin\server;D:\idea2019\IntelliJ idea 2019.3\bin

VM Arguments:
jvm_args: -ea -Didea.test.cyclic.buffer.size=1048576 -javaagent:D:\idea2019\IntelliJ idea 2019.3\lib\idea_rt.jar=59190:D:\idea2019\IntelliJ idea 2019.3\bin -Dfile.encoding=UTF-8 
java_command: com.intellij.rt.junit.JUnitStarter -ideVersion5 -junit5 com.boot.RuntimeTest,test1
java_class_path (initial): D:\idea2019\IntelliJ idea 2019.3\lib\idea_rt.jar;D:\idea2019\IntelliJ idea 2019.3\plugins\junit\lib\junit5-rt.jar;D:\idea2019\IntelliJ idea 2019.3\plugins\junit\lib\junit-rt.jar;C:\Users\youzhengjie666\Desktop\springBootBlogDemo\springBootBlogDemo\target\test-classes;C:\Users\youzhengjie666\Desktop\springBootBlogDemo\springBootBlogDemo\target\classes;D:\maven-3.6.3\apache-maven-3.6.3\bin\repository\org\fusesource\sigar\1.6.4\sigar-1.6.4.jar;D:\maven-3.6.3\apache-maven-3.6.3\bin\repository\log4j\log4j\1.2.15\log4j-1.2.15.jar;D:\maven-3.6.3\apache-maven-3.6.3\bin\repository\org\jsoup\jsoup\1.11.3\jsoup-1.11.3.jar;D:\maven-3.6.3\apache-maven-3.6.3\bin\repository\eu\bitwalker\UserAgentUtils\1.20\UserAgentUtils-1.20.jar;D:\maven-3.6.3\apache-maven-3.6.3\bin\repository\io\springfox\springfox-swagger2\2.9.2\springfox-swagger2-2.9.2.jar;D:\maven-3.6.3\apache-maven-3.6.3\bin\repository\io\swagger\swagger-annotations\1.5.20\swagger-annotations-1.5.20.jar;D:\maven-3.6.3\apache-maven-3.6.3\bin\repository\io\swagger\swagger-models\1.5.20\swagger-models-1.5.20.jar;D:\maven-3.6.3\apache-maven-3.6.3\bin\repository\com\fasterxml\jackson\core\jackson-annotations\2.11.4\jackson-annotations-2.11.4.jar;D:\maven-3.6.3\apache-maven-3.6.3\bin\repository\io\springfox\springfox-spi\2.9.2\springfox-spi-2.9.2.jar;D:\maven-3.6.3\apache-maven-3.6.3\bin\repository\io\springfox\springfox-core\2.9.2\springfox-core-2.9.2.jar;D:\maven-3.6.3\apache-maven-3.6.3\bin\repository\io\springfox\springfox-schema\2.9.2\springfox-schema-2.9.2.jar;D:\maven-3.6.3\apache-maven-3.6.3\bin\repository\io\springfox\springfox-swagger-common\2.9.2\springfox-swagger-common-2.9.2.jar;D:\maven-3.6.3\apache-maven-3.6.3\bin\repository\io\springfox\springfox-spring-web\2.9.2\springfox-spring-web-2.9.2.jar;D:\maven-3.6.3\apache-maven-3.6.3\bin\repository\com\google\guava\guava\20.0\guava-20.0.jar;D:\maven-3.6.3\apache-maven-3.6.3\bin\repository\com\fasterxml\classmate\1.5.1\classmate-1.5.1.jar;D:\ma
Launcher Type: SUN_STANDARD

Logging:
Log output configuration:
#0: stdout all=warning uptime,level,tags
#1: stderr all=off uptime,level,tags

Environment Variables:
JAVA_HOME=C:\Program Files\Java\jdk-10.0.2
PATH=C:\Program Files (x86)\VMware\VMware Workstation\bin\;C:\Windows\system32;C:\Windows;C:\Windows\System32\Wbem;C:\Windows\System32\WindowsPowerShell\v1.0\;C:\Windows\System32\OpenSSH\;C:\Program Files (x86)\NVIDIA Corporation\PhysX\Common;C:\Program Files\Java\jdk-10.0.2\bin;C:\Program Files\NVIDIA Corporation\NVIDIA NvDLISR;C:\Program Files\Git\cmd;C:\Program Files\nodejs\;C:\Program Files\dotnet\;C:\Program Files\Microsoft SQL Server\130\Tools\Binn\;C:\Program Files\Microsoft SQL Server\Client SDK\ODBC\170\Tools\Binn\;C:\MinGW\bin;C:\Program Files (x86)\NetSarang\Xshell 7\;C:\Users\youzhengjie666\AppData\Local\Microsoft\WindowsApps;C:\Users\youzhengjie666\AppData\Local\Programs\Microsoft VS Code\bin;D:\erlang\erl-23.2\bin;C:\Users\youzhengjie666\AppData\Roaming\npm;C:\Users\youzhengjie666\.dotnet\tools;
USERNAME=youzhengjie666
OS=Windows_NT
PROCESSOR_IDENTIFIER=Intel64 Family 6 Model 158 Stepping 13, GenuineIntel



---------------  S Y S T E M  ---------------

OS: Windows 10 , 64 bit Build 18362 (10.0.18362.1500)

CPU:total 8 (initial active 8) (4 cores per cpu, 2 threads per core) family 6 model 158 stepping 13, cmov, cx8, fxsr, mmx, sse, sse2, sse3, ssse3, sse4.1, sse4.2, popcnt, avx, avx2, aes, clmul, erms, 3dnowpref, lzcnt, ht, tsc, tscinvbit, bmi1, bmi2, adx, fma

Memory: 4k page, physical 8227448k(2057128k free), swap 18911280k(5758820k free)

vm_info: Java HotSpot(TM) 64-Bit Server VM (10.0.2+13) for windows-amd64 JRE (10.0.2+13), built on Jun 28 2018 01:57:56 by "mach5one" with MS VC++ 12.0 (VS2013)

END.
