#
# A fatal error has been detected by the Java Runtime Environment:
#
#  EXCEPTION_ACCESS_VIOLATION (0xc0000005) at pc=0x0000000010014ed4, pid=6260, tid=12796
#
# JRE version: Java(TM) SE Runtime Environment (10.0.2+13) (build 10.0.2+13)
# Java VM: Java HotSpot(TM) 64-Bit Server VM (10.0.2+13, mixed mode, tiered, compressed oops, g1 gc, windows-amd64)
# Problematic frame:
# C  [sigar-amd64-winnt.dll+0x14ed4]
#
# No core dump will be written. Minidumps are not enabled by default on client versions of Windows
#
# If you would like to submit a bug report, please visit:
#   http://bugreport.java.com/bugreport/crash.jsp
# The crash happened outside the Java Virtual Machine in native code.
# See problematic frame for where to report the bug.
#

---------------  S U M M A R Y ------------

Command Line: -XX:TieredStopAtLevel=1 -Xverify:none -Dspring.output.ansi.enabled=always -Dcom.sun.management.jmxremote -Dspring.jmx.enabled=true -Dspring.liveBeansView.mbeanDomain -Dspring.application.admin.enabled=true -javaagent:D:\idea2019\IntelliJ idea 2019.3\lib\idea_rt.jar=58841:D:\idea2019\IntelliJ idea 2019.3\bin -Dfile.encoding=UTF-8 com.boot.DemoApplication

Host: Intel(R) Core(TM) i5-9300H CPU @ 2.40GHz, 8 cores, 7G,  Windows 10 , 64 bit Build 18362 (10.0.18362.1500)
Time: Sun Jun 13 14:15:39 2021 ?D1¨²¡À¨º¡Á?¨º¡À?? elapsed time: 6 seconds (0d 0h 0m 6s)

---------------  T H R E A D  ---------------

Current thread (0x000001de2f29a800):  JavaThread "restartedMain" [_thread_in_native, id=12796, stack(0x00000006f6800000,0x00000006f6900000)]

Stack: [0x00000006f6800000,0x00000006f6900000],  sp=0x00000006f68fe740,  free space=1017k
Native frames: (J=compiled Java code, j=interpreted, Vv=VM code, C=native code)
C  [sigar-amd64-winnt.dll+0x14ed4]

Java frames: (J=compiled Java code, j=interpreted, Vv=VM code)
j  org.hyperic.sigar.Sigar.getCpuInfoList()[Lorg/hyperic/sigar/CpuInfo;+0
j  com.boot.DemoApplication.cpu()V+9
j  com.boot.DemoApplication.main([Ljava/lang/String;)V+24
v  ~StubRoutines::call_stub
j  jdk.internal.reflect.NativeMethodAccessorImpl.invoke0(Ljava/lang/reflect/Method;Ljava/lang/Object;[Ljava/lang/Object;)Ljava/lang/Object;+0 java.base@10.0.2
j  jdk.internal.reflect.NativeMethodAccessorImpl.invoke(Ljava/lang/Object;[Ljava/lang/Object;)Ljava/lang/Object;+100 java.base@10.0.2
j  jdk.internal.reflect.DelegatingMethodAccessorImpl.invoke(Ljava/lang/Object;[Ljava/lang/Object;)Ljava/lang/Object;+6 java.base@10.0.2
j  java.lang.reflect.Method.invoke(Ljava/lang/Object;[Ljava/lang/Object;)Ljava/lang/Object;+59 java.base@10.0.2
j  org.springframework.boot.devtools.restart.RestartLauncher.run()V+42
v  ~StubRoutines::call_stub

siginfo: EXCEPTION_ACCESS_VIOLATION (0xc0000005), reading address 0x0000000036700d88


Register to memory mapping:

RIP=0x0000000010014ed4 sigar-amd64-winnt.dll
RAX=0x0000000036700c50 is an unknown value
RBX={method} {0x000001de363eee90} 'getCpuInfoList' '()[Lorg/hyperic/sigar/CpuInfo;' in 'org/hyperic/sigar/Sigar'
RCX=0x000001de2f29aa70 is an unknown value
RDX=0x00000006f68fe8d8 is pointing into the stack for thread: 0x000001de2f29a800
RSP=0x00000006f68fe740 is pointing into the stack for thread: 0x000001de2f29a800
RBP=0x00000006f68fe8b8 is pointing into the stack for thread: 0x000001de2f29a800
RSI=0x0000000040200021 is an unknown value
RDI=0x000001de16fca103 is at code_begin+2307 in an Interpreter codelet
invoke return entry points  [0x000001de16fc9800, 0x000001de16fca1e0]  2528 bytes
R8 =0x0000000000000032 is an unknown value
R9 =0x0000000088514530 is an oop
org.hyperic.sigar.Sigar 
{0x0000000088514530} - klass: 'org/hyperic/sigar/Sigar'
R10=0x0000000000000300 is an unknown value
R11=0x000000006cf96da0 jvm.dll
R12=0x0000000000000000 is an unknown value
R13=0x000001de363eee80 is pointing into metadata
R14=0x00000006f68fe8d8 is pointing into the stack for thread: 0x000001de2f29a800
R15=0x000001de2f29a800 is a thread


Registers:
RAX=0x0000000036700c50, RBX=0x000001de363eee88, RCX=0x000001de2f29aa70, RDX=0x00000006f68fe8d8
RSP=0x00000006f68fe740, RBP=0x00000006f68fe8b8, RSI=0x0000000040200021, RDI=0x000001de16fca103
R8 =0x0000000000000032, R9 =0x0000000088514530, R10=0x0000000000000300, R11=0x000000006cf96da0
R12=0x0000000000000000, R13=0x000001de363eee80, R14=0x00000006f68fe8d8, R15=0x000001de2f29a800
RIP=0x0000000010014ed4, EFLAGS=0x0000000000010206

Top of Stack: (sp=0x00000006f68fe740)
0x00000006f68fe740:   000001de2f29aa70 00000006f68fe8d8
0x00000006f68fe750:   000001de2f29a800 00000006f68fe8d8
0x00000006f68fe760:   0000000036700c50 00000006f68fe8b8
0x00000006f68fe770:   000001de363eee88 0000000010022078
0x00000006f68fe780:   000001de2f29aa70 00000006f68fe8d8
0x00000006f68fe790:   0000000000000000 000001de363eee80
0x00000006f68fe7a0:   000001de2f283980 000001de363eee88
0x00000006f68fe7b0:   000001de2f2dce60 000001de2f283980
0x00000006f68fe7c0:   00000006f68fec48 000000006c9446e3
0x00000006f68fe7d0:   000001de2f29a800 000000006c754787
0x00000006f68fe7e0:   000001de2f29a800 000001de2f29a800
0x00000006f68fe7f0:   000001de363eee88 000001de2f29a800
0x00000006f68fe800:   000001de16fca103 000001de16fcf160
0x00000006f68fe810:   000001de2f29a800 000001de363eee88
0x00000006f68fe820:   0000000040200021 0000000040200021
0x00000006f68fe830:   000001de16fca103 000001de16fcf317 

Instructions: (pc=0x0000000010014ed4)
0x0000000010014eb4:   7c 24 20 00 75 15 48 8d 15 df 58 04 00 48 8b 4c
0x0000000010014ec4:   24 40 e8 45 00 00 00 33 c0 eb 32 48 8b 44 24 20
0x0000000010014ed4:   83 b8 38 01 00 00 00 74 1f 48 8b 44 24 20 44 8b
0x0000000010014ee4:   80 38 01 00 00 48 8b 54 24 20 48 8b 4c 24 40 e8 



---------------  P R O C E S S  ---------------

Threads class SMR info:
_java_thread_list=0x000001de3506b7e0, length=62, elements={
0x000001de0bc57000, 0x000001de2e04a800, 0x000001de2e053800, 0x000001de2e0af800,
0x000001de2e0b0000, 0x000001de2e0b2000, 0x000001de2d83d000, 0x000001de2e0c1800,
0x000001de2e0cf800, 0x000001de2e0e4000, 0x000001de2e357800, 0x000001de2eb15800,
0x000001de2eb16000, 0x000001de2f022800, 0x000001de2f299800, 0x000001de2f29a800,
0x000001de2f4ed800, 0x000001de2f34f800, 0x000001de312a4000, 0x000001de312a5000,
0x000001de312a5800, 0x000001de312a3800, 0x000001de312a6800, 0x000001de315d8800,
0x000001de315d6000, 0x000001de315d7000, 0x000001de315d9000, 0x000001de315d3000,
0x000001de315d7800, 0x000001de315d2000, 0x000001de315da000, 0x000001de315db000,
0x000001de315d5800, 0x000001de315d3800, 0x000001de315db800, 0x000001de315d4800,
0x000001de315e1000, 0x000001de315dc800, 0x000001de315dd000, 0x000001de315de000,
0x000001de315de800, 0x000001de315df800, 0x000001de315e0800, 0x000001de34f4f800,
0x000001de34f51000, 0x000001de34f4f000, 0x000001de34f52000, 0x000001de34f50800,
0x000001de34f53000, 0x000001de34f53800, 0x000001de34f4e000, 0x000001de34f54800,
0x000001de34f4d800, 0x000001de34f59000, 0x000001de34f58800, 0x000001de34f56800,
0x000001de34f55000, 0x000001de34f57800, 0x000001de34f5a800, 0x000001de34f5c000,
0x000001de34f5a000, 0x000001de34f5b800
}

Java Threads: ( => current thread )
  0x000001de0bc57000 JavaThread "main" [_thread_blocked, id=7968, stack(0x00000006f4300000,0x00000006f4400000)]
  0x000001de2e04a800 JavaThread "Reference Handler" daemon [_thread_blocked, id=16816, stack(0x00000006f5900000,0x00000006f5a00000)]
  0x000001de2e053800 JavaThread "Finalizer" daemon [_thread_blocked, id=11340, stack(0x00000006f5a00000,0x00000006f5b00000)]
  0x000001de2e0af800 JavaThread "Signal Dispatcher" daemon [_thread_blocked, id=22180, stack(0x00000006f5b00000,0x00000006f5c00000)]
  0x000001de2e0b0000 JavaThread "Attach Listener" daemon [_thread_blocked, id=23964, stack(0x00000006f5c00000,0x00000006f5d00000)]
  0x000001de2e0b2000 JavaThread "C1 CompilerThread0" daemon [_thread_blocked, id=14904, stack(0x00000006f5d00000,0x00000006f5e00000)]
  0x000001de2d83d000 JavaThread "C1 CompilerThread1" daemon [_thread_blocked, id=17160, stack(0x00000006f5e00000,0x00000006f5f00000)]
  0x000001de2e0c1800 JavaThread "C1 CompilerThread2" daemon [_thread_blocked, id=15456, stack(0x00000006f5f00000,0x00000006f6000000)]
  0x000001de2e0cf800 JavaThread "C1 CompilerThread3" daemon [_thread_blocked, id=1880, stack(0x00000006f6000000,0x00000006f6100000)]
  0x000001de2e0e4000 JavaThread "Sweeper thread" daemon [_thread_blocked, id=16372, stack(0x00000006f6100000,0x00000006f6200000)]
  0x000001de2e357800 JavaThread "Common-Cleaner" daemon [_thread_blocked, id=23472, stack(0x00000006f6200000,0x00000006f6300000)]
  0x000001de2eb15800 JavaThread "Monitor Ctrl-Break" daemon [_thread_in_native, id=14644, stack(0x00000006f6300000,0x00000006f6400000)]
  0x000001de2eb16000 JavaThread "Service Thread" daemon [_thread_blocked, id=15680, stack(0x00000006f6400000,0x00000006f6500000)]
  0x000001de2f022800 JavaThread "RMI TCP Accept-0" daemon [_thread_in_native, id=13300, stack(0x00000006f6500000,0x00000006f6600000)]
  0x000001de2f299800 JavaThread "Thread-0" [_thread_blocked, id=9260, stack(0x00000006f6700000,0x00000006f6800000)]
=>0x000001de2f29a800 JavaThread "restartedMain" [_thread_in_native, id=12796, stack(0x00000006f6800000,0x00000006f6900000)]
  0x000001de2f4ed800 JavaThread "RMI TCP Connection(1)-192.168.184.1" daemon [_thread_in_native, id=22740, stack(0x00000006f6900000,0x00000006f6a00000)]
  0x000001de2f34f800 JavaThread "RMI Scheduler(0)" daemon [_thread_blocked, id=11144, stack(0x00000006f6b00000,0x00000006f6c00000)]
  0x000001de312a4000 JavaThread "Catalina-utility-1" [_thread_blocked, id=24512, stack(0x00000006f6a00000,0x00000006f6b00000)]
  0x000001de312a5000 JavaThread "Catalina-utility-2" [_thread_blocked, id=13800, stack(0x00000006f6c00000,0x00000006f6d00000)]
  0x000001de312a5800 JavaThread "container-0" [_thread_blocked, id=6660, stack(0x00000006f6d00000,0x00000006f6e00000)]
  0x000001de312a3800 JavaThread "lettuce-timer-3-1" daemon [_thread_blocked, id=2456, stack(0x00000006f6e00000,0x00000006f6f00000)]
  0x000001de312a6800 JavaThread "mysql-cj-abandoned-connection-cleanup" daemon [_thread_blocked, id=12396, stack(0x00000006f6f00000,0x00000006f7000000)]
  0x000001de315d8800 JavaThread "Druid-ConnectionPool-Create-1639118817" daemon [_thread_blocked, id=20620, stack(0x00000006f7000000,0x00000006f7100000)]
  0x000001de315d6000 JavaThread "Druid-ConnectionPool-Destroy-1639118817" daemon [_thread_blocked, id=14576, stack(0x00000006f7100000,0x00000006f7200000)]
  0x000001de315d7000 JavaThread "lettuce-nioEventLoop-4-1" daemon [_thread_in_native, id=19576, stack(0x00000006f7200000,0x00000006f7300000)]
  0x000001de315d9000 JavaThread "lettuce-eventExecutorLoop-1-1" daemon [_thread_blocked, id=8040, stack(0x00000006f7400000,0x00000006f7500000)]
  0x000001de315d3000 JavaThread "lettuce-eventExecutorLoop-1-2" daemon [_thread_blocked, id=5752, stack(0x00000006f7500000,0x00000006f7600000)]
  0x000001de315d7800 JavaThread "lettuce-eventExecutorLoop-1-3" daemon [_thread_blocked, id=19132, stack(0x00000006f7600000,0x00000006f7700000)]
  0x000001de315d2000 JavaThread "lettuce-eventExecutorLoop-1-4" daemon [_thread_blocked, id=3392, stack(0x00000006f7700000,0x00000006f7800000)]
  0x000001de315da000 JavaThread "lettuce-eventExecutorLoop-1-5" daemon [_thread_blocked, id=5608, stack(0x00000006f7800000,0x00000006f7900000)]
  0x000001de315db000 JavaThread "lettuce-eventExecutorLoop-1-6" daemon [_thread_blocked, id=23680, stack(0x00000006f7900000,0x00000006f7a00000)]
  0x000001de315d5800 JavaThread "lettuce-eventExecutorLoop-1-7" daemon [_thread_blocked, id=22748, stack(0x00000006f7a00000,0x00000006f7b00000)]
  0x000001de315d3800 JavaThread "lettuce-eventExecutorLoop-1-8" daemon [_thread_blocked, id=9464, stack(0x00000006f7b00000,0x00000006f7c00000)]
  0x000001de315db800 JavaThread "pool-2-thread-1" [_thread_in_native, id=23168, stack(0x00000006f7c00000,0x00000006f7d00000)]
  0x000001de315d4800 JavaThread "I/O dispatcher 1" [_thread_in_native, id=8492, stack(0x00000006f7d00000,0x00000006f7e00000)]
  0x000001de315e1000 JavaThread "I/O dispatcher 2" [_thread_in_native, id=8988, stack(0x00000006f7e00000,0x00000006f7f00000)]
  0x000001de315dc800 JavaThread "I/O dispatcher 3" [_thread_in_native, id=11132, stack(0x00000006f7f00000,0x00000006f8000000)]
  0x000001de315dd000 JavaThread "I/O dispatcher 4" [_thread_in_native, id=12268, stack(0x00000006f8000000,0x00000006f8100000)]
  0x000001de315de000 JavaThread "I/O dispatcher 5" [_thread_in_native, id=19648, stack(0x00000006f8100000,0x00000006f8200000)]
  0x000001de315de800 JavaThread "I/O dispatcher 6" [_thread_in_native, id=20156, stack(0x00000006f8200000,0x00000006f8300000)]
  0x000001de315df800 JavaThread "I/O dispatcher 7" [_thread_in_native, id=4408, stack(0x00000006f8300000,0x00000006f8400000)]
  0x000001de315e0800 JavaThread "I/O dispatcher 8" [_thread_in_native, id=13380, stack(0x00000006f8400000,0x00000006f8500000)]
  0x000001de34f4f800 JavaThread "Live Reload Server" daemon [_thread_in_native, id=20232, stack(0x00000006f8600000,0x00000006f8700000)]
  0x000001de34f51000 JavaThread "File Watcher" daemon [_thread_in_native, id=11376, stack(0x00000006f8500000,0x00000006f8600000)]
  0x000001de34f4f000 JavaThread "http-nio-8080-BlockPoller" daemon [_thread_in_native, id=15640, stack(0x00000006f8700000,0x00000006f8800000)]
  0x000001de34f52000 JavaThread "http-nio-8080-exec-1" daemon [_thread_blocked, id=17684, stack(0x00000006f8800000,0x00000006f8900000)]
  0x000001de34f50800 JavaThread "http-nio-8080-exec-2" daemon [_thread_blocked, id=17976, stack(0x00000006f8900000,0x00000006f8a00000)]
  0x000001de34f53000 JavaThread "http-nio-8080-exec-3" daemon [_thread_blocked, id=6208, stack(0x00000006f8a00000,0x00000006f8b00000)]
  0x000001de34f53800 JavaThread "http-nio-8080-exec-4" daemon [_thread_blocked, id=3368, stack(0x00000006f8b00000,0x00000006f8c00000)]
  0x000001de34f4e000 JavaThread "http-nio-8080-exec-5" daemon [_thread_blocked, id=13736, stack(0x00000006f8c00000,0x00000006f8d00000)]
  0x000001de34f54800 JavaThread "http-nio-8080-exec-6" daemon [_thread_blocked, id=24564, stack(0x00000006f8d00000,0x00000006f8e00000)]
  0x000001de34f4d800 JavaThread "http-nio-8080-exec-7" daemon [_thread_blocked, id=23856, stack(0x00000006f8e00000,0x00000006f8f00000)]
  0x000001de34f59000 JavaThread "http-nio-8080-exec-8" daemon [_thread_blocked, id=23712, stack(0x00000006f8f00000,0x00000006f9000000)]
  0x000001de34f58800 JavaThread "http-nio-8080-exec-9" daemon [_thread_blocked, id=12056, stack(0x00000006f9000000,0x00000006f9100000)]
  0x000001de34f56800 JavaThread "http-nio-8080-exec-10" daemon [_thread_blocked, id=11032, stack(0x00000006f9100000,0x00000006f9200000)]
  0x000001de34f55000 JavaThread "http-nio-8080-ClientPoller" daemon [_thread_in_native, id=24220, stack(0x00000006f9200000,0x00000006f9300000)]
  0x000001de34f57800 JavaThread "http-nio-8080-Acceptor" daemon [_thread_in_native, id=15056, stack(0x00000006f9300000,0x00000006f9400000)]
  0x000001de34f5a800 JavaThread "AMQP Connection 127.0.0.1:5672" [_thread_in_native, id=9588, stack(0x00000006f9400000,0x00000006f9500000)]
  0x000001de34f5c000 JavaThread "pool-1-thread-2" [_thread_blocked, id=20128, stack(0x00000006f9500000,0x00000006f9600000)]
  0x000001de34f5a000 JavaThread "org.springframework.amqp.rabbit.RabbitListenerEndpointContainer#0-1" [_thread_blocked, id=8416, stack(0x00000006f9600000,0x00000006f9700000)]
  0x000001de34f5b800 JavaThread "pool-1-thread-3" [_thread_blocked, id=12504, stack(0x00000006f9700000,0x00000006f9800000)]

Other Threads:
  0x000001de2e042000 VMThread "VM Thread" [stack: 0x00000006f5800000,0x00000006f5900000] [id=23468]
  0x000001de2f016000 WatcherThread [stack: 0x00000006f6600000,0x00000006f6700000] [id=22280]
  0x000001de0bc73800 GCTaskThread "GC Thread#0" [stack: 0x00000006f4400000,0x00000006f4500000] [id=13784]
  0x000001de0bc75000 GCTaskThread "GC Thread#1" [stack: 0x00000006f4500000,0x00000006f4600000] [id=11796]
  0x000001de0bc76800 GCTaskThread "GC Thread#2" [stack: 0x00000006f4600000,0x00000006f4700000] [id=10164]
  0x000001de0bc79000 GCTaskThread "GC Thread#3" [stack: 0x00000006f4700000,0x00000006f4800000] [id=19104]
  0x000001de0bc7e800 GCTaskThread "GC Thread#4" [stack: 0x00000006f4800000,0x00000006f4900000] [id=19100]
  0x000001de0bc7f800 GCTaskThread "GC Thread#5" [stack: 0x00000006f4900000,0x00000006f4a00000] [id=23652]
  0x000001de0bc82800 GCTaskThread "GC Thread#6" [stack: 0x00000006f4a00000,0x00000006f4b00000] [id=12260]
  0x000001de0bc88800 GCTaskThread "GC Thread#7" [stack: 0x00000006f4b00000,0x00000006f4c00000] [id=12484]
  0x000001de0bcfa000 ConcurrentGCThread "G1 Main Marker" [stack: 0x00000006f4c00000,0x00000006f4d00000] [id=10808]
  0x000001de0bcfb000 ConcurrentGCThread "G1 Conc#0" [stack: 0x00000006f4d00000,0x00000006f4e00000] [id=4320]
  0x000001de0bcfc000 ConcurrentGCThread "G1 Conc#1" [stack: 0x00000006f4e00000,0x00000006f4f00000] [id=24004]
  0x000001de2d6bb000 ConcurrentGCThread "G1 Refine#0" [stack: 0x00000006f4f00000,0x00000006f5000000] [id=5572]
  0x000001de2d6bc000 ConcurrentGCThread "G1 Refine#1" [stack: 0x00000006f5000000,0x00000006f5100000] [id=12628]
  0x000001de2d6bd000 ConcurrentGCThread "G1 Refine#2" [stack: 0x00000006f5100000,0x00000006f5200000] [id=16464]
  0x000001de2d6c0000 ConcurrentGCThread "G1 Refine#3" [stack: 0x00000006f5200000,0x00000006f5300000] [id=22768]
  0x000001de2d6c3000 ConcurrentGCThread "G1 Refine#4" [stack: 0x00000006f5300000,0x00000006f5400000] [id=6312]
  0x000001de2d6c6000 ConcurrentGCThread "G1 Refine#5" [stack: 0x00000006f5400000,0x00000006f5500000] [id=23744]
  0x000001de2d6c9800 ConcurrentGCThread "G1 Refine#6" [stack: 0x00000006f5500000,0x00000006f5600000] [id=20372]
  0x000001de2d6ca800 ConcurrentGCThread "G1 Refine#7" [stack: 0x00000006f5600000,0x00000006f5700000] [id=22056]
  0x000001de2d6cb000 ConcurrentGCThread "G1 Young RemSet Sampling" [stack: 0x00000006f5700000,0x00000006f5800000] [id=19464]

Threads with active compile tasks:

VM state:not at safepoint (normal execution)

VM Mutex/Monitor currently owned by a thread: None

Heap address: 0x0000000082600000, size: 2010 MB, Compressed Oops mode: 32-bit
Narrow klass base: 0x0000000000000000, Narrow klass shift: 3
Compressed class space size: 1073741824 Address: 0x0000000100000000

Heap:
 garbage-first heap   total 187392K, used 131893K [0x0000000082600000, 0x0000000100000000)
  region size 1024K, 100 young (102400K), 12 survivors (12288K)
 Metaspace       used 70743K, capacity 72786K, committed 73168K, reserved 1114112K
  class space    used 8515K, capacity 9363K, committed 9472K, reserved 1048576K
Heap Regions: E=young(eden), S=young(survivor), O=old, HS=humongous(starts), HC=humongous(continues), CS=collection set, F=free, A=archive, TS=gc time stamp, AC=allocation context, TAMS=top-at-mark-start (previous, next)
|   0|0x0000000082600000, 0x0000000082700000, 0x0000000082700000|100%|HS|  |TS  0|AC  0|TAMS 0x0000000082700000, 0x0000000082700000|
|   1|0x0000000082700000, 0x0000000082800000, 0x0000000082800000|100%| O|  |TS  0|AC  0|TAMS 0x0000000082800000, 0x0000000082800000|
|   2|0x0000000082800000, 0x0000000082900000, 0x0000000082900000|100%| O|  |TS  0|AC  0|TAMS 0x0000000082900000, 0x0000000082900000|
|   3|0x0000000082900000, 0x0000000082a00000, 0x0000000082a00000|100%| O|  |TS  0|AC  0|TAMS 0x0000000082a00000, 0x0000000082a00000|
|   4|0x0000000082a00000, 0x0000000082b00000, 0x0000000082b00000|100%| O|  |TS  0|AC  0|TAMS 0x0000000082b00000, 0x0000000082b00000|
|   5|0x0000000082b00000, 0x0000000082c00000, 0x0000000082c00000|100%| O|  |TS  0|AC  0|TAMS 0x0000000082c00000, 0x0000000082c00000|
|   6|0x0000000082c00000, 0x0000000082d00000, 0x0000000082d00000|100%| O|  |TS  0|AC  0|TAMS 0x0000000082d00000, 0x0000000082d00000|
|   7|0x0000000082d00000, 0x0000000082e00000, 0x0000000082e00000|100%| O|  |TS  0|AC  0|TAMS 0x0000000082e00000, 0x0000000082e00000|
|   8|0x0000000082e00000, 0x0000000082f00000, 0x0000000082f00000|100%| O|  |TS  0|AC  0|TAMS 0x0000000082f00000, 0x0000000082f00000|
|   9|0x0000000082f00000, 0x0000000083000000, 0x0000000083000000|100%| O|  |TS  0|AC  0|TAMS 0x0000000083000000, 0x0000000083000000|
|  10|0x0000000083000000, 0x0000000083100000, 0x0000000083100000|100%| O|  |TS  0|AC  0|TAMS 0x0000000083100000, 0x0000000083100000|
|  11|0x0000000083100000, 0x0000000083200000, 0x0000000083200000|100%| O|  |TS  0|AC  0|TAMS 0x0000000083200000, 0x0000000083200000|
|  12|0x0000000083200000, 0x0000000083300000, 0x0000000083300000|100%| O|  |TS  0|AC  0|TAMS 0x0000000083300000, 0x0000000083300000|
|  13|0x0000000083300000, 0x0000000083400000, 0x0000000083400000|100%| O|  |TS  0|AC  0|TAMS 0x0000000083400000, 0x0000000083400000|
|  14|0x0000000083400000, 0x0000000083500000, 0x0000000083500000|100%| O|  |TS  0|AC  0|TAMS 0x0000000083500000, 0x0000000083500000|
|  15|0x0000000083500000, 0x0000000083600000, 0x0000000083600000|100%| O|  |TS  0|AC  0|TAMS 0x0000000083600000, 0x0000000083600000|
|  16|0x0000000083600000, 0x0000000083700000, 0x0000000083700000|100%| O|  |TS  0|AC  0|TAMS 0x0000000083700000, 0x0000000083700000|
|  17|0x0000000083700000, 0x0000000083800000, 0x0000000083800000|100%| O|  |TS  0|AC  0|TAMS 0x0000000083800000, 0x0000000083800000|
|  18|0x0000000083800000, 0x0000000083900000, 0x0000000083900000|100%| O|  |TS  1|AC  0|TAMS 0x00000000838ce800, 0x00000000838ce800|
|  19|0x0000000083900000, 0x0000000083a00000, 0x0000000083a00000|100%| O|  |TS  1|AC  0|TAMS 0x0000000083900000, 0x0000000083900000|
|  20|0x0000000083a00000, 0x0000000083b00000, 0x0000000083b00000|100%| O|  |TS  1|AC  0|TAMS 0x0000000083a00000, 0x0000000083a00000|
|  21|0x0000000083b00000, 0x0000000083c00000, 0x0000000083c00000|100%| O|  |TS  1|AC  0|TAMS 0x0000000083b00000, 0x0000000083b00000|
|  22|0x0000000083c00000, 0x0000000083d00000, 0x0000000083d00000|100%| O|  |TS  1|AC  0|TAMS 0x0000000083c00000, 0x0000000083c00000|
|  23|0x0000000083d00000, 0x0000000083e00000, 0x0000000083e00000|100%| O|  |TS  1|AC  0|TAMS 0x0000000083d00000, 0x0000000083d00000|
|  24|0x0000000083e00000, 0x0000000083f00000, 0x0000000083f00000|100%| O|  |TS  2|AC  0|TAMS 0x0000000083e00000, 0x0000000083e00000|
|  25|0x0000000083f00000, 0x0000000084000000, 0x0000000084000000|100%| O|  |TS  2|AC  0|TAMS 0x0000000083f00000, 0x0000000083f00000|
|  26|0x0000000084000000, 0x0000000084100000, 0x0000000084100000|100%| O|  |TS  2|AC  0|TAMS 0x0000000084000000, 0x0000000084000000|
|  27|0x0000000084100000, 0x0000000084200000, 0x0000000084200000|100%| O|  |TS  2|AC  0|TAMS 0x0000000084100000, 0x0000000084100000|
|  28|0x0000000084200000, 0x0000000084300000, 0x0000000084300000|100%| O|  |TS  2|AC  0|TAMS 0x0000000084200000, 0x0000000084200000|
|  29|0x0000000084300000, 0x0000000084400000, 0x0000000084400000|100%| O|  |TS  2|AC  0|TAMS 0x0000000084300000, 0x0000000084300000|
|  30|0x0000000084400000, 0x0000000084400000, 0x0000000084500000|  0%| F|  |TS  0|AC  0|TAMS 0x0000000084400000, 0x0000000084400000|
|  31|0x0000000084500000, 0x0000000084500000, 0x0000000084600000|  0%| F|  |TS  0|AC  0|TAMS 0x0000000084500000, 0x0000000084500000|
|  32|0x0000000084600000, 0x0000000084600000, 0x0000000084700000|  0%| F|  |TS  0|AC  0|TAMS 0x0000000084600000, 0x0000000084600000|
|  33|0x0000000084700000, 0x0000000084700000, 0x0000000084800000|  0%| F|  |TS  0|AC  0|TAMS 0x0000000084700000, 0x0000000084700000|
|  34|0x0000000084800000, 0x0000000084800000, 0x0000000084900000|  0%| F|  |TS  0|AC  0|TAMS 0x0000000084800000, 0x0000000084800000|
|  35|0x0000000084900000, 0x0000000084900000, 0x0000000084a00000|  0%| F|  |TS  0|AC  0|TAMS 0x0000000084900000, 0x0000000084900000|
|  36|0x0000000084a00000, 0x0000000084a00000, 0x0000000084b00000|  0%| F|  |TS  0|AC  0|TAMS 0x0000000084a00000, 0x0000000084a00000|
|  37|0x0000000084b00000, 0x0000000084b00000, 0x0000000084c00000|  0%| F|  |TS  0|AC  0|TAMS 0x0000000084b00000, 0x0000000084b00000|
|  38|0x0000000084c00000, 0x0000000084c00000, 0x0000000084d00000|  0%| F|  |TS  0|AC  0|TAMS 0x0000000084c00000, 0x0000000084c00000|
|  39|0x0000000084d00000, 0x0000000084d00000, 0x0000000084e00000|  0%| F|  |TS  0|AC  0|TAMS 0x0000000084d00000, 0x0000000084d00000|
|  40|0x0000000084e00000, 0x0000000084e00000, 0x0000000084f00000|  0%| F|  |TS  0|AC  0|TAMS 0x0000000084e00000, 0x0000000084e00000|
|  41|0x0000000084f00000, 0x0000000084f00000, 0x0000000085000000|  0%| F|  |TS  0|AC  0|TAMS 0x0000000084f00000, 0x0000000084f00000|
|  42|0x0000000085000000, 0x0000000085000000, 0x0000000085100000|  0%| F|  |TS  0|AC  0|TAMS 0x0000000085000000, 0x0000000085000000|
|  43|0x0000000085100000, 0x0000000085100000, 0x0000000085200000|  0%| F|  |TS  0|AC  0|TAMS 0x0000000085100000, 0x0000000085100000|
|  44|0x0000000085200000, 0x0000000085200000, 0x0000000085300000|  0%| F|  |TS  0|AC  0|TAMS 0x0000000085200000, 0x0000000085200000|
|  45|0x0000000085300000, 0x0000000085300000, 0x0000000085400000|  0%| F|  |TS  0|AC  0|TAMS 0x0000000085300000, 0x0000000085300000|
|  46|0x0000000085400000, 0x0000000085400000, 0x0000000085500000|  0%| F|  |TS  0|AC  0|TAMS 0x0000000085400000, 0x0000000085400000|
|  47|0x0000000085500000, 0x0000000085500000, 0x0000000085600000|  0%| F|  |TS  0|AC  0|TAMS 0x0000000085500000, 0x0000000085500000|
|  48|0x0000000085600000, 0x0000000085600000, 0x0000000085700000|  0%| F|  |TS  0|AC  0|TAMS 0x0000000085600000, 0x0000000085600000|
|  49|0x0000000085700000, 0x0000000085700000, 0x0000000085800000|  0%| F|  |TS  2|AC  0|TAMS 0x0000000085700000, 0x0000000085700000|
|  50|0x0000000085800000, 0x0000000085800000, 0x0000000085900000|  0%| F|  |TS  2|AC  0|TAMS 0x0000000085800000, 0x0000000085800000|
|  51|0x0000000085900000, 0x0000000085900000, 0x0000000085a00000|  0%| F|  |TS  2|AC  0|TAMS 0x0000000085900000, 0x0000000085900000|
|  52|0x0000000085a00000, 0x0000000085a00000, 0x0000000085b00000|  0%| F|  |TS  2|AC  0|TAMS 0x0000000085a00000, 0x0000000085a00000|
|  53|0x0000000085b00000, 0x0000000085b00000, 0x0000000085c00000|  0%| F|  |TS  2|AC  0|TAMS 0x0000000085b00000, 0x0000000085b00000|
|  54|0x0000000085c00000, 0x0000000085c00000, 0x0000000085d00000|  0%| F|  |TS  2|AC  0|TAMS 0x0000000085c00000, 0x0000000085c00000|
|  55|0x0000000085d00000, 0x0000000085d00000, 0x0000000085e00000|  0%| F|  |TS  2|AC  0|TAMS 0x0000000085d00000, 0x0000000085d00000|
|  56|0x0000000085e00000, 0x0000000085e00000, 0x0000000085f00000|  0%| F|  |TS  2|AC  0|TAMS 0x0000000085e00000, 0x0000000085e00000|
|  57|0x0000000085f00000, 0x0000000085f00000, 0x0000000086000000|  0%| F|  |TS  2|AC  0|TAMS 0x0000000085f00000, 0x0000000085f00000|
|  58|0x0000000086000000, 0x0000000086000000, 0x0000000086100000|  0%| F|  |TS  2|AC  0|TAMS 0x0000000086000000, 0x0000000086000000|
|  59|0x0000000086100000, 0x0000000086100000, 0x0000000086200000|  0%| F|  |TS  2|AC  0|TAMS 0x0000000086100000, 0x0000000086100000|
|  60|0x0000000086200000, 0x0000000086200000, 0x0000000086300000|  0%| F|  |TS  2|AC  0|TAMS 0x0000000086200000, 0x0000000086200000|
|  61|0x0000000086300000, 0x0000000086300000, 0x0000000086400000|  0%| F|  |TS  1|AC  0|TAMS 0x0000000086300000, 0x0000000086300000|
|  62|0x0000000086400000, 0x0000000086400000, 0x0000000086500000|  0%| F|  |TS  1|AC  0|TAMS 0x0000000086400000, 0x0000000086400000|
|  63|0x0000000086500000, 0x0000000086500000, 0x0000000086600000|  0%| F|  |TS  1|AC  0|TAMS 0x0000000086500000, 0x0000000086500000|
|  64|0x0000000086600000, 0x0000000086600000, 0x0000000086700000|  0%| F|  |TS  1|AC  0|TAMS 0x0000000086600000, 0x0000000086600000|
|  65|0x0000000086700000, 0x0000000086700000, 0x0000000086800000|  0%| F|  |TS  1|AC  0|TAMS 0x0000000086700000, 0x0000000086700000|
|  66|0x0000000086800000, 0x0000000086800000, 0x0000000086900000|  0%| F|  |TS  1|AC  0|TAMS 0x0000000086800000, 0x0000000086800000|
|  67|0x0000000086900000, 0x0000000086900000, 0x0000000086a00000|  0%| F|  |TS  1|AC  0|TAMS 0x0000000086900000, 0x0000000086900000|
|  68|0x0000000086a00000, 0x0000000086a00000, 0x0000000086b00000|  0%| F|  |TS  1|AC  0|TAMS 0x0000000086a00000, 0x0000000086a00000|
|  69|0x0000000086b00000, 0x0000000086b00000, 0x0000000086c00000|  0%| F|  |TS  1|AC  0|TAMS 0x0000000086b00000, 0x0000000086b00000|
|  70|0x0000000086c00000, 0x0000000086c00000, 0x0000000086d00000|  0%| F|  |TS  1|AC  0|TAMS 0x0000000086c00000, 0x0000000086c00000|
|  71|0x0000000086d00000, 0x0000000086d00000, 0x0000000086e00000|  0%| F|  |TS  1|AC  0|TAMS 0x0000000086d00000, 0x0000000086d00000|
|  72|0x0000000086e00000, 0x0000000086e00000, 0x0000000086f00000|  0%| F|  |TS  1|AC  0|TAMS 0x0000000086e00000, 0x0000000086e00000|
|  73|0x0000000086f00000, 0x0000000086f00000, 0x0000000087000000|  0%| F|  |TS  1|AC  0|TAMS 0x0000000086f00000, 0x0000000086f00000|
|  74|0x0000000087000000, 0x0000000087000000, 0x0000000087100000|  0%| F|  |TS  1|AC  0|TAMS 0x0000000087000000, 0x0000000087000000|
|  75|0x0000000087100000, 0x00000000871cd680, 0x0000000087200000| 80%| S|CS|TS  2|AC  0|TAMS 0x0000000087100000, 0x0000000087100000|
|  76|0x0000000087200000, 0x0000000087300000, 0x0000000087300000|100%| S|CS|TS  2|AC  0|TAMS 0x0000000087200000, 0x0000000087200000|
|  77|0x0000000087300000, 0x0000000087400000, 0x0000000087400000|100%| S|CS|TS  2|AC  0|TAMS 0x0000000087300000, 0x0000000087300000|
|  78|0x0000000087400000, 0x0000000087500000, 0x0000000087500000|100%| S|CS|TS  2|AC  0|TAMS 0x0000000087400000, 0x0000000087400000|
|  79|0x0000000087500000, 0x0000000087600000, 0x0000000087600000|100%| S|CS|TS  2|AC  0|TAMS 0x0000000087500000, 0x0000000087500000|
|  80|0x0000000087600000, 0x0000000087700000, 0x0000000087700000|100%| S|CS|TS  2|AC  0|TAMS 0x0000000087600000, 0x0000000087600000|
|  81|0x0000000087700000, 0x0000000087800000, 0x0000000087800000|100%| S|CS|TS  2|AC  0|TAMS 0x0000000087700000, 0x0000000087700000|
|  82|0x0000000087800000, 0x0000000087900000, 0x0000000087900000|100%| S|CS|TS  2|AC  0|TAMS 0x0000000087800000, 0x0000000087800000|
|  83|0x0000000087900000, 0x0000000087a00000, 0x0000000087a00000|100%| S|CS|TS  2|AC  0|TAMS 0x0000000087900000, 0x0000000087900000|
|  84|0x0000000087a00000, 0x0000000087b00000, 0x0000000087b00000|100%| S|CS|TS  2|AC  0|TAMS 0x0000000087a00000, 0x0000000087a00000|
|  85|0x0000000087b00000, 0x0000000087c00000, 0x0000000087c00000|100%| S|CS|TS  2|AC  0|TAMS 0x0000000087b00000, 0x0000000087b00000|
|  86|0x0000000087c00000, 0x0000000087d00000, 0x0000000087d00000|100%| S|CS|TS  2|AC  0|TAMS 0x0000000087c00000, 0x0000000087c00000|
|  87|0x0000000087d00000, 0x0000000087d00000, 0x0000000087e00000|  0%| F|  |TS  2|AC  0|TAMS 0x0000000087d00000, 0x0000000087d00000|
|  88|0x0000000087e00000, 0x0000000087e00000, 0x0000000087f00000|  0%| F|  |TS  2|AC  0|TAMS 0x0000000087e00000, 0x0000000087e00000|
|  89|0x0000000087f00000, 0x0000000087f00000, 0x0000000088000000|  0%| F|  |TS  2|AC  0|TAMS 0x0000000087f00000, 0x0000000087f00000|
|  90|0x0000000088000000, 0x0000000088000000, 0x0000000088100000|  0%| F|  |TS  2|AC  0|TAMS 0x0000000088000000, 0x0000000088000000|
|  91|0x0000000088100000, 0x0000000088100000, 0x0000000088200000|  0%| F|  |TS  2|AC  0|TAMS 0x0000000088100000, 0x0000000088100000|
|  92|0x0000000088200000, 0x0000000088200000, 0x0000000088300000|  0%| F|  |TS  2|AC  0|TAMS 0x0000000088200000, 0x0000000088200000|
|  93|0x0000000088300000, 0x0000000088300000, 0x0000000088400000|  0%| F|  |TS  2|AC  0|TAMS 0x0000000088300000, 0x0000000088300000|
|  94|0x0000000088400000, 0x0000000088400000, 0x0000000088500000|  0%| F|  |TS  2|AC  0|TAMS 0x0000000088400000, 0x0000000088400000|
|  95|0x0000000088500000, 0x0000000088580800, 0x0000000088600000| 50%| E|  |TS  2|AC  0|TAMS 0x0000000088500000, 0x0000000088500000|
|  96|0x0000000088600000, 0x0000000088700000, 0x0000000088700000|100%| E|CS|TS  2|AC  0|TAMS 0x0000000088600000, 0x0000000088600000|
|  97|0x0000000088700000, 0x0000000088800000, 0x0000000088800000|100%| E|CS|TS  2|AC  0|TAMS 0x0000000088700000, 0x0000000088700000|
|  98|0x0000000088800000, 0x0000000088900000, 0x0000000088900000|100%| E|CS|TS  2|AC  0|TAMS 0x0000000088800000, 0x0000000088800000|
|  99|0x0000000088900000, 0x0000000088a00000, 0x0000000088a00000|100%| E|CS|TS  2|AC  0|TAMS 0x0000000088900000, 0x0000000088900000|
| 100|0x0000000088a00000, 0x0000000088b00000, 0x0000000088b00000|100%| E|CS|TS  2|AC  0|TAMS 0x0000000088a00000, 0x0000000088a00000|
| 101|0x0000000088b00000, 0x0000000088c00000, 0x0000000088c00000|100%| E|CS|TS  2|AC  0|TAMS 0x0000000088b00000, 0x0000000088b00000|
| 102|0x0000000088c00000, 0x0000000088d00000, 0x0000000088d00000|100%| E|CS|TS  2|AC  0|TAMS 0x0000000088c00000, 0x0000000088c00000|
| 103|0x0000000088d00000, 0x0000000088e00000, 0x0000000088e00000|100%| E|CS|TS  2|AC  0|TAMS 0x0000000088d00000, 0x0000000088d00000|
| 104|0x0000000088e00000, 0x0000000088f00000, 0x0000000088f00000|100%| E|CS|TS  2|AC  0|TAMS 0x0000000088e00000, 0x0000000088e00000|
| 105|0x0000000088f00000, 0x0000000089000000, 0x0000000089000000|100%| E|CS|TS  2|AC  0|TAMS 0x0000000088f00000, 0x0000000088f00000|
| 106|0x0000000089000000, 0x0000000089100000, 0x0000000089100000|100%| E|CS|TS  2|AC  0|TAMS 0x0000000089000000, 0x0000000089000000|
| 107|0x0000000089100000, 0x0000000089200000, 0x0000000089200000|100%| E|CS|TS  2|AC  0|TAMS 0x0000000089100000, 0x0000000089100000|
| 108|0x0000000089200000, 0x0000000089300000, 0x0000000089300000|100%| E|CS|TS  2|AC  0|TAMS 0x0000000089200000, 0x0000000089200000|
| 109|0x0000000089300000, 0x0000000089400000, 0x0000000089400000|100%| E|CS|TS  2|AC  0|TAMS 0x0000000089300000, 0x0000000089300000|
| 110|0x0000000089400000, 0x0000000089500000, 0x0000000089500000|100%| E|CS|TS  2|AC  0|TAMS 0x0000000089400000, 0x0000000089400000|
| 111|0x0000000089500000, 0x0000000089600000, 0x0000000089600000|100%| E|CS|TS  2|AC  0|TAMS 0x0000000089500000, 0x0000000089500000|
| 112|0x0000000089600000, 0x0000000089700000, 0x0000000089700000|100%| E|CS|TS  2|AC  0|TAMS 0x0000000089600000, 0x0000000089600000|
| 113|0x0000000089700000, 0x0000000089800000, 0x0000000089800000|100%| E|CS|TS  2|AC  0|TAMS 0x0000000089700000, 0x0000000089700000|
| 114|0x0000000089800000, 0x0000000089900000, 0x0000000089900000|100%| E|CS|TS  2|AC  0|TAMS 0x0000000089800000, 0x0000000089800000|
| 115|0x0000000089900000, 0x0000000089a00000, 0x0000000089a00000|100%| E|CS|TS  2|AC  0|TAMS 0x0000000089900000, 0x0000000089900000|
| 116|0x0000000089a00000, 0x0000000089b00000, 0x0000000089b00000|100%| E|CS|TS  2|AC  0|TAMS 0x0000000089a00000, 0x0000000089a00000|
| 117|0x0000000089b00000, 0x0000000089c00000, 0x0000000089c00000|100%| E|CS|TS  2|AC  0|TAMS 0x0000000089b00000, 0x0000000089b00000|
| 118|0x0000000089c00000, 0x0000000089d00000, 0x0000000089d00000|100%| E|CS|TS  2|AC  0|TAMS 0x0000000089c00000, 0x0000000089c00000|
| 119|0x0000000089d00000, 0x0000000089e00000, 0x0000000089e00000|100%| E|CS|TS  2|AC  0|TAMS 0x0000000089d00000, 0x0000000089d00000|
| 120|0x0000000089e00000, 0x0000000089f00000, 0x0000000089f00000|100%| E|CS|TS  2|AC  0|TAMS 0x0000000089e00000, 0x0000000089e00000|
| 121|0x0000000089f00000, 0x000000008a000000, 0x000000008a000000|100%| E|CS|TS  2|AC  0|TAMS 0x0000000089f00000, 0x0000000089f00000|
| 122|0x000000008a000000, 0x000000008a100000, 0x000000008a100000|100%| E|CS|TS  2|AC  0|TAMS 0x000000008a000000, 0x000000008a000000|
| 123|0x000000008a100000, 0x000000008a200000, 0x000000008a200000|100%| E|CS|TS  2|AC  0|TAMS 0x000000008a100000, 0x000000008a100000|
| 124|0x000000008a200000, 0x000000008a300000, 0x000000008a300000|100%| E|CS|TS  2|AC  0|TAMS 0x000000008a200000, 0x000000008a200000|
| 125|0x000000008a300000, 0x000000008a400000, 0x000000008a400000|100%| E|CS|TS  2|AC  0|TAMS 0x000000008a300000, 0x000000008a300000|
| 126|0x000000008a400000, 0x000000008a500000, 0x000000008a500000|100%| E|CS|TS  2|AC  0|TAMS 0x000000008a400000, 0x000000008a400000|
| 127|0x000000008a500000, 0x000000008a600000, 0x000000008a600000|100%| E|CS|TS  2|AC  0|TAMS 0x000000008a500000, 0x000000008a500000|
| 128|0x000000008a600000, 0x000000008a700000, 0x000000008a700000|100%| E|CS|TS  2|AC  0|TAMS 0x000000008a600000, 0x000000008a600000|
| 129|0x000000008a700000, 0x000000008a800000, 0x000000008a800000|100%| E|CS|TS  2|AC  0|TAMS 0x000000008a700000, 0x000000008a700000|
| 130|0x000000008a800000, 0x000000008a900000, 0x000000008a900000|100%| E|CS|TS  2|AC  0|TAMS 0x000000008a800000, 0x000000008a800000|
| 131|0x000000008a900000, 0x000000008aa00000, 0x000000008aa00000|100%| E|CS|TS  2|AC  0|TAMS 0x000000008a900000, 0x000000008a900000|
| 132|0x000000008aa00000, 0x000000008ab00000, 0x000000008ab00000|100%| E|CS|TS  2|AC  0|TAMS 0x000000008aa00000, 0x000000008aa00000|
| 133|0x000000008ab00000, 0x000000008ac00000, 0x000000008ac00000|100%| E|CS|TS  2|AC  0|TAMS 0x000000008ab00000, 0x000000008ab00000|
| 134|0x000000008ac00000, 0x000000008ad00000, 0x000000008ad00000|100%| E|CS|TS  2|AC  0|TAMS 0x000000008ac00000, 0x000000008ac00000|
| 135|0x000000008ad00000, 0x000000008ae00000, 0x000000008ae00000|100%| E|CS|TS  2|AC  0|TAMS 0x000000008ad00000, 0x000000008ad00000|
| 136|0x000000008ae00000, 0x000000008af00000, 0x000000008af00000|100%| E|CS|TS  2|AC  0|TAMS 0x000000008ae00000, 0x000000008ae00000|
| 137|0x000000008af00000, 0x000000008b000000, 0x000000008b000000|100%| E|CS|TS  2|AC  0|TAMS 0x000000008af00000, 0x000000008af00000|
| 138|0x000000008b000000, 0x000000008b100000, 0x000000008b100000|100%| E|CS|TS  2|AC  0|TAMS 0x000000008b000000, 0x000000008b000000|
| 139|0x000000008b100000, 0x000000008b200000, 0x000000008b200000|100%| E|CS|TS  2|AC  0|TAMS 0x000000008b100000, 0x000000008b100000|
| 140|0x000000008b200000, 0x000000008b300000, 0x000000008b300000|100%| E|CS|TS  2|AC  0|TAMS 0x000000008b200000, 0x000000008b200000|
| 141|0x000000008b300000, 0x000000008b400000, 0x000000008b400000|100%| E|CS|TS  2|AC  0|TAMS 0x000000008b300000, 0x000000008b300000|
| 142|0x000000008b400000, 0x000000008b500000, 0x000000008b500000|100%| E|CS|TS  2|AC  0|TAMS 0x000000008b400000, 0x000000008b400000|
| 143|0x000000008b500000, 0x000000008b600000, 0x000000008b600000|100%| E|CS|TS  2|AC  0|TAMS 0x000000008b500000, 0x000000008b500000|
| 144|0x000000008b600000, 0x000000008b700000, 0x000000008b700000|100%| E|CS|TS  2|AC  0|TAMS 0x000000008b600000, 0x000000008b600000|
| 145|0x000000008b700000, 0x000000008b800000, 0x000000008b800000|100%| E|CS|TS  2|AC  0|TAMS 0x000000008b700000, 0x000000008b700000|
| 146|0x000000008b800000, 0x000000008b900000, 0x000000008b900000|100%| E|CS|TS  2|AC  0|TAMS 0x000000008b800000, 0x000000008b800000|
| 147|0x000000008b900000, 0x000000008ba00000, 0x000000008ba00000|100%| E|CS|TS  2|AC  0|TAMS 0x000000008b900000, 0x000000008b900000|
| 148|0x000000008ba00000, 0x000000008bb00000, 0x000000008bb00000|100%| E|CS|TS  2|AC  0|TAMS 0x000000008ba00000, 0x000000008ba00000|
| 149|0x000000008bb00000, 0x000000008bc00000, 0x000000008bc00000|100%| E|CS|TS  2|AC  0|TAMS 0x000000008bb00000, 0x000000008bb00000|
| 150|0x000000008bc00000, 0x000000008bd00000, 0x000000008bd00000|100%| E|CS|TS  2|AC  0|TAMS 0x000000008bc00000, 0x000000008bc00000|
| 151|0x000000008bd00000, 0x000000008be00000, 0x000000008be00000|100%| E|CS|TS  2|AC  0|TAMS 0x000000008bd00000, 0x000000008bd00000|
| 152|0x000000008be00000, 0x000000008bf00000, 0x000000008bf00000|100%| E|CS|TS  2|AC  0|TAMS 0x000000008be00000, 0x000000008be00000|
| 153|0x000000008bf00000, 0x000000008c000000, 0x000000008c000000|100%| E|CS|TS  2|AC  0|TAMS 0x000000008bf00000, 0x000000008bf00000|
| 154|0x000000008c000000, 0x000000008c100000, 0x000000008c100000|100%| E|CS|TS  2|AC  0|TAMS 0x000000008c000000, 0x000000008c000000|
| 155|0x000000008c100000, 0x000000008c200000, 0x000000008c200000|100%| E|CS|TS  2|AC  0|TAMS 0x000000008c100000, 0x000000008c100000|
| 156|0x000000008c200000, 0x000000008c300000, 0x000000008c300000|100%| E|CS|TS  2|AC  0|TAMS 0x000000008c200000, 0x000000008c200000|
| 157|0x000000008c300000, 0x000000008c400000, 0x000000008c400000|100%| E|CS|TS  2|AC  0|TAMS 0x000000008c300000, 0x000000008c300000|
| 158|0x000000008c400000, 0x000000008c500000, 0x000000008c500000|100%| E|CS|TS  2|AC  0|TAMS 0x000000008c400000, 0x000000008c400000|
| 159|0x000000008c500000, 0x000000008c600000, 0x000000008c600000|100%| E|CS|TS  2|AC  0|TAMS 0x000000008c500000, 0x000000008c500000|
| 160|0x000000008c600000, 0x000000008c700000, 0x000000008c700000|100%| E|CS|TS  2|AC  0|TAMS 0x000000008c600000, 0x000000008c600000|
| 161|0x000000008c700000, 0x000000008c800000, 0x000000008c800000|100%| E|CS|TS  2|AC  0|TAMS 0x000000008c700000, 0x000000008c700000|
| 162|0x000000008c800000, 0x000000008c900000, 0x000000008c900000|100%| E|CS|TS  2|AC  0|TAMS 0x000000008c800000, 0x000000008c800000|
| 163|0x000000008c900000, 0x000000008ca00000, 0x000000008ca00000|100%| E|CS|TS  2|AC  0|TAMS 0x000000008c900000, 0x000000008c900000|
| 164|0x000000008ca00000, 0x000000008cb00000, 0x000000008cb00000|100%| E|CS|TS  2|AC  0|TAMS 0x000000008ca00000, 0x000000008ca00000|
| 165|0x000000008cb00000, 0x000000008cc00000, 0x000000008cc00000|100%| E|CS|TS  2|AC  0|TAMS 0x000000008cb00000, 0x000000008cb00000|
| 166|0x000000008cc00000, 0x000000008cd00000, 0x000000008cd00000|100%| E|CS|TS  2|AC  0|TAMS 0x000000008cc00000, 0x000000008cc00000|
| 167|0x000000008cd00000, 0x000000008ce00000, 0x000000008ce00000|100%| E|CS|TS  2|AC  0|TAMS 0x000000008cd00000, 0x000000008cd00000|
| 168|0x000000008ce00000, 0x000000008cf00000, 0x000000008cf00000|100%| E|CS|TS  2|AC  0|TAMS 0x000000008ce00000, 0x000000008ce00000|
| 169|0x000000008cf00000, 0x000000008d000000, 0x000000008d000000|100%| E|CS|TS  2|AC  0|TAMS 0x000000008cf00000, 0x000000008cf00000|
| 170|0x000000008d000000, 0x000000008d100000, 0x000000008d100000|100%| E|CS|TS  2|AC  0|TAMS 0x000000008d000000, 0x000000008d000000|
| 171|0x000000008d100000, 0x000000008d200000, 0x000000008d200000|100%| E|CS|TS  2|AC  0|TAMS 0x000000008d100000, 0x000000008d100000|
| 172|0x000000008d200000, 0x000000008d300000, 0x000000008d300000|100%| E|CS|TS  2|AC  0|TAMS 0x000000008d200000, 0x000000008d200000|
| 173|0x000000008d300000, 0x000000008d400000, 0x000000008d400000|100%| E|CS|TS  2|AC  0|TAMS 0x000000008d300000, 0x000000008d300000|
| 174|0x000000008d400000, 0x000000008d500000, 0x000000008d500000|100%| E|CS|TS  2|AC  0|TAMS 0x000000008d400000, 0x000000008d400000|
| 175|0x000000008d500000, 0x000000008d600000, 0x000000008d600000|100%| E|CS|TS  2|AC  0|TAMS 0x000000008d500000, 0x000000008d500000|
| 176|0x000000008d600000, 0x000000008d700000, 0x000000008d700000|100%| E|CS|TS  2|AC  0|TAMS 0x000000008d600000, 0x000000008d600000|
| 177|0x000000008d700000, 0x000000008d800000, 0x000000008d800000|100%| E|CS|TS  2|AC  0|TAMS 0x000000008d700000, 0x000000008d700000|
| 178|0x000000008d800000, 0x000000008d900000, 0x000000008d900000|100%| E|CS|TS  2|AC  0|TAMS 0x000000008d800000, 0x000000008d800000|
| 179|0x000000008d900000, 0x000000008da00000, 0x000000008da00000|100%| E|CS|TS  2|AC  0|TAMS 0x000000008d900000, 0x000000008d900000|
| 180|0x000000008da00000, 0x000000008db00000, 0x000000008db00000|100%| E|CS|TS  2|AC  0|TAMS 0x000000008da00000, 0x000000008da00000|
| 181|0x000000008db00000, 0x000000008dc00000, 0x000000008dc00000|100%| E|CS|TS  2|AC  0|TAMS 0x000000008db00000, 0x000000008db00000|
| 182|0x000000008dc00000, 0x000000008dd00000, 0x000000008dd00000|100%| E|CS|TS  2|AC  0|TAMS 0x000000008dc00000, 0x000000008dc00000|

Card table byte_map: [0x000001de266e0000,0x000001de26ad0000] byte_map_base: 0x000001de262cd000

Marking Bits (Prev, Next): (CMBitMap*) 0x000001de0bcf9338, (CMBitMap*) 0x000001de0bcf9300
 Prev Bits: [0x000001de28e30000, 0x000001de2ad98000)
 Next Bits: [0x000001de26ec0000, 0x000001de28e28000)

Polling page: 0x000001de097d0000

CodeHeap 'non-profiled nmethods': size=238336Kb used=12973Kb max_used=12973Kb free=225362Kb
 bounds [0x000001de17700000, 0x000001de183b0000, 0x000001de25fc0000]
CodeHeap 'non-nmethods': size=7424Kb used=2958Kb max_used=2958Kb free=4465Kb
 bounds [0x000001de16fc0000, 0x000001de172b0000, 0x000001de17700000]
 total_blobs=8234 nmethods=7529 adapters=589
 compilation: enabled

Compilation events (10 events):
Event: 6.729 Thread 0x000001de2e0cf800 7549       1       java.io.FileDescriptor::access$100 (5 bytes)
Event: 6.729 Thread 0x000001de2e0c1800 nmethod 7548 0x000001de183a9a90 code [0x000001de183a9c40, 0x000001de183a9e10]
Event: 6.729 Thread 0x000001de2e0cf800 nmethod 7549 0x000001de183a9f10 code [0x000001de183aa0c0, 0x000001de183aa1b8]
Event: 6.729 Thread 0x000001de2d83d000 nmethod 7547 0x000001de183aa290 code [0x000001de183aa460, 0x000001de183aa720]
Event: 6.731 Thread 0x000001de2e0b2000 7550       1       java.lang.String::lastIndexOf (10 bytes)
Event: 6.731 Thread 0x000001de2e0c1800 7551       1       java.lang.String::lastIndexOf (18 bytes)
Event: 6.731 Thread 0x000001de2e0cf800 7552       1       java.lang.String::lastIndexOf (104 bytes)
Event: 6.731 Thread 0x000001de2e0b2000 nmethod 7550 0x000001de183aa890 code [0x000001de183aaa40, 0x000001de183aabb0]
Event: 6.731 Thread 0x000001de2e0c1800 nmethod 7551 0x000001de183aac90 code [0x000001de183aae40, 0x000001de183aafb0]
Event: 6.731 Thread 0x000001de2e0cf800 nmethod 7552 0x000001de183ab090 code [0x000001de183ab260, 0x000001de183ab470]

GC Heap History (10 events):
Event: 3.625 GC heap before
{Heap before GC invocations=8 (full 0):
 garbage-first heap   total 155648K, used 105586K [0x0000000082600000, 0x0000000100000000)
  region size 1024K, 91 young (93184K), 7 survivors (7168K)
 Metaspace       used 41837K, capacity 43030K, committed 43472K, reserved 1087488K
  class space    used 5062K, capacity 5595K, committed 5632K, reserved 1048576K
}
Event: 3.633 GC heap after
{Heap after GC invocations=9 (full 0):
 garbage-first heap   total 155648K, used 22557K [0x0000000082600000, 0x0000000100000000)
  region size 1024K, 8 young (8192K), 8 survivors (8192K)
 Metaspace       used 41837K, capacity 43030K, committed 43472K, reserved 1087488K
  class space    used 5062K, capacity 5595K, committed 5632K, reserved 1048576K
}
Event: 4.027 GC heap before
{Heap before GC invocations=9 (full 0):
 garbage-first heap   total 155648K, used 107549K [0x0000000082600000, 0x0000000100000000)
  region size 1024K, 91 young (93184K), 8 survivors (8192K)
 Metaspace       used 46296K, capacity 47666K, committed 47952K, reserved 1091584K
  class space    used 5655K, capacity 6246K, committed 6272K, reserved 1048576K
}
Event: 4.034 GC heap after
{Heap after GC invocations=10 (full 0):
 garbage-first heap   total 155648K, used 24952K [0x0000000082600000, 0x0000000100000000)
  region size 1024K, 9 young (9216K), 9 survivors (9216K)
 Metaspace       used 46296K, capacity 47666K, committed 47952K, reserved 1091584K
  class space    used 5655K, capacity 6246K, committed 6272K, reserved 1048576K
}
Event: 4.875 GC heap before
{Heap before GC invocations=10 (full 0):
 garbage-first heap   total 155648K, used 85368K [0x0000000082600000, 0x0000000100000000)
  region size 1024K, 69 young (70656K), 9 survivors (9216K)
 Metaspace       used 58388K, capacity 59982K, committed 60240K, reserved 1101824K
  class space    used 6850K, capacity 7540K, committed 7552K, reserved 1048576K
}
Event: 4.884 GC heap after
{Heap after GC invocations=11 (full 0):
 garbage-first heap   total 155648K, used 31028K [0x0000000082600000, 0x0000000100000000)
  region size 1024K, 12 young (12288K), 12 survivors (12288K)
 Metaspace       used 58388K, capacity 59982K, committed 60240K, reserved 1101824K
  class space    used 6850K, capacity 7540K, committed 7552K, reserved 1048576K
}
Event: 5.389 GC heap before
{Heap before GC invocations=12 (full 0):
 garbage-first heap   total 155648K, used 111924K [0x0000000082600000, 0x0000000100000000)
  region size 1024K, 91 young (93184K), 12 survivors (12288K)
 Metaspace       used 64664K, capacity 66512K, committed 66896K, reserved 1107968K
  class space    used 7678K, capacity 8449K, committed 8576K, reserved 1048576K
}
Event: 5.400 GC heap after
{Heap after GC invocations=13 (full 0):
 garbage-first heap   total 187392K, used 36992K [0x0000000082600000, 0x0000000100000000)
  region size 1024K, 12 young (12288K), 12 survivors (12288K)
 Metaspace       used 64664K, capacity 66512K, committed 66896K, reserved 1107968K
  class space    used 7678K, capacity 8449K, committed 8576K, reserved 1048576K
}
Event: 6.426 GC heap before
{Heap before GC invocations=13 (full 0):
 garbage-first heap   total 187392K, used 135296K [0x0000000082600000, 0x0000000100000000)
  region size 1024K, 108 young (110592K), 12 survivors (12288K)
 Metaspace       used 69474K, capacity 71571K, committed 71888K, reserved 1112064K
  class space    used 8359K, capacity 9215K, committed 9216K, reserved 1048576K
}
Event: 6.438 GC heap after
{Heap after GC invocations=14 (full 0):
 garbage-first heap   total 187392K, used 42805K [0x0000000082600000, 0x0000000100000000)
  region size 1024K, 12 young (12288K), 12 survivors (12288K)
 Metaspace       used 69474K, capacity 71571K, committed 71888K, reserved 1112064K
  class space    used 8359K, capacity 9215K, committed 9216K, reserved 1048576K
}

Deoptimization events (0 events):
No events

Classes redefined (0 events):
No events

Internal exceptions (10 events):
Event: 6.326 Thread 0x000001de2f29a800 Exception <a 'java/lang/ClassNotFoundException'{0x0000000089a830d0}: com/boot/pojo/CommentBeanInfo> (0x0000000089a830d0) thrown at [t:/workspace/open/src/hotspot/share/classfile/systemDictionary.cpp, line 233]
Event: 6.327 Thread 0x000001de2f29a800 Exception <a 'java/lang/ClassNotFoundException'{0x0000000089a95b30}: com/boot/pojo/CommentCustomizer> (0x0000000089a95b30) thrown at [t:/workspace/open/src/hotspot/share/classfile/systemDictionary.cpp, line 233]
Event: 6.559 Thread 0x000001de2f29a800 Exception <a 'java/lang/ClassNotFoundException'{0x000000008b390a30}: com/boot/pojo/linkBeanInfo> (0x000000008b390a30) thrown at [t:/workspace/open/src/hotspot/share/classfile/systemDictionary.cpp, line 233]
Event: 6.559 Thread 0x000001de2f29a800 Exception <a 'java/lang/ClassNotFoundException'{0x000000008b3a30d0}: com/boot/pojo/linkCustomizer> (0x000000008b3a30d0) thrown at [t:/workspace/open/src/hotspot/share/classfile/systemDictionary.cpp, line 233]
Event: 6.585 Thread 0x000001de2f29a800 Exception <a 'java/lang/ClassNotFoundException'{0x000000008a90f2e0}: com/boot/pojo/userBeanInfo> (0x000000008a90f2e0) thrown at [t:/workspace/open/src/hotspot/share/classfile/systemDictionary.cpp, line 233]
Event: 6.585 Thread 0x000001de2f29a800 Exception <a 'java/lang/ClassNotFoundException'{0x000000008a921980}: com/boot/pojo/userCustomizer> (0x000000008a921980) thrown at [t:/workspace/open/src/hotspot/share/classfile/systemDictionary.cpp, line 233]
Event: 6.585 Thread 0x000001de2f29a800 Exception <a 'java/lang/ClassNotFoundException'{0x000000008a947b70}: com/boot/pojo/user_authorityBeanInfo> (0x000000008a947b70) thrown at [t:/workspace/open/src/hotspot/share/classfile/systemDictionary.cpp, line 233]
Event: 6.586 Thread 0x000001de2f29a800 Exception <a 'java/lang/ClassNotFoundException'{0x000000008a95bd78}: com/boot/pojo/user_authorityCustomizer> (0x000000008a95bd78) thrown at [t:/workspace/open/src/hotspot/share/classfile/systemDictionary.cpp, line 233]
Event: 6.586 Thread 0x000001de2f29a800 Exception <a 'java/lang/ClassNotFoundException'{0x000000008a977518}: com/boot/pojo/userDetailBeanInfo> (0x000000008a977518) thrown at [t:/workspace/open/src/hotspot/share/classfile/systemDictionary.cpp, line 233]
Event: 6.587 Thread 0x000001de2f29a800 Exception <a 'java/lang/ClassNotFoundException'{0x000000008a98aca8}: com/boot/pojo/userDetailCustomizer> (0x000000008a98aca8) thrown at [t:/workspace/open/src/hotspot/share/classfile/systemDictionary.cpp, line 233]

Events (10 events):
Event: 6.730 loading class org/hyperic/sigar/SigarProxy
Event: 6.730 loading class org/hyperic/sigar/SigarProxy done
Event: 6.730 loading class org/hyperic/sigar/SigarLoader
Event: 6.730 loading class org/hyperic/sigar/SigarLoader done
Event: 6.730 loading class org/hyperic/jni/ArchLoader
Event: 6.730 loading class org/hyperic/jni/ArchLoader done
Event: 6.731 loading class org/hyperic/jni/ArchName
Event: 6.731 loading class org/hyperic/jni/ArchName done
Event: 6.735 loading class org/hyperic/sigar/CpuInfo
Event: 6.735 loading class org/hyperic/sigar/CpuInfo done


Dynamic libraries:
0x00007ff6b4550000 - 0x00007ff6b458e000 	C:\Program Files\Java\jdk-10.0.2\bin\java.exe
0x00007ffdfd880000 - 0x00007ffdfda70000 	C:\Windows\SYSTEM32\ntdll.dll
0x00007ffdfbfe0000 - 0x00007ffdfc092000 	C:\Windows\System32\KERNEL32.DLL
0x00007ffdfa9c0000 - 0x00007ffdfac65000 	C:\Windows\System32\KERNELBASE.dll
0x00007ffdfccc0000 - 0x00007ffdfcd63000 	C:\Windows\System32\ADVAPI32.dll
0x00007ffdfcc20000 - 0x00007ffdfccbe000 	C:\Windows\System32\msvcrt.dll
0x00007ffdfd440000 - 0x00007ffdfd4d7000 	C:\Windows\System32\sechost.dll
0x00007ffdfcd70000 - 0x00007ffdfce8f000 	C:\Windows\System32\RPCRT4.dll
0x00007ffdfb930000 - 0x00007ffdfbac4000 	C:\Windows\System32\USER32.dll
0x00007ffdfa890000 - 0x00007ffdfa8b1000 	C:\Windows\System32\win32u.dll
0x00007ffdfbed0000 - 0x00007ffdfbef6000 	C:\Windows\System32\GDI32.dll
0x00007ffdfaf80000 - 0x00007ffdfb118000 	C:\Windows\System32\gdi32full.dll
0x00007ffdfa7f0000 - 0x00007ffdfa88e000 	C:\Windows\System32\msvcp_win.dll
0x00007ffdfa8c0000 - 0x00007ffdfa9ba000 	C:\Windows\System32\ucrtbase.dll
0x00007ffde4e80000 - 0x00007ffde5104000 	C:\Windows\WinSxS\amd64_microsoft.windows.common-controls_6595b64144ccf1df_6.0.18362.1500_none_9e79be6de462295c\COMCTL32.dll
0x00007ffdfbad0000 - 0x00007ffdfbe06000 	C:\Windows\System32\combase.dll
0x00007ffdf3c00000 - 0x00007ffdf3c0a000 	C:\Windows\SYSTEM32\VERSION.dll
0x00007ffdfb120000 - 0x00007ffdfb1a1000 	C:\Windows\System32\bcryptPrimitives.dll
0x00007ffdfd810000 - 0x00007ffdfd83e000 	C:\Windows\System32\IMM32.DLL
0x00007ffdd0010000 - 0x00007ffdd00ff000 	C:\Program Files\Java\jdk-10.0.2\bin\msvcr120.dll
0x00007ffdce860000 - 0x00007ffdce906000 	C:\Program Files\Java\jdk-10.0.2\bin\msvcp120.dll
0x000000006c5e0000 - 0x000000006d050000 	C:\Program Files\Java\jdk-10.0.2\bin\server\jvm.dll
0x00007ffdfd4e0000 - 0x00007ffdfd4e8000 	C:\Windows\System32\PSAPI.DLL
0x00007ffdf87e0000 - 0x00007ffdf8804000 	C:\Windows\SYSTEM32\WINMM.dll
0x00007ffdf8820000 - 0x00007ffdf8829000 	C:\Windows\SYSTEM32\WSOCK32.dll
0x00007ffdfc100000 - 0x00007ffdfc16f000 	C:\Windows\System32\WS2_32.dll
0x00007ffdf87b0000 - 0x00007ffdf87dd000 	C:\Windows\SYSTEM32\winmmbase.dll
0x00007ffdfac70000 - 0x00007ffdfacba000 	C:\Windows\System32\cfgmgr32.dll
0x00007ffdf17b0000 - 0x00007ffdf17bf000 	C:\Program Files\Java\jdk-10.0.2\bin\verify.dll
0x00007ffde62f0000 - 0x00007ffde64e4000 	C:\Windows\SYSTEM32\DBGHELP.DLL
0x00007ffde5770000 - 0x00007ffde579a000 	C:\Windows\SYSTEM32\dbgcore.DLL
0x00007ffdf0110000 - 0x00007ffdf0137000 	C:\Program Files\Java\jdk-10.0.2\bin\java.dll
0x00007ffdf1560000 - 0x00007ffdf158a000 	C:\Program Files\Java\jdk-10.0.2\bin\instrument.dll
0x00007ffdf00c0000 - 0x00007ffdf00d6000 	C:\Program Files\Java\jdk-10.0.2\bin\zip.dll
0x00007ffdf00b0000 - 0x00007ffdf00ba000 	C:\Program Files\Java\jdk-10.0.2\bin\jimage.dll
0x00007ffdfc450000 - 0x00007ffdfcb38000 	C:\Windows\System32\SHELL32.dll
0x00007ffdfbe20000 - 0x00007ffdfbec7000 	C:\Windows\System32\shcore.dll
0x00007ffdfb1b0000 - 0x00007ffdfb92b000 	C:\Windows\System32\windows.storage.dll
0x00007ffdfa780000 - 0x00007ffdfa79e000 	C:\Windows\System32\profapi.dll
0x00007ffdfa7a0000 - 0x00007ffdfa7ea000 	C:\Windows\System32\powrprof.dll
0x00007ffdfa730000 - 0x00007ffdfa740000 	C:\Windows\System32\UMPDC.dll
0x00007ffdfc0a0000 - 0x00007ffdfc0f2000 	C:\Windows\System32\shlwapi.dll
0x00007ffdfa760000 - 0x00007ffdfa771000 	C:\Windows\System32\kernel.appcore.dll
0x00007ffdfaf60000 - 0x00007ffdfaf77000 	C:\Windows\System32\cryptsp.dll
0x00007ffdf0090000 - 0x00007ffdf00aa000 	C:\Program Files\Java\jdk-10.0.2\bin\net.dll
0x00007ffdece30000 - 0x00007ffdecf2a000 	C:\Windows\SYSTEM32\WINHTTP.dll
0x00007ffdf9f70000 - 0x00007ffdf9fd7000 	C:\Windows\system32\mswsock.dll
0x00007ffdf0070000 - 0x00007ffdf0081000 	C:\Program Files\Java\jdk-10.0.2\bin\nio.dll
0x00007ffdf3480000 - 0x00007ffdf349a000 	D:\idea2019\IntelliJ idea 2019.3\bin\breakgen64.dll
0x00007ffdf9cc0000 - 0x00007ffdf9d8b000 	C:\Windows\SYSTEM32\DNSAPI.dll
0x00007ffdfcc10000 - 0x00007ffdfcc18000 	C:\Windows\System32\NSI.dll
0x00007ffdf9c80000 - 0x00007ffdf9cba000 	C:\Windows\SYSTEM32\IPHLPAPI.DLL
0x00007ffde11d0000 - 0x00007ffde11da000 	C:\Windows\System32\rasadhlp.dll
0x00007ffdeb6f0000 - 0x00007ffdeb767000 	C:\Windows\System32\fwpuclnt.dll
0x00007ffdfad70000 - 0x00007ffdfad96000 	C:\Windows\System32\bcrypt.dll
0x00007ffdeffc0000 - 0x00007ffdeffc9000 	C:\Program Files\Java\jdk-10.0.2\bin\management.dll
0x00007ffdeffb0000 - 0x00007ffdeffba000 	C:\Program Files\Java\jdk-10.0.2\bin\management_ext.dll
0x00007ffdf9af0000 - 0x00007ffdf9b23000 	C:\Windows\system32\rsaenh.dll
0x00007ffdfa620000 - 0x00007ffdfa645000 	C:\Windows\SYSTEM32\USERENV.dll
0x00007ffdfa140000 - 0x00007ffdfa14c000 	C:\Windows\SYSTEM32\CRYPTBASE.dll
0x00007ffdeb640000 - 0x00007ffdeb656000 	C:\Windows\SYSTEM32\dhcpcsvc6.DLL
0x00007ffdeb620000 - 0x00007ffdeb63c000 	C:\Windows\SYSTEM32\dhcpcsvc.DLL
0x00007ffde2da0000 - 0x00007ffde2db6000 	C:\Windows\system32\napinsp.dll
0x00007ffde26a0000 - 0x00007ffde26ba000 	C:\Windows\system32\pnrpnsp.dll
0x00007ffde2690000 - 0x00007ffde269e000 	C:\Windows\System32\winrnr.dll
0x00007ffdf6e30000 - 0x00007ffdf6e4c000 	C:\Windows\system32\NLAapi.dll
0x00007ffde2590000 - 0x00007ffde25a5000 	C:\Windows\system32\wshbth.dll
0x00007ffdf1530000 - 0x00007ffdf1553000 	C:\Program Files\Java\jdk-10.0.2\bin\sunec.dll
0x00007ffdf3710000 - 0x00007ffdf371b000 	C:\Program Files\Java\jdk-10.0.2\bin\sunmscapi.dll
0x00007ffdfada0000 - 0x00007ffdfaef1000 	C:\Windows\System32\CRYPT32.dll
0x00007ffdfa740000 - 0x00007ffdfa752000 	C:\Windows\System32\MSASN1.dll
0x0000000010000000 - 0x0000000010070000 	C:\Program Files\Java\jdk-10.0.2\bin\sigar-amd64-winnt.dll
0x00007ffdfd570000 - 0x00007ffdfd6c7000 	C:\Windows\System32\ole32.dll
0x00007ffdfcb40000 - 0x00007ffdfcc05000 	C:\Windows\System32\OLEAUT32.dll
0x00007ffde5670000 - 0x00007ffde5687000 	C:\Windows\SYSTEM32\NETAPI32.dll
0x00007ffdf6910000 - 0x00007ffdf6958000 	C:\Windows\SYSTEM32\pdh.dll
0x00007ffdf9d90000 - 0x00007ffdf9d9c000 	C:\Windows\SYSTEM32\NETUTILS.DLL
0x00007ffdde740000 - 0x00007ffdde766000 	C:\Windows\SYSTEM32\SRVCLI.DLL

dbghelp: loaded successfully - version: 4.0.5 - missing functions: none
symbol engine: initialized successfully - sym options: 0x614 - pdb path: .;C:\Program Files\Java\jdk-10.0.2\bin;C:\Windows\SYSTEM32;C:\Windows\WinSxS\amd64_microsoft.windows.common-controls_6595b64144ccf1df_6.0.18362.1500_none_9e79be6de462295c;C:\Program Files\Java\jdk-10.0.2\bin\server;D:\idea2019\IntelliJ idea 2019.3\bin

VM Arguments:
jvm_args: -XX:TieredStopAtLevel=1 -Xverify:none -Dspring.output.ansi.enabled=always -Dcom.sun.management.jmxremote -Dspring.jmx.enabled=true -Dspring.liveBeansView.mbeanDomain -Dspring.application.admin.enabled=true -javaagent:D:\idea2019\IntelliJ idea 2019.3\lib\idea_rt.jar=58841:D:\idea2019\IntelliJ idea 2019.3\bin -Dfile.encoding=UTF-8 
java_command: com.boot.DemoApplication
java_class_path (initial): C:\Users\youzhengjie666\Desktop\springBootBlogDemo\springBootBlogDemo\target\classes;D:\maven-3.6.3\apache-maven-3.6.3\bin\repository\org\fusesource\sigar\1.6.4\sigar-1.6.4.jar;D:\maven-3.6.3\apache-maven-3.6.3\bin\repository\log4j\log4j\1.2.15\log4j-1.2.15.jar;D:\maven-3.6.3\apache-maven-3.6.3\bin\repository\org\jsoup\jsoup\1.11.3\jsoup-1.11.3.jar;D:\maven-3.6.3\apache-maven-3.6.3\bin\repository\eu\bitwalker\UserAgentUtils\1.20\UserAgentUtils-1.20.jar;D:\maven-3.6.3\apache-maven-3.6.3\bin\repository\io\springfox\springfox-swagger2\2.9.2\springfox-swagger2-2.9.2.jar;D:\maven-3.6.3\apache-maven-3.6.3\bin\repository\io\swagger\swagger-annotations\1.5.20\swagger-annotations-1.5.20.jar;D:\maven-3.6.3\apache-maven-3.6.3\bin\repository\io\swagger\swagger-models\1.5.20\swagger-models-1.5.20.jar;D:\maven-3.6.3\apache-maven-3.6.3\bin\repository\com\fasterxml\jackson\core\jackson-annotations\2.11.4\jackson-annotations-2.11.4.jar;D:\maven-3.6.3\apache-maven-3.6.3\bin\repository\io\springfox\springfox-spi\2.9.2\springfox-spi-2.9.2.jar;D:\maven-3.6.3\apache-maven-3.6.3\bin\repository\io\springfox\springfox-core\2.9.2\springfox-core-2.9.2.jar;D:\maven-3.6.3\apache-maven-3.6.3\bin\repository\io\springfox\springfox-schema\2.9.2\springfox-schema-2.9.2.jar;D:\maven-3.6.3\apache-maven-3.6.3\bin\repository\io\springfox\springfox-swagger-common\2.9.2\springfox-swagger-common-2.9.2.jar;D:\maven-3.6.3\apache-maven-3.6.3\bin\repository\io\springfox\springfox-spring-web\2.9.2\springfox-spring-web-2.9.2.jar;D:\maven-3.6.3\apache-maven-3.6.3\bin\repository\com\google\guava\guava\20.0\guava-20.0.jar;D:\maven-3.6.3\apache-maven-3.6.3\bin\repository\com\fasterxml\classmate\1.5.1\classmate-1.5.1.jar;D:\maven-3.6.3\apache-maven-3.6.3\bin\repository\org\slf4j\slf4j-api\1.7.30\slf4j-api-1.7.30.jar;D:\maven-3.6.3\apache-maven-3.6.3\bin\repository\org\springframework\plugin\spring-plugin-core\1.2.0.RELEASE\spring-plugin-core-1.2.0.RELEASE.jar;D:\maven-3.6.3\apache-maven-3.
Launcher Type: SUN_STANDARD

Logging:
Log output configuration:
#0: stdout all=warning uptime,level,tags
#1: stderr all=off uptime,level,tags

Environment Variables:
JAVA_HOME=C:\Program Files\Java\jdk-10.0.2
PATH=C:\Program Files (x86)\VMware\VMware Workstation\bin\;C:\Windows\system32;C:\Windows;C:\Windows\System32\Wbem;C:\Windows\System32\WindowsPowerShell\v1.0\;C:\Windows\System32\OpenSSH\;C:\Program Files (x86)\NVIDIA Corporation\PhysX\Common;C:\Program Files\Java\jdk-10.0.2\bin;C:\Program Files\NVIDIA Corporation\NVIDIA NvDLISR;C:\Program Files\Git\cmd;C:\Program Files\nodejs\;C:\Program Files\dotnet\;C:\Program Files\Microsoft SQL Server\130\Tools\Binn\;C:\Program Files\Microsoft SQL Server\Client SDK\ODBC\170\Tools\Binn\;C:\MinGW\bin;C:\Program Files (x86)\NetSarang\Xshell 7\;C:\Users\youzhengjie666\AppData\Local\Microsoft\WindowsApps;C:\Users\youzhengjie666\AppData\Local\Programs\Microsoft VS Code\bin;D:\erlang\erl-23.2\bin;C:\Users\youzhengjie666\AppData\Roaming\npm;C:\Users\youzhengjie666\.dotnet\tools;
USERNAME=youzhengjie666
OS=Windows_NT
PROCESSOR_IDENTIFIER=Intel64 Family 6 Model 158 Stepping 13, GenuineIntel



---------------  S Y S T E M  ---------------

OS: Windows 10 , 64 bit Build 18362 (10.0.18362.1500)

CPU:total 8 (initial active 8) (4 cores per cpu, 2 threads per core) family 6 model 158 stepping 13, cmov, cx8, fxsr, mmx, sse, sse2, sse3, ssse3, sse4.1, sse4.2, popcnt, avx, avx2, aes, clmul, erms, 3dnowpref, lzcnt, ht, tsc, tscinvbit, bmi1, bmi2, adx, fma

Memory: 4k page, physical 8227448k(1962304k free), swap 18911280k(5830540k free)

vm_info: Java HotSpot(TM) 64-Bit Server VM (10.0.2+13) for windows-amd64 JRE (10.0.2+13), built on Jun 28 2018 01:57:56 by "mach5one" with MS VC++ 12.0 (VS2013)

END.
